"2023-04-22 16:34:47.015 +0000" : {
  "main_scheduler" : {
    "bqs" : {
      "00040" : {
        "mmconts" : [0, 200, 201],
        "acts" : [249, 248],
        "tstate" : { "idle" : 996409, "run" : 4515, "locked" : 12, "mmap" : 13 }
      },
      "00041" : {
        "mmconts" : [0, 200, 201],
        "acts" : [49, 48],
        "tstate" : { "idle" : 990828, "run" : 7861, "locked" : 614, "mmap" : 1586 }
      },
      "00042" : {
        "mmconts" : [0, 200, 201],
        "acts" : [247, 246],
        "tstate" : { "idle" : 997215, "run" : 3613, "locked" : 7, "mmap" : 32 }
      },
      "00043" : {
        "mmconts" : [0, 200, 201],
        "acts" : [247, 246],
        "tstate" : { "idle" : 997351, "run" : 3446, "locked" : 1, "mmap" : 48 }
      },
      "00044" : {
        "mmconts" : [0, 200, 201],
        "acts" : [247, 246],
        "tstate" : { "idle" : 997692, "run" : 3122, "locked" : 5, "mmap" : 6 }
      }
    }
  },
  "benchmark_io" : {
    "simple_times" : {
      "mcount" : {
        "mcount" : { "1 -- 1" : 1, "-- 1" : 76 }
      }
    },
    "stream_method" : {
      "conns" : [77, 76],
      "in" : [14322, 14305],
      "out" : [12265, 12251],
      "mmtasks" : [0, 0, 1],
      "load" : 0.306,
      "mcount" : {
        "mcount" : { "Success" : 77 }
      },
      "http_proto0" : {
        "mcount" : {
          "mcount" : { "OK" : 77 }
        }
      },
      "source_log" : {
        "delta" : [0, 0, 759]
      },
      "loggers" : {
        "brief_logger" : {
          "records" : [77, 76],
          "out" : [3937, 3932]
        }
      }
    }
  }
},
"2023-04-22 16:34:48.015 +0000" : {
  "main_scheduler" : {
    "bqs" : {
      "00040" : {
        "mmconts" : [201, 201, 201],
        "acts" : [138, 138],
        "tstate" : { "idle" : 991868, "run" : 7586, "locked" : 0, "mmap" : 0 }
      },
      "00041" : {
        "mmconts" : [201, 201, 201],
        "acts" : [134, 134],
        "tstate" : { "idle" : 991535, "run" : 7919, "locked" : 0, "mmap" : 0 }
      },
      "00042" : {
        "mmconts" : [201, 201, 201],
        "acts" : [135, 135],
        "tstate" : { "idle" : 992979, "run" : 6474, "locked" : 0, "mmap" : 0 }
      },
      "00043" : {
        "mmconts" : [201, 201, 201],
        "acts" : [136, 136],
        "tstate" : { "idle" : 992990, "run" : 6463, "locked" : 0, "mmap" : 0 }
      },
      "00044" : {
        "mmconts" : [201, 201, 201],
        "acts" : [135, 135],
        "tstate" : { "idle" : 992843, "run" : 6609, "locked" : 0, "mmap" : 0 }
      }
    }
  },
  "benchmark_io" : {
    "simple_times" : {
      "mcount" : {
        "mcount" : { "1 -- 1" : 2, "-- 1" : 223 }
      }
    },
    "stream_method" : {
      "conns" : [226, 226],
      "in" : [41850, 41873],
      "out" : [36035, 36055],
      "mmtasks" : [0, 0, 1],
      "load" : 0.304,
      "mcount" : {
        "mcount" : { "Success" : 225 }
      },
      "http_proto0" : {
        "mcount" : {
          "mcount" : { "OK" : 225 }
        }
      },
      "source_log" : {
        "delta" : [0, 0, 0]
      },
      "loggers" : {
        "brief_logger" : {
          "records" : [225, 225],
          "out" : [11427, 11433]
        }
      }
    }
  }
},
"2023-04-22 16:34:49.015 +0000" : {
  "main_scheduler" : {
    "bqs" : {
      "00040" : {
        "mmconts" : [201, 201, 201],
        "acts" : [226, 225],
        "tstate" : { "idle" : 989870, "run" : 10747, "locked" : 0, "mmap" : 0 }
      },
      "00041" : {
        "mmconts" : [201, 201, 201],
        "acts" : [226, 225],
        "tstate" : { "idle" : 989815, "run" : 10803, "locked" : 0, "mmap" : 0 }
      },
      "00042" : {
        "mmconts" : [201, 201, 201],
        "acts" : [227, 226],
        "tstate" : { "idle" : 988553, "run" : 12065, "locked" : 0, "mmap" : 0 }
      },
      "00043" : {
        "mmconts" : [201, 201, 201],
        "acts" : [226, 225],
        "tstate" : { "idle" : 989988, "run" : 10630, "locked" : 0, "mmap" : 0 }
      },
      "00044" : {
        "mmconts" : [201, 201, 201],
        "acts" : [226, 225],
        "tstate" : { "idle" : 988388, "run" : 12231, "locked" : 0, "mmap" : 0 }
      }
    }
  },
  "benchmark_io" : {
    "simple_times" : {
      "mcount" : {
        "mcount" : { "1 -- 1" : 8, "-- 1" : 368 }
      }
    },
    "stream_method" : {
      "conns" : [376, 375],
      "in" : [69936, 69892],
      "out" : [59789, 59751],
      "mmtasks" : [0, 0, 1],
      "load" : 0.308,
      "mcount" : {
        "mcount" : { "Success" : 376 }
      },
      "http_proto0" : {
        "mcount" : {
          "mcount" : { "OK" : 376 }
        }
      },
      "source_log" : {
        "delta" : [0, 0, 0]
      },
      "loggers" : {
        "brief_logger" : {
          "records" : [376, 375],
          "out" : [19088, 19076]
        }
      }
    }
  }
},
"2023-04-22 16:34:50.015 +0000" : {
  "main_scheduler" : {
    "bqs" : {
      "00040" : {
        "mmconts" : [201, 201, 201],
        "acts" : [330, 329],
        "tstate" : { "idle" : 988646, "run" : 11564, "locked" : 0, "mmap" : 0 }
      },
      "00041" : {
        "mmconts" : [201, 201, 201],
        "acts" : [327, 326],
        "tstate" : { "idle" : 988691, "run" : 11519, "locked" : 0, "mmap" : 0 }
      },
      "00042" : {
        "mmconts" : [201, 201, 201],
        "acts" : [330, 329],
        "tstate" : { "idle" : 988503, "run" : 11707, "locked" : 0, "mmap" : 0 }
      },
      "00043" : {
        "mmconts" : [201, 201, 201],
        "acts" : [331, 330],
        "tstate" : { "idle" : 988567, "run" : 11643, "locked" : 0, "mmap" : 0 }
      },
      "00044" : {
        "mmconts" : [201, 201, 201],
        "acts" : [265, 264],
        "tstate" : { "idle" : 990278, "run" : 9932, "locked" : 0, "mmap" : 0 }
      }
    }
  },
  "benchmark_io" : {
    "simple_times" : {
      "mcount" : {
        "mcount" : { "-- 1" : 526 }
      }
    },
    "stream_method" : {
      "conns" : [526, 525],
      "in" : [97836, 97815],
      "out" : [84031, 84013],
      "mmtasks" : [0, 0, 2],
      "load" : 0.306,
      "mcount" : {
        "mcount" : { "Success" : 526 }
      },
      "http_proto0" : {
        "mcount" : {
          "mcount" : { "OK" : 526 }
        }
      },
      "source_log" : {
        "delta" : [0, 0, 0]
      },
      "loggers" : {
        "brief_logger" : {
          "records" : [526, 525],
          "out" : [26550, 26544]
        }
      }
    }
  }
},
"2023-04-22 16:34:51.015 +0000" : {
  "main_scheduler" : {
    "bqs" : {
      "00040" : {
        "mmconts" : [201, 201, 201],
        "acts" : [392, 392],
        "tstate" : { "idle" : 986620, "run" : 13212, "locked" : 0, "mmap" : 0 }
      },
      "00041" : {
        "mmconts" : [201, 201, 201],
        "acts" : [393, 393],
        "tstate" : { "idle" : 986941, "run" : 12891, "locked" : 0, "mmap" : 0 }
      },
      "00042" : {
        "mmconts" : [201, 201, 201],
        "acts" : [394, 394],
        "tstate" : { "idle" : 986783, "run" : 13049, "locked" : 0, "mmap" : 0 }
      },
      "00043" : {
        "mmconts" : [201, 201, 201],
        "acts" : [394, 394],
        "tstate" : { "idle" : 986751, "run" : 13081, "locked" : 0, "mmap" : 0 }
      },
      "00044" : {
        "mmconts" : [201, 201, 201],
        "acts" : [457, 457],
        "tstate" : { "idle" : 985213, "run" : 14619, "locked" : 0, "mmap" : 0 }
      }
    }
  },
  "benchmark_io" : {
    "simple_times" : {
      "mcount" : {
        "mcount" : { "-- 1" : 676 }
      }
    },
    "stream_method" : {
      "conns" : [675, 675],
      "in" : [125736, 125758],
      "out" : [107616, 107634],
      "mmtasks" : [0, 0, 2],
      "load" : 0.294,
      "mcount" : {
        "mcount" : { "Success" : 676 }
      },
      "http_proto0" : {
        "mcount" : {
          "mcount" : { "OK" : 676 }
        }
      },
      "source_log" : {
        "delta" : [0, 0, 0]
      },
      "loggers" : {
        "brief_logger" : {
          "records" : [676, 676],
          "out" : [34063, 34069]
        }
      }
    }
  }
},
"2023-04-22 16:34:52.015 +0000" : {
  "main_scheduler" : {
    "bqs" : {
      "00040" : {
        "mmconts" : [201, 201, 201],
        "acts" : [496, 496],
        "tstate" : { "idle" : 984100, "run" : 15354, "locked" : 0, "mmap" : 0 }
      },
      "00041" : {
        "mmconts" : [201, 201, 201],
        "acts" : [495, 495],
        "tstate" : { "idle" : 983699, "run" : 15754, "locked" : 0, "mmap" : 0 }
      },
      "00042" : {
        "mmconts" : [201, 201, 201],
        "acts" : [496, 496],
        "tstate" : { "idle" : 983798, "run" : 15655, "locked" : 0, "mmap" : 0 }
      },
      "00043" : {
        "mmconts" : [201, 201, 201],
        "acts" : [496, 496],
        "tstate" : { "idle" : 983181, "run" : 16271, "locked" : 0, "mmap" : 0 }
      },
      "00044" : {
        "mmconts" : [201, 201, 201],
        "acts" : [499, 499],
        "tstate" : { "idle" : 984300, "run" : 15152, "locked" : 0, "mmap" : 0 }
      }
    }
  },
  "benchmark_io" : {
    "simple_times" : {
      "mcount" : {
        "mcount" : { "1 -- 1" : 1, "-- 1" : 825 }
      }
    },
    "stream_method" : {
      "conns" : [826, 826],
      "in" : [153636, 153718],
      "out" : [131699, 131769],
      "mmtasks" : [0, 0, 2],
      "load" : 0.293,
      "mcount" : {
        "mcount" : { "Success" : 826 }
      },
      "http_proto0" : {
        "mcount" : {
          "mcount" : { "OK" : 826 }
        }
      },
      "source_log" : {
        "delta" : [0, 0, 0]
      },
      "loggers" : {
        "brief_logger" : {
          "records" : [826, 826],
          "out" : [41621, 41643]
        }
      }
    }
  }
},
"2023-04-22 16:34:53.015 +0000" : {
  "main_scheduler" : {
    "bqs" : {
      "00040" : {
        "mmconts" : [201, 201, 201],
        "acts" : [589, 588],
        "tstate" : { "idle" : 980392, "run" : 19918, "locked" : 0, "mmap" : 0 }
      },
      "00041" : {
        "mmconts" : [201, 201, 201],
        "acts" : [588, 587],
        "tstate" : { "idle" : 981186, "run" : 19125, "locked" : 0, "mmap" : 0 }
      },
      "00042" : {
        "mmconts" : [201, 201, 201],
        "acts" : [586, 585],
        "tstate" : { "idle" : 981319, "run" : 18992, "locked" : 0, "mmap" : 0 }
      },
      "00043" : {
        "mmconts" : [201, 201, 201],
        "acts" : [586, 585],
        "tstate" : { "idle" : 980387, "run" : 19925, "locked" : 0, "mmap" : 0 }
      },
      "00044" : {
        "mmconts" : [201, 201, 201],
        "acts" : [586, 585],
        "tstate" : { "idle" : 981671, "run" : 18641, "locked" : 0, "mmap" : 0 }
      }
    }
  },
  "benchmark_io" : {
    "simple_times" : {
      "mcount" : {
        "mcount" : { "1 -- 2" : 1, "1 -- 1" : 5, "-- 1" : 971 }
      }
    },
    "stream_method" : {
      "conns" : [977, 976],
      "in" : [181722, 181666],
      "out" : [155771, 155723],
      "mmtasks" : [0, 0, 3],
      "load" : 0.291,
      "mcount" : {
        "mcount" : { "Success" : 977 }
      },
      "http_proto0" : {
        "mcount" : {
          "mcount" : { "OK" : 977 }
        }
      },
      "source_log" : {
        "delta" : [0, 0, 0]
      },
      "loggers" : {
        "brief_logger" : {
          "records" : [977, 976],
          "out" : [49240, 49225]
        }
      }
    }
  }
},
"2023-04-22 16:34:54.015 +0000" : {
  "main_scheduler" : {
    "bqs" : {
      "00040" : {
        "mmconts" : [201, 201, 201],
        "acts" : [676, 676],
        "tstate" : { "idle" : 980171, "run" : 19412, "locked" : 0, "mmap" : 0 }
      },
      "00041" : {
        "mmconts" : [201, 201, 201],
        "acts" : [675, 675],
        "tstate" : { "idle" : 979427, "run" : 20156, "locked" : 0, "mmap" : 0 }
      },
      "00042" : {
        "mmconts" : [201, 201, 201],
        "acts" : [678, 678],
        "tstate" : { "idle" : 979341, "run" : 20243, "locked" : 0, "mmap" : 0 }
      },
      "00043" : {
        "mmconts" : [201, 201, 201],
        "acts" : [676, 676],
        "tstate" : { "idle" : 979463, "run" : 20121, "locked" : 0, "mmap" : 0 }
      },
      "00044" : {
        "mmconts" : [201, 201, 201],
        "acts" : [676, 676],
        "tstate" : { "idle" : 979666, "run" : 19918, "locked" : 0, "mmap" : 0 }
      }
    }
  },
  "benchmark_io" : {
    "simple_times" : {
      "mcount" : {
        "mcount" : { "-- 1" : 1124 }
      }
    },
    "stream_method" : {
      "conns" : [1126, 1126],
      "in" : [209250, 209336],
      "out" : [179532, 179606],
      "mmtasks" : [0, 0, 3],
      "load" : 0.290,
      "mcount" : {
        "mcount" : { "Success" : 1124 }
      },
      "http_proto0" : {
        "mcount" : {
          "mcount" : { "OK" : 1125 }
        }
      },
      "source_log" : {
        "delta" : [0, 0, 0]
      },
      "loggers" : {
        "brief_logger" : {
          "records" : [1125, 1125],
          "out" : [56567, 56590]
        }
      }
    }
  }
},
"2023-04-22 16:34:55.015 +0000" : {
  "main_scheduler" : {
    "bqs" : {
      "00040" : {
        "mmconts" : [201, 201, 201],
        "acts" : [763, 762],
        "tstate" : { "idle" : 977881, "run" : 22609, "locked" : 0, "mmap" : 0 }
      },
      "00041" : {
        "mmconts" : [201, 201, 201],
        "acts" : [765, 764],
        "tstate" : { "idle" : 977850, "run" : 22639, "locked" : 0, "mmap" : 0 }
      },
      "00042" : {
        "mmconts" : [201, 201, 201],
        "acts" : [767, 766],
        "tstate" : { "idle" : 977500, "run" : 22988, "locked" : 0, "mmap" : 0 }
      },
      "00043" : {
        "mmconts" : [201, 201, 201],
        "acts" : [767, 766],
        "tstate" : { "idle" : 977165, "run" : 23312, "locked" : 0, "mmap" : 11 }
      },
      "00044" : {
        "mmconts" : [201, 201, 201],
        "acts" : [769, 768],
        "tstate" : { "idle" : 977915, "run" : 22573, "locked" : 0, "mmap" : 0 }
      }
    }
  },
  "benchmark_io" : {
    "simple_times" : {
      "mcount" : {
        "mcount" : { "1 -- 1" : 1, "-- 1" : 1276 }
      }
    },
    "stream_method" : {
      "conns" : [1275, 1274],
      "in" : [237336, 237220],
      "out" : [203284, 203184],
      "mmtasks" : [0, 0, 3],
      "load" : 0.288,
      "mcount" : {
        "mcount" : { "Success" : 1277 }
      },
      "http_proto0" : {
        "mcount" : {
          "mcount" : { "OK" : 1276 }
        }
      },
      "source_log" : {
        "delta" : [0, 0, 0]
      },
      "loggers" : {
        "brief_logger" : {
          "records" : [1276, 1275],
          "out" : [64304, 64272]
        }
      }
    }
  }
},
"2023-04-22 16:34:56.015 +0000" : {
  "main_scheduler" : {
    "bqs" : {
      "00040" : {
        "mmconts" : [201, 201, 201],
        "acts" : [859, 858],
        "tstate" : { "idle" : 974841, "run" : 25633, "locked" : 0, "mmap" : 0 }
      },
      "00041" : {
        "mmconts" : [201, 201, 201],
        "acts" : [855, 854],
        "tstate" : { "idle" : 975043, "run" : 25431, "locked" : 0, "mmap" : 0 }
      },
      "00042" : {
        "mmconts" : [201, 201, 201],
        "acts" : [856, 855],
        "tstate" : { "idle" : 974530, "run" : 25944, "locked" : 0, "mmap" : 0 }
      },
      "00043" : {
        "mmconts" : [201, 201, 201],
        "acts" : [858, 857],
        "tstate" : { "idle" : 974523, "run" : 25870, "locked" : 0, "mmap" : 81 }
      },
      "00044" : {
        "mmconts" : [201, 201, 201],
        "acts" : [856, 855],
        "tstate" : { "idle" : 975290, "run" : 25184, "locked" : 0, "mmap" : 0 }
      }
    }
  },
  "benchmark_io" : {
    "simple_times" : {
      "mcount" : {
        "mcount" : { "-- 1" : 1427 }
      }
    },
    "stream_method" : {
      "conns" : [1427, 1426],
      "in" : [265422, 265297],
      "out" : [227522, 227415],
      "mmtasks" : [0, 0, 3],
      "load" : 0.287,
      "mcount" : {
        "mcount" : { "Success" : 1427 }
      },
      "http_proto0" : {
        "mcount" : {
          "mcount" : { "OK" : 1427 }
        }
      },
      "source_log" : {
        "delta" : [0, 0, 0]
      },
      "loggers" : {
        "brief_logger" : {
          "records" : [1427, 1426],
          "out" : [71883, 71849]
        }
      }
    }
  }
},
"2023-04-22 16:34:57.015 +0000" : {
  "main_scheduler" : {
    "bqs" : {
      "00040" : {
        "mmconts" : [201, 201, 201],
        "acts" : [944, 944],
        "tstate" : { "idle" : 967768, "run" : 31612, "locked" : 0, "mmap" : 0 }
      },
      "00041" : {
        "mmconts" : [201, 201, 201],
        "acts" : [948, 948],
        "tstate" : { "idle" : 966824, "run" : 32557, "locked" : 0, "mmap" : 0 }
      },
      "00042" : {
        "mmconts" : [201, 201, 201],
        "acts" : [946, 946],
        "tstate" : { "idle" : 966989, "run" : 32392, "locked" : 0, "mmap" : 0 }
      },
      "00043" : {
        "mmconts" : [201, 201, 201],
        "acts" : [946, 946],
        "tstate" : { "idle" : 966552, "run" : 32829, "locked" : 0, "mmap" : 0 }
      },
      "00044" : {
        "mmconts" : [201, 201, 201],
        "acts" : [945, 945],
        "tstate" : { "idle" : 966660, "run" : 32721, "locked" : 0, "mmap" : 0 }
      }
    }
  },
  "benchmark_io" : {
    "simple_times" : {
      "mcount" : {
        "mcount" : { "2 -- 4" : 1, "-- 1" : 1573 }
      }
    },
    "stream_method" : {
      "conns" : [1576, 1576],
      "in" : [292764, 292936],
      "out" : [251276, 251423],
      "mmtasks" : [0, 0, 4],
      "load" : 0.290,
      "mcount" : {
        "mcount" : { "Success" : 1574 }
      },
      "http_proto0" : {
        "mcount" : {
          "mcount" : { "OK" : 1574 }
        }
      },
      "source_log" : {
        "delta" : [0, 0, 0]
      },
      "loggers" : {
        "brief_logger" : {
          "records" : [1574, 1574],
          "out" : [79529, 79575]
        }
      }
    }
  }
},
"2023-04-22 16:34:58.015 +0000" : {
  "main_scheduler" : {
    "bqs" : {
      "00040" : {
        "mmconts" : [201, 201, 201],
        "acts" : [1038, 1038],
        "tstate" : { "idle" : 967008, "run" : 32840, "locked" : 0, "mmap" : 0 }
      },
      "00041" : {
        "mmconts" : [201, 201, 201],
        "acts" : [1034, 1034],
        "tstate" : { "idle" : 967468, "run" : 32381, "locked" : 0, "mmap" : 0 }
      },
      "00042" : {
        "mmconts" : [201, 201, 201],
        "acts" : [1036, 1036],
        "tstate" : { "idle" : 967782, "run" : 32067, "locked" : 0, "mmap" : 0 }
      },
      "00043" : {
        "mmconts" : [201, 201, 201],
        "acts" : [1039, 1039],
        "tstate" : { "idle" : 967419, "run" : 32430, "locked" : 0, "mmap" : 0 }
      },
      "00044" : {
        "mmconts" : [201, 201, 201],
        "acts" : [1037, 1037],
        "tstate" : { "idle" : 967573, "run" : 32276, "locked" : 0, "mmap" : 0 }
      }
    }
  },
  "benchmark_io" : {
    "simple_times" : {
      "mcount" : {
        "mcount" : { "-- 1" : 1727 }
      }
    },
    "stream_method" : {
      "conns" : [1726, 1726],
      "in" : [321222, 321279],
      "out" : [275192, 275241],
      "mmtasks" : [0, 0, 4],
      "load" : 0.285,
      "mcount" : {
        "mcount" : { "Success" : 1727 }
      },
      "http_proto0" : {
        "mcount" : {
          "mcount" : { "OK" : 1727 }
        }
      },
      "source_log" : {
        "delta" : [0, 0, 0]
      },
      "loggers" : {
        "brief_logger" : {
          "records" : [1727, 1727],
          "out" : [87130, 87146]
        }
      }
    }
  }
},
"2023-04-22 16:34:59.015 +0000" : {
  "main_scheduler" : {
    "bqs" : {
      "00040" : {
        "mmconts" : [201, 201, 201],
        "acts" : [1129, 1128],
        "tstate" : { "idle" : 965524, "run" : 35020, "locked" : 0, "mmap" : 110 }
      },
      "00041" : {
        "mmconts" : [201, 201, 201],
        "acts" : [1125, 1124],
        "tstate" : { "idle" : 965055, "run" : 35599, "locked" : 0, "mmap" : 0 }
      },
      "00042" : {
        "mmconts" : [201, 201, 201],
        "acts" : [1129, 1128],
        "tstate" : { "idle" : 965320, "run" : 35334, "locked" : 0, "mmap" : 0 }
      },
      "00043" : {
        "mmconts" : [201, 201, 201],
        "acts" : [1123, 1122],
        "tstate" : { "idle" : 965333, "run" : 35322, "locked" : 0, "mmap" : 0 }
      },
      "00044" : {
        "mmconts" : [201, 201, 201],
        "acts" : [1125, 1124],
        "tstate" : { "idle" : 964844, "run" : 35811, "locked" : 0, "mmap" : 0 }
      }
    }
  },
  "benchmark_io" : {
    "simple_times" : {
      "mcount" : {
        "mcount" : { "1 -- 2" : 1, "1 -- 1" : 1, "-- 1" : 1873 }
      }
    },
    "stream_method" : {
      "conns" : [1876, 1874],
      "in" : [348750, 348521],
      "out" : [299111, 298914],
      "mmtasks" : [0, 0, 4],
      "load" : 0.278,
      "mcount" : {
        "mcount" : { "Success" : 1875 }
      },
      "http_proto0" : {
        "mcount" : {
          "mcount" : { "OK" : 1876 }
        }
      },
      "source_log" : {
        "delta" : [0, 0, 0]
      },
      "loggers" : {
        "brief_logger" : {
          "records" : [1875, 1873],
          "out" : [94673, 94611]
        }
      }
    }
  }
},
"2023-04-22 16:35:00.015 +0000" : {
  "main_scheduler" : {
    "bqs" : {
      "00040" : {
        "mmconts" : [201, 201, 201],
        "acts" : [1216, 1216],
        "tstate" : { "idle" : 960512, "run" : 39013, "locked" : 0, "mmap" : 0 }
      },
      "00041" : {
        "mmconts" : [201, 201, 201],
        "acts" : [1216, 1216],
        "tstate" : { "idle" : 960437, "run" : 39091, "locked" : 0, "mmap" : 0 }
      },
      "00042" : {
        "mmconts" : [201, 201, 201],
        "acts" : [1215, 1215],
        "tstate" : { "idle" : 960980, "run" : 38549, "locked" : 0, "mmap" : 0 }
      },
      "00043" : {
        "mmconts" : [201, 201, 201],
        "acts" : [1217, 1217],
        "tstate" : { "idle" : 960248, "run" : 39279, "locked" : 0, "mmap" : 0 }
      },
      "00044" : {
        "mmconts" : [201, 201, 201],
        "acts" : [1217, 1217],
        "tstate" : { "idle" : 961927, "run" : 37600, "locked" : 0, "mmap" : 0 }
      }
    }
  },
  "benchmark_io" : {
    "simple_times" : {
      "mcount" : {
        "mcount" : { "1 -- 1" : 2, "-- 1" : 2024 }
      }
    },
    "stream_method" : {
      "conns" : [2025, 2025],
      "in" : [376836, 377015],
      "out" : [322868, 323021],
      "mmtasks" : [0, 0, 5],
      "load" : 0.276,
      "mcount" : {
        "mcount" : { "Success" : 2026 }
      },
      "http_proto0" : {
        "mcount" : {
          "mcount" : { "OK" : 2025 }
        }
      },
      "source_log" : {
        "delta" : [0, 0, 0]
      },
      "loggers" : {
        "brief_logger" : {
          "records" : [2026, 2026],
          "out" : [102397, 102445]
        }
      }
    }
  }
},
"2023-04-22 16:35:01.015 +0000" : {
  "main_scheduler" : {
    "bqs" : {
      "00040" : {
        "mmconts" : [201, 201, 201],
        "acts" : [1306, 1306],
        "tstate" : { "idle" : 963364, "run" : 36383, "locked" : 0, "mmap" : 0 }
      },
      "00041" : {
        "mmconts" : [201, 201, 201],
        "acts" : [1305, 1305],
        "tstate" : { "idle" : 963252, "run" : 36490, "locked" : 0, "mmap" : 0 }
      },
      "00042" : {
        "mmconts" : [201, 201, 201],
        "acts" : [1307, 1307],
        "tstate" : { "idle" : 962832, "run" : 36909, "locked" : 0, "mmap" : 0 }
      },
      "00043" : {
        "mmconts" : [201, 201, 201],
        "acts" : [1308, 1308],
        "tstate" : { "idle" : 962343, "run" : 37399, "locked" : 0, "mmap" : 0 }
      },
      "00044" : {
        "mmconts" : [201, 201, 201],
        "acts" : [1309, 1309],
        "tstate" : { "idle" : 963293, "run" : 36449, "locked" : 0, "mmap" : 0 }
      }
    }
  },
  "benchmark_io" : {
    "simple_times" : {
      "mcount" : {
        "mcount" : { "-- 1" : 2178 }
      }
    },
    "stream_method" : {
      "conns" : [2177, 2177],
      "in" : [405108, 405214],
      "out" : [347099, 347190],
      "mmtasks" : [0, 0, 5],
      "load" : 0.273,
      "mcount" : {
        "mcount" : { "Success" : 2178 }
      },
      "http_proto0" : {
        "mcount" : {
          "mcount" : { "OK" : 2178 }
        }
      },
      "source_log" : {
        "delta" : [0, 0, 0]
      },
      "loggers" : {
        "brief_logger" : {
          "records" : [2178, 2178],
          "out" : [109793, 109822]
        }
      }
    }
  }
},
"2023-04-22 16:35:02.015 +0000" : {
  "main_scheduler" : {
    "bqs" : {
      "00040" : {
        "mmconts" : [201, 201, 201],
        "acts" : [1411, 1410],
        "tstate" : { "idle" : 962396, "run" : 38064, "locked" : 0, "mmap" : 0 }
      },
      "00041" : {
        "mmconts" : [201, 201, 201],
        "acts" : [1413, 1412],
        "tstate" : { "idle" : 962311, "run" : 38149, "locked" : 1, "mmap" : 0 }
      },
      "00042" : {
        "mmconts" : [201, 201, 201],
        "acts" : [1411, 1410],
        "tstate" : { "idle" : 961182, "run" : 39179, "locked" : 0, "mmap" : 100 }
      },
      "00043" : {
        "mmconts" : [201, 201, 201],
        "acts" : [1409, 1408],
        "tstate" : { "idle" : 962365, "run" : 38096, "locked" : 0, "mmap" : 0 }
      },
      "00044" : {
        "mmconts" : [201, 201, 201],
        "acts" : [1336, 1335],
        "tstate" : { "idle" : 964387, "run" : 36074, "locked" : 0, "mmap" : 0 }
      }
    }
  },
  "benchmark_io" : {
    "simple_times" : {
      "mcount" : {
        "mcount" : { "-- 1" : 2325 }
      }
    },
    "stream_method" : {
      "conns" : [2325, 2323],
      "in" : [432450, 432245],
      "out" : [370694, 370518],
      "mmtasks" : [0, 0, 5],
      "load" : 0.273,
      "mcount" : {
        "mcount" : { "Success" : 2325 }
      },
      "http_proto0" : {
        "mcount" : {
          "mcount" : { "OK" : 2325 }
        }
      },
      "source_log" : {
        "delta" : [0, 0, 0]
      },
      "loggers" : {
        "brief_logger" : {
          "records" : [2325, 2323],
          "out" : [117140, 117084]
        }
      }
    }
  }
},
"2023-04-22 16:35:03.015 +0000" : {
  "main_scheduler" : {
    "bqs" : {
      "00040" : {
        "mmconts" : [201, 201, 201],
        "acts" : [1474, 1474],
        "tstate" : { "idle" : 958150, "run" : 41732, "locked" : 5, "mmap" : 0 }
      },
      "00041" : {
        "mmconts" : [201, 201, 201],
        "acts" : [1470, 1470],
        "tstate" : { "idle" : 958996, "run" : 40890, "locked" : 0, "mmap" : 0 }
      },
      "00042" : {
        "mmconts" : [201, 201, 201],
        "acts" : [1471, 1471],
        "tstate" : { "idle" : 957832, "run" : 42054, "locked" : 0, "mmap" : 0 }
      },
      "00043" : {
        "mmconts" : [201, 201, 201],
        "acts" : [1473, 1473],
        "tstate" : { "idle" : 958558, "run" : 41328, "locked" : 0, "mmap" : 0 }
      },
      "00044" : {
        "mmconts" : [201, 201, 201],
        "acts" : [1546, 1546],
        "tstate" : { "idle" : 956041, "run" : 43845, "locked" : 0, "mmap" : 0 }
      }
    }
  },
  "benchmark_io" : {
    "simple_times" : {
      "mcount" : {
        "mcount" : { "1 -- 1" : 1, "-- 1" : 2476 }
      }
    },
    "stream_method" : {
      "conns" : [2477, 2477],
      "in" : [460722, 460780],
      "out" : [394937, 394987],
      "mmtasks" : [0, 0, 5],
      "load" : 0.266,
      "mcount" : {
        "mcount" : { "Success" : 2477 }
      },
      "http_proto0" : {
        "mcount" : {
          "mcount" : { "OK" : 2477 }
        }
      },
      "source_log" : {
        "delta" : [0, 0, 0]
      },
      "loggers" : {
        "brief_logger" : {
          "records" : [2477, 2477],
          "out" : [124868, 124884]
        }
      }
    }
  }
},
"2023-04-22 16:35:04.015 +0000" : {
  "main_scheduler" : {
    "bqs" : {
      "00040" : {
        "mmconts" : [201, 201, 201],
        "acts" : [1576, 1576],
        "tstate" : { "idle" : 957456, "run" : 42441, "locked" : 0, "mmap" : 0 }
      },
      "00041" : {
        "mmconts" : [201, 201, 201],
        "acts" : [1570, 1570],
        "tstate" : { "idle" : 956504, "run" : 43382, "locked" : 0, "mmap" : 13 }
      },
      "00042" : {
        "mmconts" : [201, 201, 201],
        "acts" : [1576, 1576],
        "tstate" : { "idle" : 957241, "run" : 42658, "locked" : 0, "mmap" : 0 }
      },
      "00043" : {
        "mmconts" : [201, 201, 201],
        "acts" : [1577, 1577],
        "tstate" : { "idle" : 956919, "run" : 42980, "locked" : 0, "mmap" : 0 }
      },
      "00044" : {
        "mmconts" : [201, 201, 201],
        "acts" : [1578, 1578],
        "tstate" : { "idle" : 958323, "run" : 41576, "locked" : 0, "mmap" : 0 }
      }
    }
  },
  "benchmark_io" : {
    "simple_times" : {
      "mcount" : {
        "mcount" : { "1 -- 1" : 1, "-- 1" : 2622 }
      }
    },
    "stream_method" : {
      "conns" : [2624, 2624],
      "in" : [487878, 487923],
      "out" : [418372, 418411],
      "mmtasks" : [0, 0, 6],
      "load" : 0.265,
      "mcount" : {
        "mcount" : { "Success" : 2623 }
      },
      "http_proto0" : {
        "mcount" : {
          "mcount" : { "OK" : 2624 }
        }
      },
      "source_log" : {
        "delta" : [0, 0, 0]
      },
      "loggers" : {
        "brief_logger" : {
          "records" : [2623, 2623],
          "out" : [132179, 132191]
        }
      }
    }
  }
},
"2023-04-22 16:35:05.015 +0000" : {
  "main_scheduler" : {
    "bqs" : {
      "00040" : {
        "mmconts" : [201, 201, 201],
        "acts" : [1662, 1662],
        "tstate" : { "idle" : 953032, "run" : 46943, "locked" : 0, "mmap" : 0 }
      },
      "00041" : {
        "mmconts" : [201, 201, 201],
        "acts" : [1670, 1670],
        "tstate" : { "idle" : 951888, "run" : 46451, "locked" : 0, "mmap" : 1636 }
      },
      "00042" : {
        "mmconts" : [201, 201, 201],
        "acts" : [1669, 1669],
        "tstate" : { "idle" : 952429, "run" : 47546, "locked" : 0, "mmap" : 0 }
      },
      "00043" : {
        "mmconts" : [201, 201, 201],
        "acts" : [1664, 1664],
        "tstate" : { "idle" : 952549, "run" : 47426, "locked" : 0, "mmap" : 0 }
      },
      "00044" : {
        "mmconts" : [201, 201, 201],
        "acts" : [1664, 1664],
        "tstate" : { "idle" : 952734, "run" : 47241, "locked" : 0, "mmap" : 0 }
      }
    }
  },
  "benchmark_io" : {
    "simple_times" : {
      "mcount" : {
        "mcount" : { "6 -- 10" : 1, "1 -- 2" : 2, "1 -- 1" : 3, "-- 1" : 2769 }
      }
    },
    "stream_method" : {
      "conns" : [2775, 2775],
      "in" : [516150, 516161],
      "out" : [442445, 442454],
      "mmtasks" : [0, 0, 6],
      "load" : 0.261,
      "mcount" : {
        "mcount" : { "Success" : 2775 }
      },
      "http_proto0" : {
        "mcount" : {
          "mcount" : { "OK" : 2774 }
        }
      },
      "source_log" : {
        "delta" : [0, 0, 0]
      },
      "loggers" : {
        "brief_logger" : {
          "records" : [2775, 2775],
          "out" : [139942, 139945]
        }
      }
    }
  }
},
"2023-04-22 16:35:06.015 +0000" : {
  "main_scheduler" : {
    "bqs" : {
      "00040" : {
        "mmconts" : [201, 201, 201],
        "acts" : [1757, 1757],
        "tstate" : { "idle" : 950573, "run" : 49221, "locked" : 0, "mmap" : 0 }
      },
      "00041" : {
        "mmconts" : [201, 201, 201],
        "acts" : [1755, 1755],
        "tstate" : { "idle" : 950091, "run" : 49701, "locked" : 0, "mmap" : 0 }
      },
      "00042" : {
        "mmconts" : [201, 201, 201],
        "acts" : [1753, 1753],
        "tstate" : { "idle" : 945960, "run" : 53832, "locked" : 0, "mmap" : 0 }
      },
      "00043" : {
        "mmconts" : [201, 201, 201],
        "acts" : [1760, 1760],
        "tstate" : { "idle" : 949660, "run" : 50132, "locked" : 0, "mmap" : 0 }
      },
      "00044" : {
        "mmconts" : [201, 201, 201],
        "acts" : [1753, 1753],
        "tstate" : { "idle" : 951465, "run" : 48317, "locked" : 0, "mmap" : 10 }
      }
    }
  },
  "benchmark_io" : {
    "simple_times" : {
      "mcount" : {
        "mcount" : { "4 -- 6" : 1, "1 -- 1" : 3, "-- 1" : 2922 }
      }
    },
    "stream_method" : {
      "conns" : [2925, 2925],
      "in" : [544236, 544350],
      "out" : [466357, 466454],
      "mmtasks" : [0, 0, 6],
      "load" : 0.260,
      "mcount" : {
        "mcount" : { "Success" : 2926 }
      },
      "http_proto0" : {
        "mcount" : {
          "mcount" : { "OK" : 2926 }
        }
      },
      "source_log" : {
        "delta" : [0, 0, 0]
      },
      "loggers" : {
        "brief_logger" : {
          "records" : [2926, 2926],
          "out" : [147610, 147641]
        }
      }
    }
  }
},
"2023-04-22 16:35:07.014 +0000" : {
  "main_scheduler" : {
    "bqs" : {
      "00040" : {
        "mmconts" : [201, 201, 201],
        "acts" : [1846, 1846],
        "tstate" : { "idle" : 950686, "run" : 49047, "locked" : 0, "mmap" : 86 }
      },
      "00041" : {
        "mmconts" : [201, 201, 201],
        "acts" : [1845, 1845],
        "tstate" : { "idle" : 950967, "run" : 48852, "locked" : 0, "mmap" : 0 }
      },
      "00042" : {
        "mmconts" : [201, 201, 201],
        "acts" : [1849, 1849],
        "tstate" : { "idle" : 950245, "run" : 49574, "locked" : 0, "mmap" : 0 }
      },
      "00043" : {
        "mmconts" : [201, 201, 201],
        "acts" : [1843, 1843],
        "tstate" : { "idle" : 949042, "run" : 50777, "locked" : 0, "mmap" : 0 }
      },
      "00044" : {
        "mmconts" : [201, 201, 201],
        "acts" : [1849, 1849],
        "tstate" : { "idle" : 949685, "run" : 50133, "locked" : 0, "mmap" : 0 }
      }
    }
  },
  "benchmark_io" : {
    "simple_times" : {
      "mcount" : {
        "mcount" : { "1 -- 1" : 2, "-- 1" : 3073 }
      }
    },
    "stream_method" : {
      "conns" : [3076, 3076],
      "in" : [571950, 572051],
      "out" : [490442, 490529],
      "mmtasks" : [0, 0, 7],
      "load" : 0.257,
      "mcount" : {
        "mcount" : { "Success" : 3075 }
      },
      "http_proto0" : {
        "mcount" : {
          "mcount" : { "OK" : 3075 }
        }
      },
      "source_log" : {
        "delta" : [0, 0, 0]
      },
      "loggers" : {
        "brief_logger" : {
          "records" : [3075, 3075],
          "out" : [154978, 155005]
        }
      }
    }
  }
},
"2023-04-22 16:35:08.015 +0000" : {
  "main_scheduler" : {
    "bqs" : {
      "00040" : {
        "mmconts" : [201, 201, 201],
        "acts" : [1942, 1940],
        "tstate" : { "idle" : 948155, "run" : 52767, "locked" : 0, "mmap" : 13 }
      },
      "00041" : {
        "mmconts" : [201, 201, 201],
        "acts" : [1938, 1936],
        "tstate" : { "idle" : 947974, "run" : 52961, "locked" : 0, "mmap" : 0 }
      },
      "00042" : {
        "mmconts" : [201, 201, 201],
        "acts" : [1933, 1931],
        "tstate" : { "idle" : 948087, "run" : 52848, "locked" : 0, "mmap" : 0 }
      },
      "00043" : {
        "mmconts" : [201, 201, 201],
        "acts" : [1936, 1934],
        "tstate" : { "idle" : 947458, "run" : 53477, "locked" : 0, "mmap" : 0 }
      },
      "00044" : {
        "mmconts" : [201, 201, 201],
        "acts" : [1942, 1940],
        "tstate" : { "idle" : 948650, "run" : 52286, "locked" : 0, "mmap" : 0 }
      }
    }
  },
  "benchmark_io" : {
    "simple_times" : {
      "mcount" : {
        "mcount" : { "2 -- 4" : 2, "1 -- 2" : 3, "1 -- 1" : 5, "-- 1" : 3220 }
      }
    },
    "stream_method" : {
      "conns" : [3229, 3226],
      "in" : [600780, 600223],
      "out" : [514834, 514357],
      "mmtasks" : [0, 0, 8],
      "load" : 0.246,
      "mcount" : {
        "mcount" : { "Success" : 3230 }
      },
      "http_proto0" : {
        "mcount" : {
          "mcount" : { "OK" : 3230 }
        }
      },
      "source_log" : {
        "delta" : [0, 0, 0]
      },
      "loggers" : {
        "brief_logger" : {
          "records" : [3230, 3227],
          "out" : [162901, 162749]
        }
      }
    }
  }
},
"2023-04-22 16:35:09.015 +0000" : {
  "main_scheduler" : {
    "bqs" : {
      "00040" : {
        "mmconts" : [201, 201, 201],
        "acts" : [2023, 2023],
        "tstate" : { "idle" : 942858, "run" : 56863, "locked" : 0, "mmap" : 0 }
      },
      "00041" : {
        "mmconts" : [201, 201, 201],
        "acts" : [2022, 2022],
        "tstate" : { "idle" : 943085, "run" : 56638, "locked" : 0, "mmap" : 0 }
      },
      "00042" : {
        "mmconts" : [201, 201, 201],
        "acts" : [2035, 2035],
        "tstate" : { "idle" : 943016, "run" : 56707, "locked" : 0, "mmap" : 0 }
      },
      "00043" : {
        "mmconts" : [201, 201, 201],
        "acts" : [2028, 2028],
        "tstate" : { "idle" : 941628, "run" : 57884, "locked" : 0, "mmap" : 211 }
      },
      "00044" : {
        "mmconts" : [201, 201, 201],
        "acts" : [2020, 2020],
        "tstate" : { "idle" : 942701, "run" : 57023, "locked" : 0, "mmap" : 0 }
      }
    }
  },
  "benchmark_io" : {
    "simple_times" : {
      "mcount" : {
        "mcount" : { "1 -- 1" : 3, "-- 1" : 3371 }
      }
    },
    "stream_method" : {
      "conns" : [3374, 3374],
      "in" : [627564, 627734],
      "out" : [537949, 538094],
      "mmtasks" : [0, 0, 7],
      "load" : 0.247,
      "mcount" : {
        "mcount" : { "Success" : 3374 }
      },
      "http_proto0" : {
        "mcount" : {
          "mcount" : { "OK" : 3374 }
        }
      },
      "source_log" : {
        "delta" : [0, 0, 0]
      },
      "loggers" : {
        "brief_logger" : {
          "records" : [3374, 3374],
          "out" : [170304, 170350]
        }
      }
    }
  }
},
"2023-04-22 16:35:10.015 +0000" : {
  "main_scheduler" : {
    "bqs" : {
      "00040" : {
        "mmconts" : [201, 201, 201],
        "acts" : [2134, 2135],
        "tstate" : { "idle" : 941764, "run" : 57572, "locked" : 0, "mmap" : 170 }
      },
      "00041" : {
        "mmconts" : [201, 201, 201],
        "acts" : [2130, 2131],
        "tstate" : { "idle" : 942985, "run" : 56519, "locked" : 0, "mmap" : 0 }
      },
      "00042" : {
        "mmconts" : [201, 201, 201],
        "acts" : [2122, 2123],
        "tstate" : { "idle" : 942442, "run" : 57062, "locked" : 0, "mmap" : 0 }
      },
      "00043" : {
        "mmconts" : [201, 201, 201],
        "acts" : [2132, 2133],
        "tstate" : { "idle" : 941205, "run" : 58299, "locked" : 0, "mmap" : 0 }
      },
      "00044" : {
        "mmconts" : [201, 201, 201],
        "acts" : [2056, 2057],
        "tstate" : { "idle" : 944041, "run" : 55462, "locked" : 0, "mmap" : 0 }
      }
    }
  },
  "benchmark_io" : {
    "simple_times" : {
      "mcount" : {
        "mcount" : { "1 -- 1" : 2, "-- 1" : 3522 }
      }
    },
    "stream_method" : {
      "conns" : [3524, 3525],
      "in" : [655464, 655792],
      "out" : [561862, 562143],
      "mmtasks" : [0, 0, 8],
      "load" : 0.243,
      "mcount" : {
        "mcount" : { "Success" : 3524 }
      },
      "http_proto0" : {
        "mcount" : {
          "mcount" : { "OK" : 3524 }
        }
      },
      "source_log" : {
        "delta" : [0, 0, 0]
      },
      "loggers" : {
        "brief_logger" : {
          "records" : [3524, 3525],
          "out" : [177750, 177838]
        }
      }
    }
  }
},
"2023-04-22 16:35:11.015 +0000" : {
  "main_scheduler" : {
    "bqs" : {
      "00040" : {
        "mmconts" : [201, 201, 201],
        "acts" : [2194, 2192],
        "tstate" : { "idle" : 944679, "run" : 56005, "locked" : 0, "mmap" : 0 }
      },
      "00041" : {
        "mmconts" : [201, 201, 201],
        "acts" : [2190, 2188],
        "tstate" : { "idle" : 944086, "run" : 56598, "locked" : 0, "mmap" : 0 }
      },
      "00042" : {
        "mmconts" : [201, 201, 201],
        "acts" : [2191, 2189],
        "tstate" : { "idle" : 943082, "run" : 57603, "locked" : 0, "mmap" : 0 }
      },
      "00043" : {
        "mmconts" : [201, 201, 201],
        "acts" : [2190, 2188],
        "tstate" : { "idle" : 939315, "run" : 61370, "locked" : 0, "mmap" : 0 }
      },
      "00044" : {
        "mmconts" : [201, 201, 201],
        "acts" : [2272, 2270],
        "tstate" : { "idle" : 942235, "run" : 58450, "locked" : 0, "mmap" : 0 }
      }
    }
  },
  "benchmark_io" : {
    "simple_times" : {
      "mcount" : {
        "mcount" : { "4 -- 6" : 1, "1 -- 1" : 2, "-- 1" : 3674 }
      }
    },
    "stream_method" : {
      "conns" : [3677, 3674],
      "in" : [683922, 683449],
      "out" : [586265, 585859],
      "mmtasks" : [0, 0, 8],
      "load" : 0.247,
      "mcount" : {
        "mcount" : { "Success" : 3677 }
      },
      "http_proto0" : {
        "mcount" : {
          "mcount" : { "OK" : 3677 }
        }
      },
      "source_log" : {
        "delta" : [0, 0, 0]
      },
      "loggers" : {
        "brief_logger" : {
          "records" : [3677, 3674],
          "out" : [185339, 185210]
        }
      }
    }
  }
},
"2023-04-22 16:35:12.015 +0000" : {
  "main_scheduler" : {
    "bqs" : {
      "00040" : {
        "mmconts" : [201, 201, 201],
        "acts" : [2275, 2274],
        "tstate" : { "idle" : 812623, "run" : 187496, "locked" : 0, "mmap" : 0 }
      },
      "00041" : {
        "mmconts" : [201, 201, 201],
        "acts" : [2340, 2339],
        "tstate" : { "idle" : 806860, "run" : 193039, "locked" : 220, "mmap" : 0 }
      },
      "00042" : {
        "mmconts" : [201, 201, 201],
        "acts" : [2314, 2313],
        "tstate" : { "idle" : 805936, "run" : 194020, "locked" : 0, "mmap" : 162 }
      },
      "00043" : {
        "mmconts" : [201, 201, 201],
        "acts" : [2237, 2236],
        "tstate" : { "idle" : 806959, "run" : 193159, "locked" : 0, "mmap" : 0 }
      },
      "00044" : {
        "mmconts" : [201, 201, 201],
        "acts" : [2320, 2319],
        "tstate" : { "idle" : 808462, "run" : 191656, "locked" : 0, "mmap" : 0 }
      }
    }
  },
  "benchmark_io" : {
    "simple_times" : {
      "mcount" : {
        "mcount" : { "104 -- 167" : 164, "65 -- 104" : 585, "41 -- 65" : 121, "25 -- 41" : 62, "16 -- 25" : 12, "10 -- 16" : 24, "6 -- 10" : 17, "4 -- 6" : 8, "2 -- 4" : 10, "1 -- 2" : 18, "1 -- 1" : 12, "-- 1" : 2795 }
      }
    },
    "stream_method" : {
      "conns" : [3828, 3827],
      "in" : [712008, 711920],
      "out" : [610338, 610262],
      "mmtasks" : [0, 80, 559],
      "load" : 0.011,
      "mcount" : {
        "mcount" : { "Success" : 3828 }
      },
      "http_proto0" : {
        "mcount" : {
          "mcount" : { "OK" : 3828 }
        }
      },
      "source_log" : {
        "delta" : [0, 0, 0]
      },
      "loggers" : {
        "brief_logger" : {
          "records" : [3828, 3827],
          "out" : [201105, 201080]
        }
      }
    }
  }
},
"2023-04-22 16:35:13.015 +0000" : {
  "main_scheduler" : {
    "bqs" : {
      "00040" : {
        "mmconts" : [201, 201, 201],
        "acts" : [2386, 2387],
        "tstate" : { "idle" : 939988, "run" : 59306, "locked" : 260, "mmap" : 0 }
      },
      "00041" : {
        "mmconts" : [201, 201, 201],
        "acts" : [2391, 2392],
        "tstate" : { "idle" : 938045, "run" : 61510, "locked" : 0, "mmap" : 0 }
      },
      "00042" : {
        "mmconts" : [201, 201, 201],
        "acts" : [2371, 2372],
        "tstate" : { "idle" : 938689, "run" : 60866, "locked" : 0, "mmap" : 0 }
      },
      "00043" : {
        "mmconts" : [201, 201, 201],
        "acts" : [2387, 2388],
        "tstate" : { "idle" : 939938, "run" : 59617, "locked" : 0, "mmap" : 0 }
      },
      "00044" : {
        "mmconts" : [201, 201, 201],
        "acts" : [2386, 2387],
        "tstate" : { "idle" : 935564, "run" : 63939, "locked" : 0, "mmap" : 52 }
      }
    }
  },
  "benchmark_io" : {
    "simple_times" : {
      "mcount" : {
        "mcount" : { "1 -- 1" : 9, "-- 1" : 3962 }
      }
    },
    "stream_method" : {
      "conns" : [3971, 3972],
      "in" : [738606, 738940],
      "out" : [633135, 633421],
      "mmtasks" : [0, 1, 8],
      "load" : 0.203,
      "mcount" : {
        "mcount" : { "Success" : 3971 }
      },
      "http_proto0" : {
        "mcount" : {
          "mcount" : { "OK" : 3971 }
        }
      },
      "source_log" : {
        "delta" : [0, 0, 0]
      },
      "loggers" : {
        "brief_logger" : {
          "records" : [3971, 3972],
          "out" : [200493, 200583]
        }
      }
    }
  }
},
"2023-04-22 16:35:14.014 +0000" : {
  "main_scheduler" : {
    "bqs" : {
      "00040" : {
        "mmconts" : [201, 201, 201],
        "acts" : [2488, 2489],
        "tstate" : { "idle" : 932360, "run" : 66695, "locked" : 458, "mmap" : 0 }
      },
      "00041" : {
        "mmconts" : [201, 201, 201],
        "acts" : [2448, 2449],
        "tstate" : { "idle" : 932513, "run" : 67006, "locked" : 0, "mmap" : 0 }
      },
      "00042" : {
        "mmconts" : [201, 201, 201],
        "acts" : [2476, 2477],
        "tstate" : { "idle" : 932751, "run" : 66770, "locked" : 0, "mmap" : 0 }
      },
      "00043" : {
        "mmconts" : [201, 201, 201],
        "acts" : [2502, 2503],
        "tstate" : { "idle" : 931394, "run" : 68127, "locked" : 0, "mmap" : 0 }
      },
      "00044" : {
        "mmconts" : [201, 201, 201],
        "acts" : [2464, 2465],
        "tstate" : { "idle" : 931238, "run" : 68098, "locked" : 0, "mmap" : 185 }
      }
    }
  },
  "benchmark_io" : {
    "simple_times" : {
      "mcount" : {
        "mcount" : { "1 -- 1" : 20, "-- 1" : 4104 }
      }
    },
    "stream_method" : {
      "conns" : [4127, 4128],
      "in" : [767064, 767393],
      "out" : [658004, 658287],
      "mmtasks" : [0, 1, 11],
      "load" : 0.201,
      "mcount" : {
        "mcount" : { "Success" : 4124 }
      },
      "http_proto0" : {
        "mcount" : {
          "mcount" : { "OK" : 4124 }
        }
      },
      "source_log" : {
        "delta" : [0, 0, 0]
      },
      "loggers" : {
        "brief_logger" : {
          "records" : [4124, 4125],
          "out" : [208763, 208849]
        }
      }
    }
  }
},
"2023-04-22 16:35:15.015 +0000" : {
  "main_scheduler" : {
    "bqs" : {
      "00040" : {
        "mmconts" : [201, 201, 201],
        "acts" : [2569, 2566],
        "tstate" : { "idle" : 934446, "run" : 66357, "locked" : 0, "mmap" : 0 }
      },
      "00041" : {
        "mmconts" : [201, 201, 201],
        "acts" : [2553, 2550],
        "tstate" : { "idle" : 934022, "run" : 66734, "locked" : 41, "mmap" : 0 }
      },
      "00042" : {
        "mmconts" : [201, 201, 201],
        "acts" : [2554, 2551],
        "tstate" : { "idle" : 932105, "run" : 68555, "locked" : 0, "mmap" : 136 }
      },
      "00043" : {
        "mmconts" : [201, 201, 201],
        "acts" : [2604, 2601],
        "tstate" : { "idle" : 931891, "run" : 68905, "locked" : 0, "mmap" : 0 }
      },
      "00044" : {
        "mmconts" : [201, 201, 201],
        "acts" : [2560, 2557],
        "tstate" : { "idle" : 933105, "run" : 67690, "locked" : 0, "mmap" : 0 }
      }
    }
  },
  "benchmark_io" : {
    "simple_times" : {
      "mcount" : {
        "mcount" : { "4 -- 6" : 1, "2 -- 4" : 4, "1 -- 2" : 10, "1 -- 1" : 35, "-- 1" : 4230 }
      }
    },
    "stream_method" : {
      "conns" : [4277, 4273],
      "in" : [796080, 795486],
      "out" : [681930, 681421],
      "mmtasks" : [0, 1, 12],
      "load" : 0.197,
      "mcount" : {
        "mcount" : { "Success" : 4280 }
      },
      "http_proto0" : {
        "mcount" : {
          "mcount" : { "OK" : 4280 }
        }
      },
      "source_log" : {
        "delta" : [0, 0, 0]
      },
      "loggers" : {
        "brief_logger" : {
          "records" : [4280, 4276],
          "out" : [216217, 216058]
        }
      }
    }
  }
},
"2023-04-22 16:35:16.015 +0000" : {
  "main_scheduler" : {
    "bqs" : {
      "00040" : {
        "mmconts" : [201, 201, 201],
        "acts" : [2602, 2603],
        "tstate" : { "idle" : 933139, "run" : 66027, "locked" : 41, "mmap" : 145 }
      },
      "00041" : {
        "mmconts" : [201, 201, 201],
        "acts" : [2718, 2719],
        "tstate" : { "idle" : 929306, "run" : 70034, "locked" : 0, "mmap" : 12 }
      },
      "00042" : {
        "mmconts" : [201, 201, 201],
        "acts" : [2596, 2597],
        "tstate" : { "idle" : 930306, "run" : 69045, "locked" : 0, "mmap" : 0 }
      },
      "00043" : {
        "mmconts" : [201, 201, 201],
        "acts" : [2630, 2631],
        "tstate" : { "idle" : 927158, "run" : 71843, "locked" : 350, "mmap" : 0 }
      },
      "00044" : {
        "mmconts" : [201, 201, 201],
        "acts" : [2731, 2732],
        "tstate" : { "idle" : 926568, "run" : 72783, "locked" : 0, "mmap" : 0 }
      }
    }
  },
  "benchmark_io" : {
    "simple_times" : {
      "mcount" : {
        "mcount" : { "2 -- 4" : 5, "1 -- 2" : 10, "1 -- 1" : 31, "-- 1" : 4379 }
      }
    },
    "stream_method" : {
      "conns" : [4425, 4427],
      "in" : [823050, 823586],
      "out" : [705523, 705982],
      "mmtasks" : [0, 1, 13],
      "load" : 0.198,
      "mcount" : {
        "mcount" : { "Success" : 4425 }
      },
      "http_proto0" : {
        "mcount" : {
          "mcount" : { "OK" : 4425 }
        }
      },
      "source_log" : {
        "delta" : [0, 0, 0]
      },
      "loggers" : {
        "brief_logger" : {
          "records" : [4425, 4427],
          "out" : [223544, 223690]
        }
      }
    }
  }
},
"2023-04-22 16:35:17.015 +0000" : {
  "main_scheduler" : {
    "bqs" : {
      "00040" : {
        "mmconts" : [201, 201, 201],
        "acts" : [2800, 2798],
        "tstate" : { "idle" : 928151, "run" : 72246, "locked" : 0, "mmap" : 0 }
      },
      "00041" : {
        "mmconts" : [201, 201, 201],
        "acts" : [2682, 2680],
        "tstate" : { "idle" : 930897, "run" : 69499, "locked" : 0, "mmap" : 0 }
      },
      "00042" : {
        "mmconts" : [201, 201, 201],
        "acts" : [2801, 2799],
        "tstate" : { "idle" : 926565, "run" : 73832, "locked" : 0, "mmap" : 0 }
      },
      "00043" : {
        "mmconts" : [201, 201, 201],
        "acts" : [2770, 2768],
        "tstate" : { "idle" : 928148, "run" : 72249, "locked" : 0, "mmap" : 0 }
      },
      "00044" : {
        "mmconts" : [201, 201, 201],
        "acts" : [2671, 2669],
        "tstate" : { "idle" : 928025, "run" : 72372, "locked" : 0, "mmap" : 0 }
      }
    }
  },
  "benchmark_io" : {
    "simple_times" : {
      "mcount" : {
        "mcount" : { "1 -- 2" : 4, "1 -- 1" : 35, "-- 1" : 4534 }
      }
    },
    "stream_method" : {
      "conns" : [4573, 4571],
      "in" : [850578, 850233],
      "out" : [729118, 728822],
      "mmtasks" : [0, 1, 12],
      "load" : 0.197,
      "mcount" : {
        "mcount" : { "Success" : 4573 }
      },
      "http_proto0" : {
        "mcount" : {
          "mcount" : { "OK" : 4573 }
        }
      },
      "source_log" : {
        "delta" : [0, 0, 0]
      },
      "loggers" : {
        "brief_logger" : {
          "records" : [4573, 4571],
          "out" : [231069, 230975]
        }
      }
    }
  }
},
"2023-04-22 16:35:18.015 +0000" : {
  "main_scheduler" : {
    "bqs" : {
      "00040" : {
        "mmconts" : [201, 201, 201],
        "acts" : [2839, 2839],
        "tstate" : { "idle" : 926822, "run" : 73091, "locked" : 1, "mmap" : 0 }
      },
      "00041" : {
        "mmconts" : [201, 201, 201],
        "acts" : [2847, 2847],
        "tstate" : { "idle" : 920812, "run" : 78941, "locked" : 0, "mmap" : 161 }
      },
      "00042" : {
        "mmconts" : [201, 201, 201],
        "acts" : [2865, 2865],
        "tstate" : { "idle" : 924482, "run" : 75431, "locked" : 0, "mmap" : 0 }
      },
      "00043" : {
        "mmconts" : [201, 201, 201],
        "acts" : [2799, 2799],
        "tstate" : { "idle" : 927330, "run" : 72583, "locked" : 0, "mmap" : 0 }
      },
      "00044" : {
        "mmconts" : [201, 201, 201],
        "acts" : [2842, 2842],
        "tstate" : { "idle" : 926583, "run" : 73268, "locked" : 63, "mmap" : 0 }
      }
    }
  },
  "benchmark_io" : {
    "simple_times" : {
      "mcount" : {
        "mcount" : { "4 -- 6" : 1, "1 -- 2" : 4, "1 -- 1" : 17, "-- 1" : 4707 }
      }
    },
    "stream_method" : {
      "conns" : [4729, 4729],
      "in" : [879594, 879680],
      "out" : [753987, 754060],
      "mmtasks" : [0, 1, 10],
      "load" : 0.196,
      "mcount" : {
        "mcount" : { "Success" : 4729 }
      },
      "http_proto0" : {
        "mcount" : {
          "mcount" : { "OK" : 4729 }
        }
      },
      "source_log" : {
        "delta" : [0, 0, 0]
      },
      "loggers" : {
        "brief_logger" : {
          "records" : [4729, 4729],
          "out" : [238928, 238951]
        }
      }
    }
  }
},
"2023-04-22 16:35:19.015 +0000" : {
  "main_scheduler" : {
    "bqs" : {
      "00040" : {
        "mmconts" : [201, 201, 201],
        "acts" : [2908, 2908],
        "tstate" : { "idle" : 923964, "run" : 75888, "locked" : 0, "mmap" : 0 }
      },
      "00041" : {
        "mmconts" : [201, 201, 201],
        "acts" : [2954, 2954],
        "tstate" : { "idle" : 921654, "run" : 78200, "locked" : 0, "mmap" : 0 }
      },
      "00042" : {
        "mmconts" : [201, 201, 201],
        "acts" : [2920, 2920],
        "tstate" : { "idle" : 922878, "run" : 76880, "locked" : 0, "mmap" : 97 }
      },
      "00043" : {
        "mmconts" : [201, 201, 201],
        "acts" : [2904, 2904],
        "tstate" : { "idle" : 923803, "run" : 76052, "locked" : 0, "mmap" : 0 }
      },
      "00044" : {
        "mmconts" : [201, 201, 201],
        "acts" : [2938, 2938],
        "tstate" : { "idle" : 922513, "run" : 77342, "locked" : 0, "mmap" : 0 }
      }
    }
  },
  "benchmark_io" : {
    "simple_times" : {
      "mcount" : {
        "mcount" : { "2 -- 4" : 4, "1 -- 2" : 3, "1 -- 1" : 33, "-- 1" : 4833 }
      }
    },
    "stream_method" : {
      "conns" : [4874, 4874],
      "in" : [906378, 906495],
      "out" : [777114, 777215],
      "mmtasks" : [0, 1, 14],
      "load" : 0.193,
      "mcount" : {
        "mcount" : { "Success" : 4873 }
      },
      "http_proto0" : {
        "mcount" : {
          "mcount" : { "OK" : 4873 }
        }
      },
      "source_log" : {
        "delta" : [0, 0, 0]
      },
      "loggers" : {
        "brief_logger" : {
          "records" : [4873, 4873],
          "out" : [246289, 246320]
        }
      }
    }
  }
},
"2023-04-22 16:35:20.015 +0000" : {
  "main_scheduler" : {
    "bqs" : {
      "00040" : {
        "mmconts" : [201, 201, 201],
        "acts" : [3018, 3018],
        "tstate" : { "idle" : 915343, "run" : 84006, "locked" : 425, "mmap" : 0 }
      },
      "00041" : {
        "mmconts" : [201, 201, 201],
        "acts" : [3004, 3004],
        "tstate" : { "idle" : 916404, "run" : 83255, "locked" : 0, "mmap" : 113 }
      },
      "00042" : {
        "mmconts" : [201, 201, 201],
        "acts" : [3025, 3025],
        "tstate" : { "idle" : 916711, "run" : 83061, "locked" : 0, "mmap" : 0 }
      },
      "00043" : {
        "mmconts" : [201, 201, 201],
        "acts" : [3012, 3012],
        "tstate" : { "idle" : 916370, "run" : 83017, "locked" : 384, "mmap" : 0 }
      },
      "00044" : {
        "mmconts" : [201, 201, 201],
        "acts" : [3016, 3016],
        "tstate" : { "idle" : 914100, "run" : 85502, "locked" : 169, "mmap" : 0 }
      }
    }
  },
  "benchmark_io" : {
    "simple_times" : {
      "mcount" : {
        "mcount" : { "4 -- 6" : 1, "2 -- 4" : 7, "1 -- 2" : 14, "1 -- 1" : 67, "-- 1" : 4935 }
      }
    },
    "stream_method" : {
      "conns" : [5024, 5025],
      "in" : [934464, 934689],
      "out" : [801029, 801222],
      "mmtasks" : [0, 1, 21],
      "load" : 0.178,
      "mcount" : {
        "mcount" : { "Success" : 5024 }
      },
      "http_proto0" : {
        "mcount" : {
          "mcount" : { "OK" : 5024 }
        }
      },
      "source_log" : {
        "delta" : [0, 0, 0]
      },
      "loggers" : {
        "brief_logger" : {
          "records" : [5024, 5025],
          "out" : [254857, 254919]
        }
      }
    }
  }
},
"2023-04-22 16:35:21.015 +0000" : {
  "main_scheduler" : {
    "bqs" : {
      "00040" : {
        "mmconts" : [201, 201, 201],
        "acts" : [3128, 3127],
        "tstate" : { "idle" : 918941, "run" : 81020, "locked" : 7, "mmap" : 98 }
      },
      "00041" : {
        "mmconts" : [201, 201, 201],
        "acts" : [3072, 3071],
        "tstate" : { "idle" : 920132, "run" : 79935, "locked" : 0, "mmap" : 0 }
      },
      "00042" : {
        "mmconts" : [201, 201, 201],
        "acts" : [3085, 3084],
        "tstate" : { "idle" : 921269, "run" : 78797, "locked" : 0, "mmap" : 0 }
      },
      "00043" : {
        "mmconts" : [201, 201, 201],
        "acts" : [3165, 3164],
        "tstate" : { "idle" : 918256, "run" : 81810, "locked" : 1, "mmap" : 0 }
      },
      "00044" : {
        "mmconts" : [201, 201, 201],
        "acts" : [3082, 3081],
        "tstate" : { "idle" : 918215, "run" : 81596, "locked" : 256, "mmap" : 0 }
      }
    }
  },
  "benchmark_io" : {
    "simple_times" : {
      "mcount" : {
        "mcount" : { "1 -- 2" : 16, "1 -- 1" : 45, "-- 1" : 5115 }
      }
    },
    "stream_method" : {
      "conns" : [5175, 5174],
      "in" : [962736, 962671],
      "out" : [825101, 825045],
      "mmtasks" : [0, 1, 18],
      "load" : 0.183,
      "mcount" : {
        "mcount" : { "Success" : 5176 }
      },
      "http_proto0" : {
        "mcount" : {
          "mcount" : { "OK" : 5176 }
        }
      },
      "source_log" : {
        "delta" : [0, 0, 0]
      },
      "loggers" : {
        "brief_logger" : {
          "records" : [5176, 5175],
          "out" : [261765, 261747]
        }
      }
    }
  }
},
"2023-04-22 16:35:22.015 +0000" : {
  "main_scheduler" : {
    "bqs" : {
      "00040" : {
        "mmconts" : [201, 201, 201],
        "acts" : [3199, 3199],
        "tstate" : { "idle" : 914361, "run" : 85254, "locked" : 245, "mmap" : 0 }
      },
      "00041" : {
        "mmconts" : [201, 201, 201],
        "acts" : [3198, 3198],
        "tstate" : { "idle" : 916724, "run" : 83137, "locked" : 0, "mmap" : 0 }
      },
      "00042" : {
        "mmconts" : [201, 201, 201],
        "acts" : [3187, 3187],
        "tstate" : { "idle" : 916915, "run" : 82946, "locked" : 1, "mmap" : 0 }
      },
      "00043" : {
        "mmconts" : [201, 201, 201],
        "acts" : [3213, 3213],
        "tstate" : { "idle" : 917561, "run" : 82288, "locked" : 0, "mmap" : 13 }
      },
      "00044" : {
        "mmconts" : [201, 201, 201],
        "acts" : [3184, 3184],
        "tstate" : { "idle" : 916578, "run" : 83287, "locked" : 0, "mmap" : 0 }
      }
    }
  },
  "benchmark_io" : {
    "simple_times" : {
      "mcount" : {
        "mcount" : { "4 -- 6" : 3, "2 -- 4" : 6, "1 -- 2" : 18, "1 -- 1" : 73, "-- 1" : 5224 }
      }
    },
    "stream_method" : {
      "conns" : [5326, 5326],
      "in" : [990264, 990394],
      "out" : [849173, 849284],
      "mmtasks" : [0, 1, 27],
      "load" : 0.177,
      "mcount" : {
        "mcount" : { "Success" : 5324 }
      },
      "http_proto0" : {
        "mcount" : {
          "mcount" : { "OK" : 5324 }
        }
      },
      "source_log" : {
        "delta" : [0, 0, 0]
      },
      "loggers" : {
        "brief_logger" : {
          "records" : [5324, 5324],
          "out" : [269399, 269434]
        }
      }
    }
  }
},
"2023-04-22 16:35:23.016 +0000" : {
  "main_scheduler" : {
    "bqs" : {
      "00040" : {
        "mmconts" : [201, 201, 201],
        "acts" : [3272, 3268],
        "tstate" : { "idle" : 918055, "run" : 82968, "locked" : 0, "mmap" : 0 }
      },
      "00041" : {
        "mmconts" : [201, 201, 201],
        "acts" : [3327, 3323],
        "tstate" : { "idle" : 914416, "run" : 86543, "locked" : 64, "mmap" : 0 }
      },
      "00042" : {
        "mmconts" : [201, 201, 201],
        "acts" : [3316, 3312],
        "tstate" : { "idle" : 914677, "run" : 86345, "locked" : 0, "mmap" : 0 }
      },
      "00043" : {
        "mmconts" : [201, 201, 201],
        "acts" : [3210, 3206],
        "tstate" : { "idle" : 915652, "run" : 85239, "locked" : 0, "mmap" : 131 }
      },
      "00044" : {
        "mmconts" : [201, 201, 201],
        "acts" : [3325, 3321],
        "tstate" : { "idle" : 911913, "run" : 89106, "locked" : 0, "mmap" : 0 }
      }
    }
  },
  "benchmark_io" : {
    "simple_times" : {
      "mcount" : {
        "mcount" : { "1 -- 2" : 5, "1 -- 1" : 41, "-- 1" : 5437 }
      }
    },
    "stream_method" : {
      "conns" : [5483, 5477],
      "in" : [1019838, 1018800],
      "out" : [874214, 873325],
      "mmtasks" : [0, 1, 11],
      "load" : 0.186,
      "mcount" : {
        "mcount" : { "Success" : 5483 }
      },
      "http_proto0" : {
        "mcount" : {
          "mcount" : { "OK" : 5483 }
        }
      },
      "source_log" : {
        "delta" : [0, 0, 0]
      },
      "loggers" : {
        "brief_logger" : {
          "records" : [5483, 5477],
          "out" : [277240, 276957]
        }
      }
    }
  }
},
"2023-04-22 16:35:24.015 +0000" : {
  "main_scheduler" : {
    "bqs" : {
      "00040" : {
        "mmconts" : [201, 201, 201],
        "acts" : [3396, 3399],
        "tstate" : { "idle" : 908688, "run" : 90328, "locked" : 0, "mmap" : 0 }
      },
      "00041" : {
        "mmconts" : [201, 201, 201],
        "acts" : [3342, 3345],
        "tstate" : { "idle" : 907840, "run" : 91072, "locked" : 0, "mmap" : 105 }
      },
      "00042" : {
        "mmconts" : [201, 201, 201],
        "acts" : [3349, 3352],
        "tstate" : { "idle" : 908262, "run" : 90755, "locked" : 0, "mmap" : 0 }
      },
      "00043" : {
        "mmconts" : [201, 201, 201],
        "acts" : [3451, 3454],
        "tstate" : { "idle" : 906630, "run" : 92271, "locked" : 116, "mmap" : 0 }
      },
      "00044" : {
        "mmconts" : [201, 201, 201],
        "acts" : [3327, 3330],
        "tstate" : { "idle" : 909960, "run" : 88931, "locked" : 127, "mmap" : 0 }
      }
    }
  },
  "benchmark_io" : {
    "simple_times" : {
      "mcount" : {
        "mcount" : { "1 -- 2" : 6, "1 -- 1" : 75, "-- 1" : 5538 }
      }
    },
    "stream_method" : {
      "conns" : [5621, 5626],
      "in" : [1045320, 1046334],
      "out" : [896214, 897084],
      "mmtasks" : [0, 1, 13],
      "load" : 0.180,
      "mcount" : {
        "mcount" : { "Success" : 5619 }
      },
      "http_proto0" : {
        "mcount" : {
          "mcount" : { "OK" : 5620 }
        }
      },
      "source_log" : {
        "delta" : [0, 0, 0]
      },
      "loggers" : {
        "brief_logger" : {
          "records" : [5620, 5625],
          "out" : [284380, 284655]
        }
      }
    }
  }
},
"2023-04-22 16:35:25.015 +0000" : {
  "main_scheduler" : {
    "bqs" : {
      "00040" : {
        "mmconts" : [201, 201, 201],
        "acts" : [3445, 3442],
        "tstate" : { "idle" : 909149, "run" : 91390, "locked" : 41, "mmap" : 101 }
      },
      "00041" : {
        "mmconts" : [201, 201, 201],
        "acts" : [3459, 3456],
        "tstate" : { "idle" : 911737, "run" : 88943, "locked" : 0, "mmap" : 0 }
      },
      "00042" : {
        "mmconts" : [201, 201, 201],
        "acts" : [3487, 3484],
        "tstate" : { "idle" : 907881, "run" : 92466, "locked" : 333, "mmap" : 0 }
      },
      "00043" : {
        "mmconts" : [201, 201, 201],
        "acts" : [3460, 3457],
        "tstate" : { "idle" : 908706, "run" : 91975, "locked" : 0, "mmap" : 0 }
      },
      "00044" : {
        "mmconts" : [201, 201, 201],
        "acts" : [3485, 3482],
        "tstate" : { "idle" : 907755, "run" : 92925, "locked" : 0, "mmap" : 0 }
      }
    }
  },
  "benchmark_io" : {
    "simple_times" : {
      "mcount" : {
        "mcount" : { "1 -- 2" : 20, "1 -- 1" : 64, "-- 1" : 5696 }
      }
    },
    "stream_method" : {
      "conns" : [5776, 5772],
      "in" : [1074894, 1074178],
      "out" : [920925, 920311],
      "mmtasks" : [0, 1, 17],
      "load" : 0.178,
      "mcount" : {
        "mcount" : { "Success" : 5780 }
      },
      "http_proto0" : {
        "mcount" : {
          "mcount" : { "OK" : 5779 }
        }
      },
      "source_log" : {
        "delta" : [0, 0, 0]
      },
      "loggers" : {
        "brief_logger" : {
          "records" : [5779, 5775],
          "out" : [292668, 292473]
        }
      }
    }
  }
},
"2023-04-22 16:35:26.015 +0000" : {
  "main_scheduler" : {
    "bqs" : {
      "00040" : {
        "mmconts" : [201, 201, 201],
        "acts" : [3544, 3543],
        "tstate" : { "idle" : 908854, "run" : 91164, "locked" : 35, "mmap" : 0 }
      },
      "00041" : {
        "mmconts" : [201, 201, 201],
        "acts" : [3555, 3554],
        "tstate" : { "idle" : 902397, "run" : 97175, "locked" : 479, "mmap" : 0 }
      },
      "00042" : {
        "mmconts" : [201, 201, 201],
        "acts" : [3556, 3555],
        "tstate" : { "idle" : 905922, "run" : 93948, "locked" : 0, "mmap" : 182 }
      },
      "00043" : {
        "mmconts" : [201, 201, 201],
        "acts" : [3589, 3588],
        "tstate" : { "idle" : 904931, "run" : 95089, "locked" : 31, "mmap" : 0 }
      },
      "00044" : {
        "mmconts" : [201, 201, 201],
        "acts" : [3541, 3540],
        "tstate" : { "idle" : 901610, "run" : 98372, "locked" : 69, "mmap" : 0 }
      }
    }
  },
  "benchmark_io" : {
    "simple_times" : {
      "mcount" : {
        "mcount" : { "2 -- 4" : 2, "1 -- 2" : 18, "1 -- 1" : 97, "-- 1" : 5810 }
      }
    },
    "stream_method" : {
      "conns" : [5927, 5926],
      "in" : [1102422, 1102360],
      "out" : [944995, 944943],
      "mmtasks" : [0, 2, 16],
      "load" : 0.177,
      "mcount" : {
        "mcount" : { "Success" : 5927 }
      },
      "http_proto0" : {
        "mcount" : {
          "mcount" : { "OK" : 5927 }
        }
      },
      "source_log" : {
        "delta" : [0, 0, 0]
      },
      "loggers" : {
        "brief_logger" : {
          "records" : [5927, 5926],
          "out" : [300110, 300093]
        }
      }
    }
  }
},
"2023-04-22 16:35:27.015 +0000" : {
  "main_scheduler" : {
    "bqs" : {
      "00040" : {
        "mmconts" : [201, 201, 201],
        "acts" : [3666, 3667],
        "tstate" : { "idle" : 905538, "run" : 94107, "locked" : 4, "mmap" : 0 }
      },
      "00041" : {
        "mmconts" : [201, 201, 201],
        "acts" : [3647, 3648],
        "tstate" : { "idle" : 902079, "run" : 97464, "locked" : 34, "mmap" : 74 }
      },
      "00042" : {
        "mmconts" : [201, 201, 201],
        "acts" : [3642, 3643],
        "tstate" : { "idle" : 903746, "run" : 95902, "locked" : 3, "mmap" : 0 }
      },
      "00043" : {
        "mmconts" : [201, 201, 201],
        "acts" : [3613, 3614],
        "tstate" : { "idle" : 904809, "run" : 94818, "locked" : 24, "mmap" : 0 }
      },
      "00044" : {
        "mmconts" : [201, 201, 201],
        "acts" : [3661, 3662],
        "tstate" : { "idle" : 900254, "run" : 99302, "locked" : 83, "mmap" : 12 }
      }
    }
  },
  "benchmark_io" : {
    "simple_times" : {
      "mcount" : {
        "mcount" : { "2 -- 4" : 3, "1 -- 2" : 20, "1 -- 1" : 83, "-- 1" : 5967 }
      }
    },
    "stream_method" : {
      "conns" : [6076, 6078],
      "in" : [1129764, 1130159],
      "out" : [968762, 969101],
      "mmtasks" : [0, 2, 16],
      "load" : 0.179,
      "mcount" : {
        "mcount" : { "Success" : 6074 }
      },
      "http_proto0" : {
        "mcount" : {
          "mcount" : { "OK" : 6074 }
        }
      },
      "source_log" : {
        "delta" : [0, 0, 0]
      },
      "loggers" : {
        "brief_logger" : {
          "records" : [6074, 6076],
          "out" : [307374, 307481]
        }
      }
    }
  }
},
"2023-04-22 16:35:28.014 +0000" : {
  "main_scheduler" : {
    "bqs" : {
      "00040" : {
        "mmconts" : [201, 201, 201],
        "acts" : [3756, 3757],
        "tstate" : { "idle" : 902880, "run" : 96410, "locked" : 10, "mmap" : 230 }
      },
      "00041" : {
        "mmconts" : [201, 201, 201],
        "acts" : [3736, 3737],
        "tstate" : { "idle" : 901264, "run" : 98266, "locked" : 0, "mmap" : 0 }
      },
      "00042" : {
        "mmconts" : [201, 201, 201],
        "acts" : [3719, 3720],
        "tstate" : { "idle" : 901919, "run" : 97611, "locked" : 0, "mmap" : 0 }
      },
      "00043" : {
        "mmconts" : [201, 201, 201],
        "acts" : [3743, 3744],
        "tstate" : { "idle" : 902446, "run" : 97084, "locked" : 0, "mmap" : 0 }
      },
      "00044" : {
        "mmconts" : [201, 201, 201],
        "acts" : [3712, 3713],
        "tstate" : { "idle" : 902683, "run" : 96835, "locked" : 0, "mmap" : 12 }
      }
    }
  },
  "benchmark_io" : {
    "simple_times" : {
      "mcount" : {
        "mcount" : { "4 -- 6" : 5, "2 -- 4" : 23, "1 -- 2" : 23, "1 -- 1" : 78, "-- 1" : 6089 }
      }
    },
    "stream_method" : {
      "conns" : [6222, 6224],
      "in" : [1156548, 1157090],
      "out" : [992037, 992502],
      "mmtasks" : [0, 2, 30],
      "load" : 0.166,
      "mcount" : {
        "mcount" : { "Success" : 6218 }
      },
      "http_proto0" : {
        "mcount" : {
          "mcount" : { "OK" : 6218 }
        }
      },
      "source_log" : {
        "delta" : [0, 0, 0]
      },
      "loggers" : {
        "brief_logger" : {
          "records" : [6218, 6220],
          "out" : [314950, 315097]
        }
      }
    }
  }
},
"2023-04-22 16:35:29.015 +0000" : {
  "main_scheduler" : {
    "bqs" : {
      "00040" : {
        "mmconts" : [201, 201, 201],
        "acts" : [3801, 3798],
        "tstate" : { "idle" : 903302, "run" : 97452, "locked" : 0, "mmap" : 0 }
      },
      "00041" : {
        "mmconts" : [201, 201, 201],
        "acts" : [3855, 3852],
        "tstate" : { "idle" : 897941, "run" : 102812, "locked" : 0, "mmap" : 0 }
      },
      "00042" : {
        "mmconts" : [201, 201, 201],
        "acts" : [3849, 3846],
        "tstate" : { "idle" : 897627, "run" : 103005, "locked" : 2, "mmap" : 119 }
      },
      "00043" : {
        "mmconts" : [201, 201, 201],
        "acts" : [3753, 3750],
        "tstate" : { "idle" : 898406, "run" : 102347, "locked" : 0, "mmap" : 0 }
      },
      "00044" : {
        "mmconts" : [201, 201, 201],
        "acts" : [3886, 3883],
        "tstate" : { "idle" : 892913, "run" : 107839, "locked" : 1, "mmap" : 0 }
      }
    }
  },
  "benchmark_io" : {
    "simple_times" : {
      "mcount" : {
        "mcount" : { "6 -- 10" : 2, "4 -- 6" : 26, "2 -- 4" : 16, "1 -- 2" : 43, "1 -- 1" : 86, "-- 1" : 6211 }
      }
    },
    "stream_method" : {
      "conns" : [6378, 6373],
      "in" : [1187238, 1186328],
      "out" : [1016908, 1016128],
      "mmtasks" : [0, 2, 41],
      "load" : 0.158,
      "mcount" : {
        "mcount" : { "Success" : 6383 }
      },
      "http_proto0" : {
        "mcount" : {
          "mcount" : { "OK" : 6383 }
        }
      },
      "source_log" : {
        "delta" : [0, 0, 0]
      },
      "loggers" : {
        "brief_logger" : {
          "records" : [6383, 6378],
          "out" : [323670, 323422]
        }
      }
    }
  }
},
"2023-04-22 16:35:30.015 +0000" : {
  "main_scheduler" : {
    "bqs" : {
      "00040" : {
        "mmconts" : [201, 201, 201],
        "acts" : [3934, 3935],
        "tstate" : { "idle" : 899029, "run" : 100518, "locked" : 43, "mmap" : 0 }
      },
      "00041" : {
        "mmconts" : [201, 201, 201],
        "acts" : [3876, 3877],
        "tstate" : { "idle" : 899321, "run" : 100270, "locked" : 0, "mmap" : 0 }
      },
      "00042" : {
        "mmconts" : [201, 201, 201],
        "acts" : [3893, 3894],
        "tstate" : { "idle" : 894863, "run" : 104655, "locked" : 73, "mmap" : 0 }
      },
      "00043" : {
        "mmconts" : [201, 201, 201],
        "acts" : [3991, 3992],
        "tstate" : { "idle" : 895862, "run" : 103602, "locked" : 30, "mmap" : 97 }
      },
      "00044" : {
        "mmconts" : [201, 201, 201],
        "acts" : [3882, 3883],
        "tstate" : { "idle" : 898408, "run" : 101183, "locked" : 0, "mmap" : 0 }
      }
    }
  },
  "benchmark_io" : {
    "simple_times" : {
      "mcount" : {
        "mcount" : { "4 -- 6" : 1, "2 -- 4" : 2, "1 -- 2" : 13, "1 -- 1" : 84, "-- 1" : 6423 }
      }
    },
    "stream_method" : {
      "conns" : [6523, 6525],
      "in" : [1213278, 1213798],
      "out" : [1040022, 1040467],
      "mmtasks" : [0, 2, 13],
      "load" : 0.170,
      "mcount" : {
        "mcount" : { "Success" : 6523 }
      },
      "http_proto0" : {
        "mcount" : {
          "mcount" : { "OK" : 6523 }
        }
      },
      "source_log" : {
        "delta" : [0, 0, 0]
      },
      "loggers" : {
        "brief_logger" : {
          "records" : [6523, 6525],
          "out" : [330185, 330326]
        }
      }
    }
  }
},
"2023-04-22 16:35:31.015 +0000" : {
  "main_scheduler" : {
    "bqs" : {
      "00040" : {
        "mmconts" : [201, 201, 201],
        "acts" : [3994, 3992],
        "tstate" : { "idle" : 898760, "run" : 101482, "locked" : 0, "mmap" : 75 }
      },
      "00041" : {
        "mmconts" : [201, 201, 201],
        "acts" : [4020, 4018],
        "tstate" : { "idle" : 891320, "run" : 108994, "locked" : 2, "mmap" : 0 }
      },
      "00042" : {
        "mmconts" : [201, 201, 201],
        "acts" : [4006, 4004],
        "tstate" : { "idle" : 894117, "run" : 106051, "locked" : 146, "mmap" : 0 }
      },
      "00043" : {
        "mmconts" : [201, 201, 201],
        "acts" : [3994, 3992],
        "tstate" : { "idle" : 892759, "run" : 107555, "locked" : 0, "mmap" : 0 }
      },
      "00044" : {
        "mmconts" : [201, 201, 201],
        "acts" : [4010, 4008],
        "tstate" : { "idle" : 895364, "run" : 104938, "locked" : 1, "mmap" : 11 }
      }
    }
  },
  "benchmark_io" : {
    "simple_times" : {
      "mcount" : {
        "mcount" : { "4 -- 6" : 3, "2 -- 4" : 12, "1 -- 2" : 15, "1 -- 1" : 95, "-- 1" : 6550 }
      }
    },
    "stream_method" : {
      "conns" : [6674, 6671],
      "in" : [1241550, 1241157],
      "out" : [1064107, 1063771],
      "mmtasks" : [0, 2, 21],
      "load" : 0.169,
      "mcount" : {
        "mcount" : { "Success" : 6675 }
      },
      "http_proto0" : {
        "mcount" : {
          "mcount" : { "OK" : 6675 }
        }
      },
      "source_log" : {
        "delta" : [0, 0, 0]
      },
      "loggers" : {
        "brief_logger" : {
          "records" : [6675, 6672],
          "out" : [338360, 338254]
        }
      }
    }
  }
},
"2023-04-22 16:35:32.015 +0000" : {
  "main_scheduler" : {
    "bqs" : {
      "00040" : {
        "mmconts" : [201, 201, 201],
        "acts" : [4090, 4092],
        "tstate" : { "idle" : 890408, "run" : 108737, "locked" : 248, "mmap" : 0 }
      },
      "00041" : {
        "mmconts" : [201, 201, 201],
        "acts" : [4110, 4112],
        "tstate" : { "idle" : 886968, "run" : 112407, "locked" : 7, "mmap" : 13 }
      },
      "00042" : {
        "mmconts" : [201, 201, 201],
        "acts" : [4135, 4137],
        "tstate" : { "idle" : 887836, "run" : 110870, "locked" : 565, "mmap" : 130 }
      },
      "00043" : {
        "mmconts" : [201, 201, 201],
        "acts" : [4020, 4022],
        "tstate" : { "idle" : 887791, "run" : 111591, "locked" : 20, "mmap" : 0 }
      },
      "00044" : {
        "mmconts" : [201, 201, 201],
        "acts" : [4122, 4124],
        "tstate" : { "idle" : 884248, "run" : 115027, "locked" : 127, "mmap" : 0 }
      }
    }
  },
  "benchmark_io" : {
    "simple_times" : {
      "mcount" : {
        "mcount" : { "2 -- 4" : 6, "1 -- 2" : 49, "1 -- 1" : 165, "-- 1" : 6603 }
      }
    },
    "stream_method" : {
      "conns" : [6825, 6829],
      "in" : [1269078, 1269833],
      "out" : [1088179, 1088826],
      "mmtasks" : [0, 2, 21],
      "load" : 0.160,
      "mcount" : {
        "mcount" : { "Success" : 6823 }
      },
      "http_proto0" : {
        "mcount" : {
          "mcount" : { "OK" : 6823 }
        }
      },
      "source_log" : {
        "delta" : [0, 0, 0]
      },
      "loggers" : {
        "brief_logger" : {
          "records" : [6823, 6826],
          "out" : [346446, 346648]
        }
      }
    }
  }
},
"2023-04-22 16:35:33.015 +0000" : {
  "main_scheduler" : {
    "bqs" : {
      "00040" : {
        "mmconts" : [201, 201, 201],
        "acts" : [4183, 4180],
        "tstate" : { "idle" : 885196, "run" : 115163, "locked" : 246, "mmap" : 0 }
      },
      "00041" : {
        "mmconts" : [201, 201, 201],
        "acts" : [4200, 4197],
        "tstate" : { "idle" : 887077, "run" : 113413, "locked" : 0, "mmap" : 114 }
      },
      "00042" : {
        "mmconts" : [201, 201, 201],
        "acts" : [4174, 4171],
        "tstate" : { "idle" : 886826, "run" : 113751, "locked" : 22, "mmap" : 0 }
      },
      "00043" : {
        "mmconts" : [201, 201, 201],
        "acts" : [4199, 4196],
        "tstate" : { "idle" : 881553, "run" : 118899, "locked" : 0, "mmap" : 146 }
      },
      "00044" : {
        "mmconts" : [201, 201, 201],
        "acts" : [4190, 4187],
        "tstate" : { "idle" : 879684, "run" : 120909, "locked" : 5, "mmap" : 0 }
      }
    }
  },
  "benchmark_io" : {
    "simple_times" : {
      "mcount" : {
        "mcount" : { "2 -- 4" : 14, "1 -- 2" : 60, "1 -- 1" : 193, "-- 1" : 6715 }
      }
    },
    "stream_method" : {
      "conns" : [6980, 6975],
      "in" : [1298652, 1297875],
      "out" : [1112890, 1112224],
      "mmtasks" : [0, 3, 21],
      "load" : 0.153,
      "mcount" : {
        "mcount" : { "Success" : 6982 }
      },
      "http_proto0" : {
        "mcount" : {
          "mcount" : { "OK" : 6982 }
        }
      },
      "source_log" : {
        "delta" : [0, 0, 0]
      },
      "loggers" : {
        "brief_logger" : {
          "records" : [6982, 6977],
          "out" : [355277, 355068]
        }
      }
    }
  }
},
"2023-04-22 16:35:34.015 +0000" : {
  "main_scheduler" : {
    "bqs" : {
      "00040" : {
        "mmconts" : [201, 201, 201],
        "acts" : [4300, 4301],
        "tstate" : { "idle" : 884013, "run" : 115676, "locked" : 0, "mmap" : 0 }
      },
      "00041" : {
        "mmconts" : [201, 201, 201],
        "acts" : [4248, 4249],
        "tstate" : { "idle" : 880569, "run" : 119119, "locked" : 0, "mmap" : 0 }
      },
      "00042" : {
        "mmconts" : [201, 201, 201],
        "acts" : [4276, 4277],
        "tstate" : { "idle" : 883471, "run" : 116030, "locked" : 0, "mmap" : 187 }
      },
      "00043" : {
        "mmconts" : [201, 201, 201],
        "acts" : [4297, 4298],
        "tstate" : { "idle" : 883306, "run" : 116039, "locked" : 344, "mmap" : 0 }
      },
      "00044" : {
        "mmconts" : [201, 201, 201],
        "acts" : [4249, 4250],
        "tstate" : { "idle" : 885642, "run" : 113707, "locked" : 340, "mmap" : 0 }
      }
    }
  },
  "benchmark_io" : {
    "simple_times" : {
      "mcount" : {
        "mcount" : { "6 -- 10" : 1, "4 -- 6" : 10, "2 -- 4" : 13, "1 -- 2" : 38, "1 -- 1" : 158, "-- 1" : 6900 }
      }
    },
    "stream_method" : {
      "conns" : [7120, 7122],
      "in" : [1324320, 1324724],
      "out" : [1135208, 1135554],
      "mmtasks" : [0, 2, 36],
      "load" : 0.157,
      "mcount" : {
        "mcount" : { "Success" : 7120 }
      },
      "http_proto0" : {
        "mcount" : {
          "mcount" : { "OK" : 7120 }
        }
      },
      "source_log" : {
        "delta" : [0, 0, 0]
      },
      "loggers" : {
        "brief_logger" : {
          "records" : [7120, 7122],
          "out" : [361321, 361431]
        }
      }
    }
  }
},
"2023-04-22 16:35:35.015 +0000" : {
  "main_scheduler" : {
    "bqs" : {
      "00040" : {
        "mmconts" : [201, 201, 201],
        "acts" : [4339, 4337],
        "tstate" : { "idle" : 881378, "run" : 118859, "locked" : 0, "mmap" : 0 }
      },
      "00041" : {
        "mmconts" : [201, 201, 201],
        "acts" : [4362, 4360],
        "tstate" : { "idle" : 879530, "run" : 120644, "locked" : 64, "mmap" : 0 }
      },
      "00042" : {
        "mmconts" : [201, 201, 201],
        "acts" : [4362, 4360],
        "tstate" : { "idle" : 883848, "run" : 116277, "locked" : 1, "mmap" : 113 }
      },
      "00043" : {
        "mmconts" : [201, 201, 201],
        "acts" : [4408, 4406],
        "tstate" : { "idle" : 879046, "run" : 120936, "locked" : 256, "mmap" : 0 }
      },
      "00044" : {
        "mmconts" : [201, 201, 201],
        "acts" : [4363, 4361],
        "tstate" : { "idle" : 878990, "run" : 120722, "locked" : 526, "mmap" : 0 }
      }
    }
  },
  "benchmark_io" : {
    "simple_times" : {
      "mcount" : {
        "mcount" : { "6 -- 10" : 1, "4 -- 6" : 5, "2 -- 4" : 8, "1 -- 2" : 46, "1 -- 1" : 136, "-- 1" : 7080 }
      }
    },
    "stream_method" : {
      "conns" : [7281, 7279],
      "in" : [1353336, 1353009],
      "out" : [1160888, 1160608],
      "mmtasks" : [0, 2, 20],
      "load" : 0.156,
      "mcount" : {
        "mcount" : { "Success" : 7276 }
      },
      "http_proto0" : {
        "mcount" : {
          "mcount" : { "OK" : 7276 }
        }
      },
      "source_log" : {
        "delta" : [0, 0, 0]
      },
      "loggers" : {
        "brief_logger" : {
          "records" : [7276, 7274],
          "out" : [369466, 369376]
        }
      }
    }
  }
},
"2023-04-22 16:35:36.015 +0000" : {
  "main_scheduler" : {
    "bqs" : {
      "00040" : {
        "mmconts" : [201, 201, 201],
        "acts" : [4414, 4416],
        "tstate" : { "idle" : 873689, "run" : 125856, "locked" : 0, "mmap" : 0 }
      },
      "00041" : {
        "mmconts" : [201, 201, 201],
        "acts" : [4521, 4523],
        "tstate" : { "idle" : 871147, "run" : 127906, "locked" : 490, "mmap" : 0 }
      },
      "00042" : {
        "mmconts" : [201, 201, 201],
        "acts" : [4382, 4384],
        "tstate" : { "idle" : 880383, "run" : 119159, "locked" : 0, "mmap" : 0 }
      },
      "00043" : {
        "mmconts" : [201, 201, 201],
        "acts" : [4432, 4434],
        "tstate" : { "idle" : 874852, "run" : 124173, "locked" : 517, "mmap" : 0 }
      },
      "00044" : {
        "mmconts" : [201, 201, 201],
        "acts" : [4516, 4518],
        "tstate" : { "idle" : 862923, "run" : 136396, "locked" : 36, "mmap" : 187 }
      }
    }
  },
  "benchmark_io" : {
    "simple_times" : {
      "mcount" : {
        "mcount" : { "4 -- 6" : 1, "2 -- 4" : 30, "1 -- 2" : 52, "1 -- 1" : 238, "-- 1" : 7102 }
      }
    },
    "stream_method" : {
      "conns" : [7418, 7421],
      "in" : [1380678, 1381321],
      "out" : [1182727, 1183278],
      "mmtasks" : [0, 3, 28],
      "load" : 0.151,
      "mcount" : {
        "mcount" : { "Success" : 7423 }
      },
      "http_proto0" : {
        "mcount" : {
          "mcount" : { "OK" : 7423 }
        }
      },
      "source_log" : {
        "delta" : [0, 0, 0]
      },
      "loggers" : {
        "brief_logger" : {
          "records" : [7423, 7426],
          "out" : [377378, 377554]
        }
      }
    }
  }
},
"2023-04-22 16:35:37.015 +0000" : {
  "main_scheduler" : {
    "bqs" : {
      "00040" : {
        "mmconts" : [201, 201, 201],
        "acts" : [4573, 4570],
        "tstate" : { "idle" : 871984, "run" : 128406, "locked" : 220, "mmap" : 0 }
      },
      "00041" : {
        "mmconts" : [201, 201, 201],
        "acts" : [4482, 4479],
        "tstate" : { "idle" : 876287, "run" : 124030, "locked" : 295, "mmap" : 0 }
      },
      "00042" : {
        "mmconts" : [201, 201, 201],
        "acts" : [4612, 4609],
        "tstate" : { "idle" : 873081, "run" : 126997, "locked" : 534, "mmap" : 0 }
      },
      "00043" : {
        "mmconts" : [201, 201, 201],
        "acts" : [4577, 4574],
        "tstate" : { "idle" : 876104, "run" : 124488, "locked" : 20, "mmap" : 0 }
      },
      "00044" : {
        "mmconts" : [201, 201, 201],
        "acts" : [4489, 4486],
        "tstate" : { "idle" : 876236, "run" : 124254, "locked" : 0, "mmap" : 122 }
      }
    }
  },
  "benchmark_io" : {
    "simple_times" : {
      "mcount" : {
        "mcount" : { "6 -- 10" : 1, "4 -- 6" : 2, "2 -- 4" : 55, "1 -- 2" : 93, "1 -- 1" : 221, "-- 1" : 7204 }
      }
    },
    "stream_method" : {
      "conns" : [7576, 7571],
      "in" : [1409136, 1408279],
      "out" : [1207916, 1207182],
      "mmtasks" : [0, 3, 27],
      "load" : 0.142,
      "mcount" : {
        "mcount" : { "Success" : 7576 }
      },
      "http_proto0" : {
        "mcount" : {
          "mcount" : { "OK" : 7576 }
        }
      },
      "source_log" : {
        "delta" : [0, 0, 0]
      },
      "loggers" : {
        "brief_logger" : {
          "records" : [7576, 7571],
          "out" : [385448, 385213]
        }
      }
    }
  }
},
"2023-04-22 16:35:38.015 +0000" : {
  "main_scheduler" : {
    "bqs" : {
      "00040" : {
        "mmconts" : [201, 201, 201],
        "acts" : [4675, 4677],
        "tstate" : { "idle" : 865917, "run" : 132944, "locked" : 552, "mmap" : 0 }
      },
      "00041" : {
        "mmconts" : [201, 201, 201],
        "acts" : [4632, 4634],
        "tstate" : { "idle" : 846752, "run" : 152661, "locked" : 0, "mmap" : 0 }
      },
      "00042" : {
        "mmconts" : [201, 201, 201],
        "acts" : [4648, 4650],
        "tstate" : { "idle" : 856780, "run" : 142544, "locked" : 2, "mmap" : 88 }
      },
      "00043" : {
        "mmconts" : [201, 201, 201],
        "acts" : [4589, 4591],
        "tstate" : { "idle" : 856583, "run" : 142536, "locked" : 0, "mmap" : 295 }
      },
      "00044" : {
        "mmconts" : [201, 201, 201],
        "acts" : [4631, 4633],
        "tstate" : { "idle" : 868432, "run" : 130982, "locked" : 0, "mmap" : 0 }
      }
    }
  },
  "benchmark_io" : {
    "simple_times" : {
      "mcount" : {
        "mcount" : { "16 -- 25" : 14, "10 -- 16" : 55, "6 -- 10" : 129, "4 -- 6" : 114, "2 -- 4" : 149, "1 -- 2" : 143, "1 -- 1" : 287, "-- 1" : 6830 }
      }
    },
    "stream_method" : {
      "conns" : [7725, 7729],
      "in" : [1436106, 1436939],
      "out" : [1231669, 1232383],
      "mmtasks" : [0, 6, 84],
      "load" : 0.084,
      "mcount" : {
        "mcount" : { "Success" : 7721 }
      },
      "http_proto0" : {
        "mcount" : {
          "mcount" : { "OK" : 7721 }
        }
      },
      "source_log" : {
        "delta" : [0, 0, 0]
      },
      "loggers" : {
        "brief_logger" : {
          "records" : [7721, 7725],
          "out" : [395281, 395509]
        }
      }
    }
  }
},
"2023-04-22 16:35:39.015 +0000" : {
  "main_scheduler" : {
    "bqs" : {
      "00040" : {
        "mmconts" : [201, 201, 201],
        "acts" : [4714, 4714],
        "tstate" : { "idle" : 864713, "run" : 135118, "locked" : 49, "mmap" : 0 }
      },
      "00041" : {
        "mmconts" : [201, 201, 201],
        "acts" : [4751, 4751],
        "tstate" : { "idle" : 865872, "run" : 133958, "locked" : 38, "mmap" : 12 }
      },
      "00042" : {
        "mmconts" : [201, 201, 201],
        "acts" : [4719, 4719],
        "tstate" : { "idle" : 865386, "run" : 134493, "locked" : 0, "mmap" : 0 }
      },
      "00043" : {
        "mmconts" : [201, 201, 201],
        "acts" : [4697, 4697],
        "tstate" : { "idle" : 860712, "run" : 139161, "locked" : 6, "mmap" : 0 }
      },
      "00044" : {
        "mmconts" : [201, 201, 201],
        "acts" : [4740, 4740],
        "tstate" : { "idle" : 852689, "run" : 146915, "locked" : 177, "mmap" : 98 }
      }
    }
  },
  "benchmark_io" : {
    "simple_times" : {
      "mcount" : {
        "mcount" : { "16 -- 25" : 5, "10 -- 16" : 71, "6 -- 10" : 93, "4 -- 6" : 75, "2 -- 4" : 100, "1 -- 2" : 154, "1 -- 1" : 398, "-- 1" : 6976 }
      }
    },
    "stream_method" : {
      "conns" : [7870, 7871],
      "in" : [1464378, 1464568],
      "out" : [1254798, 1254961],
      "mmtasks" : [0, 6, 121],
      "load" : 0.085,
      "mcount" : {
        "mcount" : { "Success" : 7872 }
      },
      "http_proto0" : {
        "mcount" : {
          "mcount" : { "OK" : 7873 }
        }
      },
      "source_log" : {
        "delta" : [0, 0, 0]
      },
      "loggers" : {
        "brief_logger" : {
          "records" : [7872, 7873],
          "out" : [403278, 403331]
        }
      }
    }
  }
},
"2023-04-22 16:35:40.015 +0000" : {
  "main_scheduler" : {
    "bqs" : {
      "00040" : {
        "mmconts" : [201, 201, 201],
        "acts" : [4804, 4800],
        "tstate" : { "idle" : 874627, "run" : 125700, "locked" : 332, "mmap" : 0 }
      },
      "00041" : {
        "mmconts" : [201, 201, 201],
        "acts" : [4819, 4815],
        "tstate" : { "idle" : 870787, "run" : 129053, "locked" : 586, "mmap" : 232 }
      },
      "00042" : {
        "mmconts" : [201, 201, 201],
        "acts" : [4832, 4828],
        "tstate" : { "idle" : 866304, "run" : 133332, "locked" : 1022, "mmap" : 0 }
      },
      "00043" : {
        "mmconts" : [201, 201, 201],
        "acts" : [4804, 4800],
        "tstate" : { "idle" : 864316, "run" : 136315, "locked" : 27, "mmap" : 0 }
      },
      "00044" : {
        "mmconts" : [201, 201, 201],
        "acts" : [4840, 4836],
        "tstate" : { "idle" : 861013, "run" : 139645, "locked" : 0, "mmap" : 0 }
      }
    }
  },
  "benchmark_io" : {
    "simple_times" : {
      "mcount" : {
        "mcount" : { "10 -- 16" : 2, "2 -- 4" : 10, "1 -- 2" : 87, "1 -- 1" : 356, "-- 1" : 7580 }
      }
    },
    "stream_method" : {
      "conns" : [8033, 8027],
      "in" : [1494324, 1493336],
      "out" : [1280783, 1279936],
      "mmtasks" : [0, 3, 38],
      "load" : 0.133,
      "mcount" : {
        "mcount" : { "Success" : 8035 }
      },
      "http_proto0" : {
        "mcount" : {
          "mcount" : { "OK" : 8034 }
        }
      },
      "source_log" : {
        "delta" : [0, 0, 0]
      },
      "loggers" : {
        "brief_logger" : {
          "records" : [8035, 8029],
          "out" : [409998, 409725]
        }
      }
    }
  }
},
"2023-04-22 16:35:41.015 +0000" : {
  "main_scheduler" : {
    "bqs" : {
      "00040" : {
        "mmconts" : [201, 201, 201],
        "acts" : [4924, 4926],
        "tstate" : { "idle" : 863865, "run" : 135069, "locked" : 584, "mmap" : 0 }
      },
      "00041" : {
        "mmconts" : [201, 201, 201],
        "acts" : [4875, 4877],
        "tstate" : { "idle" : 865365, "run" : 134152, "locked" : 0, "mmap" : 0 }
      },
      "00042" : {
        "mmconts" : [201, 201, 201],
        "acts" : [4883, 4885],
        "tstate" : { "idle" : 862566, "run" : 136903, "locked" : 49, "mmap" : 0 }
      },
      "00043" : {
        "mmconts" : [201, 201, 201],
        "acts" : [4971, 4973],
        "tstate" : { "idle" : 862034, "run" : 137242, "locked" : 16, "mmap" : 225 }
      },
      "00044" : {
        "mmconts" : [201, 201, 201],
        "acts" : [4876, 4878],
        "tstate" : { "idle" : 870579, "run" : 128802, "locked" : 136, "mmap" : 0 }
      }
    }
  },
  "benchmark_io" : {
    "simple_times" : {
      "mcount" : {
        "mcount" : { "6 -- 10" : 1, "4 -- 6" : 4, "2 -- 4" : 29, "1 -- 2" : 85, "1 -- 1" : 240, "-- 1" : 7811 }
      }
    },
    "stream_method" : {
      "conns" : [8175, 8178],
      "in" : [1519620, 1520340],
      "out" : [1303420, 1304038],
      "mmtasks" : [0, 3, 32],
      "load" : 0.132,
      "mcount" : {
        "mcount" : { "Success" : 8170 }
      },
      "http_proto0" : {
        "mcount" : {
          "mcount" : { "OK" : 8170 }
        }
      },
      "source_log" : {
        "delta" : [0, 0, 0]
      },
      "loggers" : {
        "brief_logger" : {
          "records" : [8170, 8173],
          "out" : [416490, 416688]
        }
      }
    }
  }
},
"2023-04-22 16:35:42.015 +0000" : {
  "main_scheduler" : {
    "bqs" : {
      "00040" : {
        "mmconts" : [201, 201, 201],
        "acts" : [5010, 5010],
        "tstate" : { "idle" : 858877, "run" : 141002, "locked" : 0, "mmap" : 0 }
      },
      "00041" : {
        "mmconts" : [201, 201, 201],
        "acts" : [4983, 4983],
        "tstate" : { "idle" : 863046, "run" : 136822, "locked" : 0, "mmap" : 13 }
      },
      "00042" : {
        "mmconts" : [201, 201, 201],
        "acts" : [4989, 4989],
        "tstate" : { "idle" : 861167, "run" : 138572, "locked" : 55, "mmap" : 86 }
      },
      "00043" : {
        "mmconts" : [201, 201, 201],
        "acts" : [5011, 5011],
        "tstate" : { "idle" : 860550, "run" : 139276, "locked" : 55, "mmap" : 0 }
      },
      "00044" : {
        "mmconts" : [201, 201, 201],
        "acts" : [4984, 4984],
        "tstate" : { "idle" : 863508, "run" : 136362, "locked" : 12, "mmap" : 0 }
      }
    }
  },
  "benchmark_io" : {
    "simple_times" : {
      "mcount" : {
        "mcount" : { "6 -- 10" : 3, "4 -- 6" : 27, "2 -- 4" : 32, "1 -- 2" : 52, "1 -- 1" : 337, "-- 1" : 7871 }
      }
    },
    "stream_method" : {
      "conns" : [8328, 8329],
      "in" : [1548078, 1548266],
      "out" : [1327813, 1327975],
      "mmtasks" : [0, 4, 47],
      "load" : 0.132,
      "mcount" : {
        "mcount" : { "Success" : 8322 }
      },
      "http_proto0" : {
        "mcount" : {
          "mcount" : { "OK" : 8323 }
        }
      },
      "source_log" : {
        "delta" : [0, 0, 0]
      },
      "loggers" : {
        "brief_logger" : {
          "records" : [8323, 8324],
          "out" : [424138, 424190]
        }
      }
    }
  }
},
"2023-04-22 16:35:43.015 +0000" : {
  "main_scheduler" : {
    "bqs" : {
      "00040" : {
        "mmconts" : [201, 201, 201],
        "acts" : [5072, 5069],
        "tstate" : { "idle" : 856994, "run" : 143509, "locked" : 0, "mmap" : 15 }
      },
      "00041" : {
        "mmconts" : [201, 201, 201],
        "acts" : [5125, 5122],
        "tstate" : { "idle" : 853895, "run" : 146222, "locked" : 401, "mmap" : 0 }
      },
      "00042" : {
        "mmconts" : [201, 201, 201],
        "acts" : [5110, 5107],
        "tstate" : { "idle" : 858260, "run" : 141505, "locked" : 499, "mmap" : 254 }
      },
      "00043" : {
        "mmconts" : [201, 201, 201],
        "acts" : [5008, 5005],
        "tstate" : { "idle" : 860979, "run" : 139527, "locked" : 2, "mmap" : 10 }
      },
      "00044" : {
        "mmconts" : [201, 201, 201],
        "acts" : [5113, 5110],
        "tstate" : { "idle" : 856678, "run" : 143796, "locked" : 43, "mmap" : 0 }
      }
    }
  },
  "benchmark_io" : {
    "simple_times" : {
      "mcount" : {
        "mcount" : { "2 -- 4" : 15, "1 -- 2" : 134, "1 -- 1" : 435, "-- 1" : 7896 }
      }
    },
    "stream_method" : {
      "conns" : [8471, 8466],
      "in" : [1577094, 1576283],
      "out" : [1350620, 1349926],
      "mmtasks" : [0, 4, 24],
      "load" : 0.130,
      "mcount" : {
        "mcount" : { "Success" : 8480 }
      },
      "http_proto0" : {
        "mcount" : {
          "mcount" : { "OK" : 8479 }
        }
      },
      "source_log" : {
        "delta" : [0, 0, 0]
      },
      "loggers" : {
        "brief_logger" : {
          "records" : [8479, 8474],
          "out" : [432559, 432336]
        }
      }
    }
  }
},
"2023-04-22 16:35:44.014 +0000" : {
  "main_scheduler" : {
    "bqs" : {
      "00040" : {
        "mmconts" : [201, 201, 201],
        "acts" : [5199, 5202],
        "tstate" : { "idle" : 852278, "run" : 147022, "locked" : 0, "mmap" : 97 }
      },
      "00041" : {
        "mmconts" : [201, 201, 201],
        "acts" : [5152, 5155],
        "tstate" : { "idle" : 864614, "run" : 133776, "locked" : 1007, "mmap" : 0 }
      },
      "00042" : {
        "mmconts" : [201, 201, 201],
        "acts" : [5144, 5147],
        "tstate" : { "idle" : 853228, "run" : 146131, "locked" : 39, "mmap" : 0 }
      },
      "00043" : {
        "mmconts" : [201, 201, 201],
        "acts" : [5260, 5263],
        "tstate" : { "idle" : 848505, "run" : 148829, "locked" : 1977, "mmap" : 87 }
      },
      "00044" : {
        "mmconts" : [201, 201, 201],
        "acts" : [5114, 5117],
        "tstate" : { "idle" : 859060, "run" : 138823, "locked" : 1504, "mmap" : 11 }
      }
    }
  },
  "benchmark_io" : {
    "simple_times" : {
      "mcount" : {
        "mcount" : { "4 -- 6" : 7, "2 -- 4" : 19, "1 -- 2" : 165, "1 -- 1" : 367, "-- 1" : 8058 }
      }
    },
    "stream_method" : {
      "conns" : [8622, 8627],
      "in" : [1602576, 1603541],
      "out" : [1374694, 1375522],
      "mmtasks" : [0, 4, 42],
      "load" : 0.130,
      "mcount" : {
        "mcount" : { "Success" : 8616 }
      },
      "http_proto0" : {
        "mcount" : {
          "mcount" : { "OK" : 8616 }
        }
      },
      "source_log" : {
        "delta" : [0, 0, 0]
      },
      "loggers" : {
        "brief_logger" : {
          "records" : [8616, 8621],
          "out" : [439387, 439652]
        }
      }
    }
  }
},
"2023-04-22 16:35:45.015 +0000" : {
  "main_scheduler" : {
    "bqs" : {
      "00040" : {
        "mmconts" : [201, 201, 201],
        "acts" : [5231, 5226],
        "tstate" : { "idle" : 848477, "run" : 152366, "locked" : 24, "mmap" : 0 }
      },
      "00041" : {
        "mmconts" : [201, 201, 201],
        "acts" : [5227, 5222],
        "tstate" : { "idle" : 843046, "run" : 157176, "locked" : 644, "mmap" : 0 }
      },
      "00042" : {
        "mmconts" : [201, 201, 201],
        "acts" : [5295, 5290],
        "tstate" : { "idle" : 841627, "run" : 159023, "locked" : 215, "mmap" : 0 }
      },
      "00043" : {
        "mmconts" : [201, 201, 201],
        "acts" : [5289, 5284],
        "tstate" : { "idle" : 846040, "run" : 154510, "locked" : 207, "mmap" : 107 }
      },
      "00044" : {
        "mmconts" : [201, 201, 201],
        "acts" : [5313, 5308],
        "tstate" : { "idle" : 849851, "run" : 151013, "locked" : 0, "mmap" : 0 }
      }
    }
  },
  "benchmark_io" : {
    "simple_times" : {
      "mcount" : {
        "mcount" : { "6 -- 10" : 1, "4 -- 6" : 14, "2 -- 4" : 40, "1 -- 2" : 162, "1 -- 1" : 376, "-- 1" : 8198 }
      }
    },
    "stream_method" : {
      "conns" : [8783, 8775],
      "in" : [1635126, 1633717],
      "out" : [1400360, 1399153],
      "mmtasks" : [0, 4, 37],
      "load" : 0.130,
      "mcount" : {
        "mcount" : { "Success" : 8791 }
      },
      "http_proto0" : {
        "mcount" : {
          "mcount" : { "OK" : 8791 }
        }
      },
      "source_log" : {
        "delta" : [0, 0, 0]
      },
      "loggers" : {
        "brief_logger" : {
          "records" : [8791, 8783],
          "out" : [448667, 448281]
        }
      }
    }
  }
},
"2023-04-22 16:35:46.014 +0000" : {
  "main_scheduler" : {
    "bqs" : {
      "00040" : {
        "mmconts" : [1, 191, 201],
        "acts" : [5398, 5404],
        "tstate" : { "idle" : 844893, "run" : 152843, "locked" : 2, "mmap" : 1137 }
      },
      "00041" : {
        "mmconts" : [0, 190, 201],
        "acts" : [5386, 5392],
        "tstate" : { "idle" : 842878, "run" : 154806, "locked" : 4, "mmap" : 1187 }
      },
      "00042" : {
        "mmconts" : [1, 187, 201],
        "acts" : [5266, 5271],
        "tstate" : { "idle" : 832743, "run" : 165251, "locked" : 48, "mmap" : 833 }
      },
      "00043" : {
        "mmconts" : [1, 190, 201],
        "acts" : [5315, 5320],
        "tstate" : { "idle" : 842082, "run" : 155875, "locked" : 0, "mmap" : 919 }
      },
      "00044" : {
        "mmconts" : [1, 190, 201],
        "acts" : [5389, 5395],
        "tstate" : { "idle" : 838715, "run" : 159282, "locked" : 153, "mmap" : 726 }
      }
    }
  },
  "benchmark_io" : {
    "simple_times" : {
      "mcount" : {
        "mcount" : { "16 -- 25" : 23, "10 -- 16" : 94, "6 -- 10" : 22, "4 -- 6" : 38, "2 -- 4" : 73, "1 -- 2" : 235, "1 -- 1" : 431, "-- 1" : 8001 }
      }
    },
    "stream_method" : {
      "conns" : [8917, 8926],
      "in" : [1658562, 1660415],
      "out" : [1421721, 1423309],
      "mmtasks" : [0, 6, 139],
      "load" : 0.091,
      "mcount" : {
        "mcount" : { "Success" : 8917 }
      },
      "http_proto0" : {
        "mcount" : {
          "mcount" : { "OK" : 8917 }
        }
      },
      "source_log" : {
        "delta" : [0, 0, 0]
      },
      "loggers" : {
        "brief_logger" : {
          "records" : [8917, 8926],
          "out" : [456426, 456935]
        }
      }
    }
  }
}