2023-04-22 16:34:43,041 [INFO] root tankworker.py:153	Log file created
2023-04-22 16:34:43,041 [INFO] root tankworker.py:157	Logging handler <FileHandler /var/loadtest/tank_errors.log (WARNING)> added
2023-04-22 16:34:43,041 [INFO] root tankworker.py:157	Logging handler <StreamHandler <stdout> (INFO)> added
2023-04-22 16:34:43,041 [INFO] root tankworker.py:157	Logging handler <StreamHandler <stderr> (NOTSET)> added
2023-04-22 16:34:43,050 [INFO] root tankworker.py:69	Created a folder for the test. /var/loadtest/logs/2023-04-22_16-34-43.011726
2023-04-22 16:34:43,051 [INFO] yandextank.core.tankcore tankcore.py:254	Configuring plugins...
2023-04-22 16:34:43,051 [INFO] yandextank.core.tankcore tankcore.py:205	Loading plugins...
2023-04-22 16:34:43,051 [INFO] yandextank.core.tankcore tankcore.py:215	Trying to import module: autostop
2023-04-22 16:34:43,051 [INFO] yandextank.core.tankcore tankcore.py:216	Path: yandextank.plugins.Autostop
2023-04-22 16:34:43,051 [INFO] yandextank.core.tankcore tankcore.py:215	Trying to import module: console
2023-04-22 16:34:43,051 [INFO] yandextank.core.tankcore tankcore.py:216	Path: yandextank.plugins.Console
2023-04-22 16:34:43,052 [INFO] yandextank.core.tankcore tankcore.py:215	Trying to import module: json_report
2023-04-22 16:34:43,052 [INFO] yandextank.core.tankcore tankcore.py:216	Path: yandextank.plugins.JsonReport
2023-04-22 16:34:43,052 [INFO] yandextank.core.tankcore tankcore.py:215	Trying to import module: phantom
2023-04-22 16:34:43,052 [INFO] yandextank.core.tankcore tankcore.py:216	Path: yandextank.plugins.Phantom
2023-04-22 16:34:43,052 [INFO] yandextank.core.tankcore tankcore.py:215	Trying to import module: rcheck
2023-04-22 16:34:43,052 [INFO] yandextank.core.tankcore tankcore.py:216	Path: yandextank.plugins.ResourceCheck
2023-04-22 16:34:43,052 [INFO] yandextank.core.tankcore tankcore.py:215	Trying to import module: shellexec
2023-04-22 16:34:43,052 [INFO] yandextank.core.tankcore tankcore.py:216	Path: yandextank.plugins.ShellExec
2023-04-22 16:34:43,053 [INFO] yandextank.core.tankcore tankcore.py:215	Trying to import module: rcassert
2023-04-22 16:34:43,053 [INFO] yandextank.core.tankcore tankcore.py:216	Path: yandextank.plugins.RCAssert
2023-04-22 16:34:43,053 [INFO] yandextank.core.tankcore tankcore.py:215	Trying to import module: overload
2023-04-22 16:34:43,053 [INFO] yandextank.core.tankcore tankcore.py:216	Path: yandextank.plugins.DataUploader
2023-04-22 16:34:43,056 [INFO] yandextank.common.util util.py:578	Testing connection to resolved address 127.0.0.1 and port 8800
2023-04-22 16:34:43,056 [INFO] yandextank.plugins.Phantom.utils utils.py:277	Resolved localhost into 127.0.0.1:8800
2023-04-22 16:34:43,056 [INFO] yandextank.stepper.main main.py:197	Configuring StepperWrapper...
2023-04-22 16:34:43,056 [INFO] yandextank.stepper.main main.py:336	Making stpd-file: /var/loadtest/ammo.stpd
2023-04-22 16:34:43,058 [INFO] yandextank.stepper.config config.py:76	Default ammo type ('phantom') used, use 'phantom.ammo_type' option to override it
2023-04-22 16:34:43,058 [INFO] yandextank.stepper.config config.py:76	Default ammo type ('phantom') used, use 'phantom.ammo_type' option to override it
2023-04-22 16:34:43,058 [INFO] yandextank.stepper.missile missile.py:95	Loading ammo from 'ammo.txt'
2023-04-22 16:34:43,058 [INFO] yandextank.stepper.config config.py:126	Using AmmoFileReader ammo reader
2023-04-22 16:34:45,127 [INFO] yandextank.core.tankcore tankcore.py:268	Preparing test...
2023-04-22 16:34:45,134 [INFO] yandextank.common.interfaces plugin.py:38	Checking tank resources...
2023-04-22 16:34:45,141 [INFO] root plugin.py:585	Using OVERLOAD backend
2023-04-22 16:34:45,142 [INFO] yandextank.plugins.DataUploader.plugin plugin.py:703	Read authentication token from token.txt, token length is 32 bytes
2023-04-22 16:34:45,153 [INFO] yandextank.plugins.DataUploader.client client.py:81	Proxy not set
2023-04-22 16:34:45,153 [INFO] yandextank.plugins.DataUploader.plugin plugin.py:728	Detected target: localhost
2023-04-22 16:34:45,655 [INFO] yandextank.plugins.DataUploader.plugin plugin.py:877	Job created: 595847
2023-04-22 16:34:45,711 [INFO] yandextank.plugins.DataUploader.plugin plugin.py:547	Locking targets: ['localhost']
2023-04-22 16:34:45,711 [INFO] yandextank.plugins.DataUploader.plugin plugin.py:549	Locked targets: ['localhost']
2023-04-22 16:34:45,997 [INFO] yandextank.core.tankcore tankcore.py:278	Starting test...
2023-04-22 16:34:45,999 [INFO] yandextank.aggregator.tank_aggregator tank_aggregator.py:65	using verbose histogram
2023-04-22 16:34:46,004 [INFO] yandextank.core.tankcore tankcore.py:285	Plugin plugin_autostop required 0.000007 seconds to start
2023-04-22 16:34:46,005 [INFO] yandextank.core.tankcore tankcore.py:285	Plugin plugin_console required 0.000011 seconds to start
2023-04-22 16:34:46,005 [INFO] yandextank.core.tankcore tankcore.py:285	Plugin plugin_json_report required 0.000006 seconds to start
2023-04-22 16:34:46,012 [INFO] yandextank.core.tankcore tankcore.py:285	Plugin plugin_phantom required 0.006536 seconds to start
2023-04-22 16:34:46,012 [INFO] yandextank.core.tankcore tankcore.py:285	Plugin plugin_rcheck required 0.000007 seconds to start
2023-04-22 16:34:46,012 [INFO] yandextank.core.tankcore tankcore.py:285	Plugin plugin_shellexec required 0.000007 seconds to start
2023-04-22 16:34:46,012 [INFO] yandextank.core.tankcore tankcore.py:285	Plugin plugin_rcassert required 0.000002 seconds to start
2023-04-22 16:34:46,013 [INFO] yandextank.plugins.DataUploader.plugin plugin.py:456	Status sender thread started
2023-04-22 16:34:46,013 [INFO] yandextank.plugins.DataUploader.plugin plugin.py:475	Data Uploader thread started
2023-04-22 16:34:46,013 [INFO] yandextank.plugins.DataUploader.plugin plugin.py:475	Monitoring Uploader thread started
2023-04-22 16:34:46,014 [INFO] yandextank.plugins.DataUploader.plugin plugin.py:360	Web link: https://overload.yandex.net/595847
2023-04-22 16:34:46,289 [INFO] yandextank.core.tankcore tankcore.py:285	Plugin plugin_overload required 0.276448 seconds to start
2023-04-22 16:34:46,290 [INFO] yandextank.core.tankcore tankcore.py:294	Waiting for test to finish...
2023-04-22 16:34:46,290 [INFO] yandextank.core.tankcore tankcore.py:295	Artifacts dir: /var/loadtest/logs/2023-04-22_16-34-43.011726
2023-04-22 16:35:46,428 [INFO] yandextank.plugins.Phantom.plugin plugin.py:155	Phantom done its work with exit code: 0
2023-04-22 16:35:46,429 [INFO] yandextank.core.tankcore tankcore.py:331	Finishing test...
2023-04-22 16:35:46,430 [INFO] yandextank.core.tankcore tankcore.py:334	Stopping load generator and aggregator
2023-04-22 16:35:46,430 [INFO] yandextank.aggregator.tank_aggregator tank_aggregator.py:126	Closing stats reader
2023-04-22 16:35:46,430 [INFO] yandextank.aggregator.tank_aggregator tank_aggregator.py:129	Waiting for gun drain to finish
2023-04-22 16:35:46,577 [INFO] yandextank.aggregator.tank_aggregator tank_aggregator.py:131	Waiting for stats drain to finish
2023-04-22 16:35:46,589 [INFO] yandextank.aggregator.tank_aggregator tank_aggregator.py:133	Collecting remaining data
2023-04-22 16:35:46,589 [INFO] yandextank.aggregator.tank_aggregator tank_aggregator.py:111	Timestamps without stats:
2023-04-22 16:35:46,589 [INFO] yandextank.aggregator.tank_aggregator tank_aggregator.py:113	1682181345
2023-04-22 16:35:46,592 [INFO] yandextank.aggregator.tank_aggregator tank_aggregator.py:113	1682181346
2023-04-22 16:35:46,595 [INFO] yandextank.core.tankcore tankcore.py:338	Stopping monitoring
2023-04-22 16:35:46,972 [INFO] yandextank.plugins.DataUploader.plugin plugin.py:540	Unlocking targets: ['localhost']
2023-04-22 16:35:46,972 [INFO] yandextank.plugins.DataUploader.plugin plugin.py:542	localhost
2023-04-22 16:35:46,972 [INFO] yandextank.core.tankcore tankcore.py:361	Post-processing test...
2023-04-22 16:35:46,972 [INFO] yandextank.plugins.DataUploader.plugin plugin.py:412	Waiting for sender threads to join.
2023-04-22 16:35:46,973 [INFO] yandextank.plugins.DataUploader.plugin plugin.py:480	Monitoring Uploader queue returned None
2023-04-22 16:35:46,973 [INFO] yandextank.plugins.DataUploader.plugin plugin.py:480	Data Uploader queue returned None
2023-04-22 16:35:46,973 [INFO] yandextank.plugins.DataUploader.plugin plugin.py:500	Closing Monitoring Uploader thread
2023-04-22 16:35:46,974 [INFO] yandextank.plugins.DataUploader.plugin plugin.py:500	Closing Data Uploader thread
2023-04-22 16:35:46,974 [INFO] yandextank.plugins.DataUploader.plugin plugin.py:418	Web link: https://overload.yandex.net/595847
2023-04-22 16:35:47,197 [INFO] yandextank.common.util util.py:816	Trying to clean up
2023-04-22 16:35:47,197 [INFO] yandextank.core.tankcore tankcore.py:562	Cleaning up plugin plugin_autostop
2023-04-22 16:35:47,198 [INFO] yandextank.core.tankcore tankcore.py:562	Cleaning up plugin plugin_console
2023-04-22 16:35:47,198 [INFO] yandextank.core.tankcore tankcore.py:562	Cleaning up plugin plugin_json_report
2023-04-22 16:35:47,198 [INFO] yandextank.core.tankcore tankcore.py:562	Cleaning up plugin plugin_phantom
2023-04-22 16:35:47,198 [INFO] yandextank.core.tankcore tankcore.py:562	Cleaning up plugin plugin_rcheck
2023-04-22 16:35:47,198 [INFO] yandextank.core.tankcore tankcore.py:562	Cleaning up plugin plugin_shellexec
2023-04-22 16:35:47,198 [INFO] yandextank.core.tankcore tankcore.py:562	Cleaning up plugin plugin_rcassert
2023-04-22 16:35:47,198 [INFO] yandextank.core.tankcore tankcore.py:562	Cleaning up plugin plugin_overload
2023-04-22 16:35:47,199 [INFO] yandextank.plugins.DataUploader.plugin plugin.py:540	Unlocking targets: ['localhost']
2023-04-22 16:35:47,199 [INFO] yandextank.plugins.DataUploader.plugin plugin.py:542	localhost
2023-04-22 16:35:47,299 [INFO] yandextank.core.tankcore tankcore.py:630	Releasing lock: /var/lock/lunapark_qj_7qatx.lock
2023-04-22 16:35:47,302 [INFO] yandextank.core.tankcore tankcore.py:405	Artifacts dir: /var/loadtest/logs/2023-04-22_16-34-43.011726
2023-04-22 16:35:47,303 [INFO] yandextank.core.tankcore tankcore.py:461	File not found to collect: validation_error.yaml
2023-04-22 16:35:47,303 [INFO] yandextank.core.tankcore tankcore.py:466	File already exists: /var/loadtest/logs/2023-04-22_16-34-43.011726/answ_qiz06hx9.log
2023-04-22 16:35:47,303 [INFO] yandextank.core.tankcore tankcore.py:466	File already exists: /var/loadtest/logs/2023-04-22_16-34-43.011726/phout_ntffjrgx.log
2023-04-22 16:35:47,303 [INFO] yandextank.core.tankcore tankcore.py:466	File already exists: /var/loadtest/logs/2023-04-22_16-34-43.011726/phantom_stat_1ygwob_k.log
2023-04-22 16:35:47,303 [INFO] yandextank.core.tankcore tankcore.py:466	File already exists: /var/loadtest/logs/2023-04-22_16-34-43.011726/phantom_i8ndydx8.log
2023-04-22 16:35:47,303 [INFO] yandextank.core.tankcore tankcore.py:466	File already exists: /var/loadtest/logs/2023-04-22_16-34-43.011726/phantom___4dozn5.conf
2023-04-22 16:35:47,303 [INFO] yandextank.core.tankcore tankcore.py:466	File already exists: /var/loadtest/logs/2023-04-22_16-34-43.011726/phantom_stdout_stderr_ftetqerc.log
