"2023-04-22 16:36:54.925 +0000" : {
  "main_scheduler" : {
    "bqs" : {
      "00040" : {
        "mmconts" : [0, 200, 201],
        "acts" : [252, 251],
        "tstate" : { "idle" : 995350, "run" : 5826, "locked" : 0, "mmap" : 5 }
      },
      "00041" : {
        "mmconts" : [0, 200, 201],
        "acts" : [52, 51],
        "tstate" : { "idle" : 991018, "run" : 8054, "locked" : 537, "mmap" : 1534 }
      },
      "00042" : {
        "mmconts" : [0, 200, 201],
        "acts" : [253, 252],
        "tstate" : { "idle" : 996915, "run" : 4156, "locked" : 27, "mmap" : 17 }
      },
      "00043" : {
        "mmconts" : [0, 200, 201],
        "acts" : [253, 252],
        "tstate" : { "idle" : 996513, "run" : 4573, "locked" : 0, "mmap" : 5 }
      },
      "00044" : {
        "mmconts" : [0, 200, 201],
        "acts" : [253, 252],
        "tstate" : { "idle" : 996903, "run" : 4143, "locked" : 10, "mmap" : 14 }
      }
    }
  },
  "benchmark_io" : {
    "simple_times" : {
      "mcount" : {
        "mcount" : { "1 -- 1" : 6, "-- 1" : 79 }
      }
    },
    "stream_method" : {
      "conns" : [85, 84],
      "in" : [15810, 15788],
      "out" : [13541, 13522],
      "mmtasks" : [0, 0, 1],
      "load" : 0.323,
      "mcount" : {
        "mcount" : { "Success" : 85 }
      },
      "http_proto0" : {
        "mcount" : {
          "mcount" : { "OK" : 85 }
        }
      },
      "source_log" : {
        "delta" : [0, 0, 666]
      },
      "loggers" : {
        "brief_logger" : {
          "records" : [85, 84],
          "out" : [4372, 4365]
        }
      }
    }
  }
},
"2023-04-22 16:36:55.925 +0000" : {
  "main_scheduler" : {
    "bqs" : {
      "00040" : {
        "mmconts" : [201, 201, 201],
        "acts" : [154, 154],
        "tstate" : { "idle" : 992294, "run" : 7436, "locked" : 0, "mmap" : 0 }
      },
      "00041" : {
        "mmconts" : [201, 201, 201],
        "acts" : [150, 150],
        "tstate" : { "idle" : 992200, "run" : 7530, "locked" : 0, "mmap" : 0 }
      },
      "00042" : {
        "mmconts" : [201, 201, 201],
        "acts" : [150, 150],
        "tstate" : { "idle" : 992989, "run" : 6741, "locked" : 0, "mmap" : 0 }
      },
      "00043" : {
        "mmconts" : [201, 201, 201],
        "acts" : [151, 151],
        "tstate" : { "idle" : 992968, "run" : 6762, "locked" : 0, "mmap" : 0 }
      },
      "00044" : {
        "mmconts" : [201, 201, 201],
        "acts" : [151, 151],
        "tstate" : { "idle" : 992194, "run" : 7536, "locked" : 0, "mmap" : 0 }
      }
    }
  },
  "benchmark_io" : {
    "simple_times" : {
      "mcount" : {
        "mcount" : { "-- 1" : 251 }
      }
    },
    "stream_method" : {
      "conns" : [251, 251],
      "in" : [46686, 46699],
      "out" : [40023, 40034],
      "mmtasks" : [0, 0, 1],
      "load" : 0.311,
      "mcount" : {
        "mcount" : { "Success" : 251 }
      },
      "http_proto0" : {
        "mcount" : {
          "mcount" : { "OK" : 251 }
        }
      },
      "source_log" : {
        "delta" : [0, 0, 0]
      },
      "loggers" : {
        "brief_logger" : {
          "records" : [251, 251],
          "out" : [12728, 12731]
        }
      }
    }
  }
},
"2023-04-22 16:36:56.925 +0000" : {
  "main_scheduler" : {
    "bqs" : {
      "00040" : {
        "mmconts" : [201, 201, 201],
        "acts" : [252, 251],
        "tstate" : { "idle" : 991085, "run" : 9168, "locked" : 0, "mmap" : 0 }
      },
      "00041" : {
        "mmconts" : [201, 201, 201],
        "acts" : [252, 251],
        "tstate" : { "idle" : 991032, "run" : 9221, "locked" : 0, "mmap" : 0 }
      },
      "00042" : {
        "mmconts" : [201, 201, 201],
        "acts" : [251, 250],
        "tstate" : { "idle" : 991067, "run" : 9187, "locked" : 0, "mmap" : 0 }
      },
      "00043" : {
        "mmconts" : [201, 201, 201],
        "acts" : [250, 249],
        "tstate" : { "idle" : 990884, "run" : 9370, "locked" : 0, "mmap" : 0 }
      },
      "00044" : {
        "mmconts" : [201, 201, 201],
        "acts" : [249, 248],
        "tstate" : { "idle" : 991222, "run" : 9033, "locked" : 0, "mmap" : 0 }
      }
    }
  },
  "benchmark_io" : {
    "simple_times" : {
      "mcount" : {
        "mcount" : { "-- 1" : 417 }
      }
    },
    "stream_method" : {
      "conns" : [418, 417],
      "in" : [77562, 77540],
      "out" : [66647, 66628],
      "mmtasks" : [0, 0, 1],
      "load" : 0.313,
      "mcount" : {
        "mcount" : { "Success" : 417 }
      },
      "http_proto0" : {
        "mcount" : {
          "mcount" : { "OK" : 417 }
        }
      },
      "source_log" : {
        "delta" : [0, 0, 0]
      },
      "loggers" : {
        "brief_logger" : {
          "records" : [417, 416],
          "out" : [21042, 21036]
        }
      }
    }
  }
},
"2023-04-22 16:36:57.925 +0000" : {
  "main_scheduler" : {
    "bqs" : {
      "00040" : {
        "mmconts" : [201, 201, 201],
        "acts" : [352, 352],
        "tstate" : { "idle" : 987687, "run" : 12147, "locked" : 0, "mmap" : 0 }
      },
      "00041" : {
        "mmconts" : [201, 201, 201],
        "acts" : [351, 351],
        "tstate" : { "idle" : 987580, "run" : 12254, "locked" : 0, "mmap" : 0 }
      },
      "00042" : {
        "mmconts" : [201, 201, 201],
        "acts" : [351, 351],
        "tstate" : { "idle" : 987513, "run" : 12320, "locked" : 0, "mmap" : 0 }
      },
      "00043" : {
        "mmconts" : [201, 201, 201],
        "acts" : [352, 352],
        "tstate" : { "idle" : 987521, "run" : 12312, "locked" : 0, "mmap" : 0 }
      },
      "00044" : {
        "mmconts" : [201, 201, 201],
        "acts" : [352, 352],
        "tstate" : { "idle" : 987428, "run" : 12404, "locked" : 0, "mmap" : 0 }
      }
    }
  },
  "benchmark_io" : {
    "simple_times" : {
      "mcount" : {
        "mcount" : { "1 -- 1" : 1, "-- 1" : 584 }
      }
    },
    "stream_method" : {
      "conns" : [584, 584],
      "in" : [108810, 108829],
      "out" : [93112, 93129],
      "mmtasks" : [0, 0, 2],
      "load" : 0.306,
      "mcount" : {
        "mcount" : { "Success" : 585 }
      },
      "http_proto0" : {
        "mcount" : {
          "mcount" : { "OK" : 585 }
        }
      },
      "source_log" : {
        "delta" : [0, 0, 0]
      },
      "loggers" : {
        "brief_logger" : {
          "records" : [585, 585],
          "out" : [29513, 29518]
        }
      }
    }
  }
},
"2023-04-22 16:36:58.924 +0000" : {
  "main_scheduler" : {
    "bqs" : {
      "00040" : {
        "mmconts" : [201, 201, 201],
        "acts" : [448, 448],
        "tstate" : { "idle" : 985316, "run" : 14007, "locked" : 0, "mmap" : 0 }
      },
      "00041" : {
        "mmconts" : [201, 201, 201],
        "acts" : [450, 450],
        "tstate" : { "idle" : 984805, "run" : 14518, "locked" : 0, "mmap" : 0 }
      },
      "00042" : {
        "mmconts" : [201, 201, 201],
        "acts" : [454, 454],
        "tstate" : { "idle" : 984770, "run" : 14554, "locked" : 0, "mmap" : 0 }
      },
      "00043" : {
        "mmconts" : [201, 201, 201],
        "acts" : [454, 454],
        "tstate" : { "idle" : 984461, "run" : 14863, "locked" : 0, "mmap" : 0 }
      },
      "00044" : {
        "mmconts" : [201, 201, 201],
        "acts" : [451, 451],
        "tstate" : { "idle" : 984423, "run" : 14900, "locked" : 0, "mmap" : 0 }
      }
    }
  },
  "benchmark_io" : {
    "simple_times" : {
      "mcount" : {
        "mcount" : { "-- 1" : 751 }
      }
    },
    "stream_method" : {
      "conns" : [751, 751],
      "in" : [139686, 139781],
      "out" : [119736, 119817],
      "mmtasks" : [0, 0, 2],
      "load" : 0.300,
      "mcount" : {
        "mcount" : { "Success" : 751 }
      },
      "http_proto0" : {
        "mcount" : {
          "mcount" : { "OK" : 751 }
        }
      },
      "source_log" : {
        "delta" : [0, 0, 0]
      },
      "loggers" : {
        "brief_logger" : {
          "records" : [751, 751],
          "out" : [37829, 37854]
        }
      }
    }
  }
},
"2023-04-22 16:36:59.925 +0000" : {
  "main_scheduler" : {
    "bqs" : {
      "00040" : {
        "mmconts" : [201, 201, 201],
        "acts" : [550, 549],
        "tstate" : { "idle" : 983662, "run" : 17080, "locked" : 0, "mmap" : 0 }
      },
      "00041" : {
        "mmconts" : [201, 201, 201],
        "acts" : [552, 551],
        "tstate" : { "idle" : 983644, "run" : 17096, "locked" : 0, "mmap" : 0 }
      },
      "00042" : {
        "mmconts" : [201, 201, 201],
        "acts" : [553, 552],
        "tstate" : { "idle" : 983381, "run" : 17358, "locked" : 0, "mmap" : 0 }
      },
      "00043" : {
        "mmconts" : [201, 201, 201],
        "acts" : [550, 549],
        "tstate" : { "idle" : 983706, "run" : 17033, "locked" : 0, "mmap" : 0 }
      },
      "00044" : {
        "mmconts" : [201, 201, 201],
        "acts" : [552, 551],
        "tstate" : { "idle" : 982934, "run" : 17806, "locked" : 0, "mmap" : 0 }
      }
    }
  },
  "benchmark_io" : {
    "simple_times" : {
      "mcount" : {
        "mcount" : { "-- 1" : 917 }
      }
    },
    "stream_method" : {
      "conns" : [918, 917],
      "in" : [170562, 170434],
      "out" : [146370, 146260],
      "mmtasks" : [0, 0, 2],
      "load" : 0.301,
      "mcount" : {
        "mcount" : { "Success" : 917 }
      },
      "http_proto0" : {
        "mcount" : {
          "mcount" : { "OK" : 917 }
        }
      },
      "source_log" : {
        "delta" : [0, 0, 0]
      },
      "loggers" : {
        "brief_logger" : {
          "records" : [917, 916],
          "out" : [46193, 46158]
        }
      }
    }
  }
},
"2023-04-22 16:37:00.925 +0000" : {
  "main_scheduler" : {
    "bqs" : {
      "00040" : {
        "mmconts" : [201, 201, 201],
        "acts" : [654, 654],
        "tstate" : { "idle" : 980115, "run" : 19777, "locked" : 0, "mmap" : 0 }
      },
      "00041" : {
        "mmconts" : [201, 201, 201],
        "acts" : [650, 650],
        "tstate" : { "idle" : 980086, "run" : 19809, "locked" : 0, "mmap" : 0 }
      },
      "00042" : {
        "mmconts" : [201, 201, 201],
        "acts" : [649, 649],
        "tstate" : { "idle" : 980402, "run" : 19493, "locked" : 0, "mmap" : 0 }
      },
      "00043" : {
        "mmconts" : [201, 201, 201],
        "acts" : [652, 652],
        "tstate" : { "idle" : 980419, "run" : 19476, "locked" : 0, "mmap" : 0 }
      },
      "00044" : {
        "mmconts" : [201, 201, 201],
        "acts" : [653, 653],
        "tstate" : { "idle" : 980034, "run" : 19860, "locked" : 0, "mmap" : 0 }
      }
    }
  },
  "benchmark_io" : {
    "simple_times" : {
      "mcount" : {
        "mcount" : { "-- 1" : 1084 }
      }
    },
    "stream_method" : {
      "conns" : [1085, 1085],
      "in" : [201624, 201644],
      "out" : [172989, 173006],
      "mmtasks" : [0, 0, 3],
      "load" : 0.296,
      "mcount" : {
        "mcount" : { "Success" : 1084 }
      },
      "http_proto0" : {
        "mcount" : {
          "mcount" : { "OK" : 1084 }
        }
      },
      "source_log" : {
        "delta" : [0, 0, 0]
      },
      "loggers" : {
        "brief_logger" : {
          "records" : [1084, 1084],
          "out" : [54579, 54584]
        }
      }
    }
  }
},
"2023-04-22 16:37:01.924 +0000" : {
  "main_scheduler" : {
    "bqs" : {
      "00040" : {
        "mmconts" : [201, 201, 201],
        "acts" : [755, 755],
        "tstate" : { "idle" : 976238, "run" : 23363, "locked" : 0, "mmap" : 0 }
      },
      "00041" : {
        "mmconts" : [201, 201, 201],
        "acts" : [750, 750],
        "tstate" : { "idle" : 975995, "run" : 23206, "locked" : 400, "mmap" : 0 }
      },
      "00042" : {
        "mmconts" : [201, 201, 201],
        "acts" : [751, 751],
        "tstate" : { "idle" : 975750, "run" : 23835, "locked" : 0, "mmap" : 17 }
      },
      "00043" : {
        "mmconts" : [201, 201, 201],
        "acts" : [751, 751],
        "tstate" : { "idle" : 975227, "run" : 24375, "locked" : 0, "mmap" : 0 }
      },
      "00044" : {
        "mmconts" : [201, 201, 201],
        "acts" : [751, 751],
        "tstate" : { "idle" : 975671, "run" : 23932, "locked" : 0, "mmap" : 0 }
      }
    }
  },
  "benchmark_io" : {
    "simple_times" : {
      "mcount" : {
        "mcount" : { "-- 1" : 1251 }
      }
    },
    "stream_method" : {
      "conns" : [1251, 1251],
      "in" : [232872, 232963],
      "out" : [199462, 199540],
      "mmtasks" : [0, 0, 3],
      "load" : 0.293,
      "mcount" : {
        "mcount" : { "Success" : 1252 }
      },
      "http_proto0" : {
        "mcount" : {
          "mcount" : { "OK" : 1252 }
        }
      },
      "source_log" : {
        "delta" : [0, 0, 0]
      },
      "loggers" : {
        "brief_logger" : {
          "records" : [1252, 1252],
          "out" : [63114, 63138]
        }
      }
    }
  }
},
"2023-04-22 16:37:02.924 +0000" : {
  "main_scheduler" : {
    "bqs" : {
      "00040" : {
        "mmconts" : [201, 201, 201],
        "acts" : [850, 850],
        "tstate" : { "idle" : 971821, "run" : 28085, "locked" : 0, "mmap" : 0 }
      },
      "00041" : {
        "mmconts" : [201, 201, 201],
        "acts" : [849, 849],
        "tstate" : { "idle" : 968704, "run" : 31202, "locked" : 0, "mmap" : 0 }
      },
      "00042" : {
        "mmconts" : [201, 201, 201],
        "acts" : [853, 853],
        "tstate" : { "idle" : 971217, "run" : 28632, "locked" : 0, "mmap" : 56 }
      },
      "00043" : {
        "mmconts" : [201, 201, 201],
        "acts" : [852, 852],
        "tstate" : { "idle" : 970280, "run" : 29625, "locked" : 0, "mmap" : 0 }
      },
      "00044" : {
        "mmconts" : [201, 201, 201],
        "acts" : [850, 850],
        "tstate" : { "idle" : 970410, "run" : 29495, "locked" : 0, "mmap" : 0 }
      }
    }
  },
  "benchmark_io" : {
    "simple_times" : {
      "mcount" : {
        "mcount" : { "2 -- 4" : 1, "1 -- 1" : 5, "-- 1" : 1411 }
      }
    },
    "stream_method" : {
      "conns" : [1417, 1417],
      "in" : [263562, 263590],
      "out" : [225928, 225952],
      "mmtasks" : [0, 0, 4],
      "load" : 0.298,
      "mcount" : {
        "mcount" : { "Success" : 1416 }
      },
      "http_proto0" : {
        "mcount" : {
          "mcount" : { "OK" : 1417 }
        }
      },
      "source_log" : {
        "delta" : [0, 0, 0]
      },
      "loggers" : {
        "brief_logger" : {
          "records" : [1417, 1417],
          "out" : [71545, 71553]
        }
      }
    }
  }
},
"2023-04-22 16:37:03.924 +0000" : {
  "main_scheduler" : {
    "bqs" : {
      "00040" : {
        "mmconts" : [201, 201, 201],
        "acts" : [952, 951],
        "tstate" : { "idle" : 972346, "run" : 28017, "locked" : 0, "mmap" : 0 }
      },
      "00041" : {
        "mmconts" : [201, 201, 201],
        "acts" : [952, 951],
        "tstate" : { "idle" : 973359, "run" : 27004, "locked" : 0, "mmap" : 0 }
      },
      "00042" : {
        "mmconts" : [201, 201, 201],
        "acts" : [951, 950],
        "tstate" : { "idle" : 973525, "run" : 26838, "locked" : 0, "mmap" : 0 }
      },
      "00043" : {
        "mmconts" : [201, 201, 201],
        "acts" : [951, 950],
        "tstate" : { "idle" : 973936, "run" : 26427, "locked" : 0, "mmap" : 0 }
      },
      "00044" : {
        "mmconts" : [201, 201, 201],
        "acts" : [952, 951],
        "tstate" : { "idle" : 973112, "run" : 27251, "locked" : 0, "mmap" : 0 }
      }
    }
  },
  "benchmark_io" : {
    "simple_times" : {
      "mcount" : {
        "mcount" : { "1 -- 1" : 1, "-- 1" : 1584 }
      }
    },
    "stream_method" : {
      "conns" : [1584, 1583],
      "in" : [294624, 294515],
      "out" : [252552, 252459],
      "mmtasks" : [0, 0, 4],
      "load" : 0.288,
      "mcount" : {
        "mcount" : { "Success" : 1585 }
      },
      "http_proto0" : {
        "mcount" : {
          "mcount" : { "OK" : 1584 }
        }
      },
      "source_log" : {
        "delta" : [0, 0, 0]
      },
      "loggers" : {
        "brief_logger" : {
          "records" : [1584, 1583],
          "out" : [79798, 79768]
        }
      }
    }
  }
},
"2023-04-22 16:37:04.925 +0000" : {
  "main_scheduler" : {
    "bqs" : {
      "00040" : {
        "mmconts" : [201, 201, 201],
        "acts" : [1048, 1047],
        "tstate" : { "idle" : 969706, "run" : 30742, "locked" : 0, "mmap" : 0 }
      },
      "00041" : {
        "mmconts" : [201, 201, 201],
        "acts" : [1053, 1052],
        "tstate" : { "idle" : 968303, "run" : 32144, "locked" : 0, "mmap" : 0 }
      },
      "00042" : {
        "mmconts" : [201, 201, 201],
        "acts" : [1052, 1051],
        "tstate" : { "idle" : 968729, "run" : 31718, "locked" : 0, "mmap" : 0 }
      },
      "00043" : {
        "mmconts" : [201, 201, 201],
        "acts" : [1053, 1052],
        "tstate" : { "idle" : 969272, "run" : 31175, "locked" : 0, "mmap" : 0 }
      },
      "00044" : {
        "mmconts" : [201, 201, 201],
        "acts" : [1054, 1053],
        "tstate" : { "idle" : 968659, "run" : 31788, "locked" : 0, "mmap" : 0 }
      }
    }
  },
  "benchmark_io" : {
    "simple_times" : {
      "mcount" : {
        "mcount" : { "-- 1" : 1753 }
      }
    },
    "stream_method" : {
      "conns" : [1752, 1751],
      "in" : [326058, 325910],
      "out" : [279336, 279210],
      "mmtasks" : [0, 0, 4],
      "load" : 0.288,
      "mcount" : {
        "mcount" : { "Success" : 1753 }
      },
      "http_proto0" : {
        "mcount" : {
          "mcount" : { "OK" : 1753 }
        }
      },
      "source_log" : {
        "delta" : [0, 0, 0]
      },
      "loggers" : {
        "brief_logger" : {
          "records" : [1753, 1752],
          "out" : [88349, 88309]
        }
      }
    }
  }
},
"2023-04-22 16:37:05.924 +0000" : {
  "main_scheduler" : {
    "bqs" : {
      "00040" : {
        "mmconts" : [201, 201, 201],
        "acts" : [1152, 1152],
        "tstate" : { "idle" : 966765, "run" : 32744, "locked" : 0, "mmap" : 0 }
      },
      "00041" : {
        "mmconts" : [201, 201, 201],
        "acts" : [1149, 1149],
        "tstate" : { "idle" : 966067, "run" : 33429, "locked" : 0, "mmap" : 12 }
      },
      "00042" : {
        "mmconts" : [201, 201, 201],
        "acts" : [1150, 1150],
        "tstate" : { "idle" : 967421, "run" : 32087, "locked" : 0, "mmap" : 0 }
      },
      "00043" : {
        "mmconts" : [201, 201, 201],
        "acts" : [1150, 1150],
        "tstate" : { "idle" : 966290, "run" : 33218, "locked" : 0, "mmap" : 0 }
      },
      "00044" : {
        "mmconts" : [201, 201, 201],
        "acts" : [1150, 1150],
        "tstate" : { "idle" : 967140, "run" : 32367, "locked" : 0, "mmap" : 0 }
      }
    }
  },
  "benchmark_io" : {
    "simple_times" : {
      "mcount" : {
        "mcount" : { "1 -- 1" : 2, "-- 1" : 1913 }
      }
    },
    "stream_method" : {
      "conns" : [1916, 1916],
      "in" : [356190, 356366],
      "out" : [305486, 305637],
      "mmtasks" : [0, 0, 4],
      "load" : 0.282,
      "mcount" : {
        "mcount" : { "Success" : 1915 }
      },
      "http_proto0" : {
        "mcount" : {
          "mcount" : { "OK" : 1915 }
        }
      },
      "source_log" : {
        "delta" : [0, 0, 0]
      },
      "loggers" : {
        "brief_logger" : {
          "records" : [1915, 1915],
          "out" : [96424, 96471]
        }
      }
    }
  }
},
"2023-04-22 16:37:06.924 +0000" : {
  "main_scheduler" : {
    "bqs" : {
      "00040" : {
        "mmconts" : [201, 201, 201],
        "acts" : [1251, 1251],
        "tstate" : { "idle" : 964632, "run" : 34880, "locked" : 0, "mmap" : 0 }
      },
      "00041" : {
        "mmconts" : [201, 201, 201],
        "acts" : [1251, 1251],
        "tstate" : { "idle" : 963784, "run" : 35662, "locked" : 2, "mmap" : 64 }
      },
      "00042" : {
        "mmconts" : [201, 201, 201],
        "acts" : [1252, 1252],
        "tstate" : { "idle" : 963781, "run" : 35731, "locked" : 0, "mmap" : 0 }
      },
      "00043" : {
        "mmconts" : [201, 201, 201],
        "acts" : [1251, 1251],
        "tstate" : { "idle" : 963670, "run" : 35842, "locked" : 0, "mmap" : 0 }
      },
      "00044" : {
        "mmconts" : [201, 201, 201],
        "acts" : [1249, 1249],
        "tstate" : { "idle" : 963361, "run" : 36152, "locked" : 0, "mmap" : 0 }
      }
    }
  },
  "benchmark_io" : {
    "simple_times" : {
      "mcount" : {
        "mcount" : { "1 -- 1" : 2, "-- 1" : 2081 }
      }
    },
    "stream_method" : {
      "conns" : [2083, 2084],
      "in" : [387438, 387628],
      "out" : [332114, 332277],
      "mmtasks" : [0, 0, 5],
      "load" : 0.280,
      "mcount" : {
        "mcount" : { "Success" : 2083 }
      },
      "http_proto0" : {
        "mcount" : {
          "mcount" : { "OK" : 2083 }
        }
      },
      "source_log" : {
        "delta" : [0, 0, 0]
      },
      "loggers" : {
        "brief_logger" : {
          "records" : [2083, 2084],
          "out" : [104901, 104952]
        }
      }
    }
  }
},
"2023-04-22 16:37:07.924 +0000" : {
  "main_scheduler" : {
    "bqs" : {
      "00040" : {
        "mmconts" : [201, 201, 201],
        "acts" : [1356, 1355],
        "tstate" : { "idle" : 961453, "run" : 38784, "locked" : 0, "mmap" : 0 }
      },
      "00041" : {
        "mmconts" : [201, 201, 201],
        "acts" : [1349, 1348],
        "tstate" : { "idle" : 961243, "run" : 38994, "locked" : 0, "mmap" : 0 }
      },
      "00042" : {
        "mmconts" : [201, 201, 201],
        "acts" : [1348, 1347],
        "tstate" : { "idle" : 961480, "run" : 38757, "locked" : 0, "mmap" : 0 }
      },
      "00043" : {
        "mmconts" : [201, 201, 201],
        "acts" : [1352, 1351],
        "tstate" : { "idle" : 960655, "run" : 39583, "locked" : 0, "mmap" : 0 }
      },
      "00044" : {
        "mmconts" : [201, 201, 201],
        "acts" : [1354, 1353],
        "tstate" : { "idle" : 962692, "run" : 37546, "locked" : 0, "mmap" : 0 }
      }
    }
  },
  "benchmark_io" : {
    "simple_times" : {
      "mcount" : {
        "mcount" : { "1 -- 1" : 2, "-- 1" : 2250 }
      }
    },
    "stream_method" : {
      "conns" : [2252, 2251],
      "in" : [418872, 418771],
      "out" : [359063, 358976],
      "mmtasks" : [0, 0, 5],
      "load" : 0.278,
      "mcount" : {
        "mcount" : { "Success" : 2252 }
      },
      "http_proto0" : {
        "mcount" : {
          "mcount" : { "OK" : 2252 }
        }
      },
      "source_log" : {
        "delta" : [0, 0, 0]
      },
      "loggers" : {
        "brief_logger" : {
          "records" : [2252, 2251],
          "out" : [113457, 113429]
        }
      }
    }
  }
},
"2023-04-22 16:37:08.924 +0000" : {
  "main_scheduler" : {
    "bqs" : {
      "00040" : {
        "mmconts" : [201, 201, 201],
        "acts" : [1453, 1452],
        "tstate" : { "idle" : 960769, "run" : 39289, "locked" : 0, "mmap" : 0 }
      },
      "00041" : {
        "mmconts" : [201, 201, 201],
        "acts" : [1453, 1452],
        "tstate" : { "idle" : 959264, "run" : 40795, "locked" : 0, "mmap" : 0 }
      },
      "00042" : {
        "mmconts" : [201, 201, 201],
        "acts" : [1453, 1452],
        "tstate" : { "idle" : 959649, "run" : 40410, "locked" : 0, "mmap" : 0 }
      },
      "00043" : {
        "mmconts" : [201, 201, 201],
        "acts" : [1451, 1450],
        "tstate" : { "idle" : 958273, "run" : 41771, "locked" : 0, "mmap" : 14 }
      },
      "00044" : {
        "mmconts" : [201, 201, 201],
        "acts" : [1450, 1449],
        "tstate" : { "idle" : 960708, "run" : 39251, "locked" : 0, "mmap" : 99 }
      }
    }
  },
  "benchmark_io" : {
    "simple_times" : {
      "mcount" : {
        "mcount" : { "1 -- 2" : 1, "-- 1" : 2417 }
      }
    },
    "stream_method" : {
      "conns" : [2418, 2417],
      "in" : [449934, 449908],
      "out" : [385527, 385505],
      "mmtasks" : [0, 0, 5],
      "load" : 0.272,
      "mcount" : {
        "mcount" : { "Success" : 2419 }
      },
      "http_proto0" : {
        "mcount" : {
          "mcount" : { "OK" : 2419 }
        }
      },
      "source_log" : {
        "delta" : [0, 0, 0]
      },
      "loggers" : {
        "brief_logger" : {
          "records" : [2419, 2418],
          "out" : [121775, 121768]
        }
      }
    }
  }
},
"2023-04-22 16:37:09.925 +0000" : {
  "main_scheduler" : {
    "bqs" : {
      "00040" : {
        "mmconts" : [201, 201, 201],
        "acts" : [1549, 1548],
        "tstate" : { "idle" : 958031, "run" : 42401, "locked" : 0, "mmap" : 0 }
      },
      "00041" : {
        "mmconts" : [201, 201, 201],
        "acts" : [1545, 1544],
        "tstate" : { "idle" : 957993, "run" : 42439, "locked" : 0, "mmap" : 0 }
      },
      "00042" : {
        "mmconts" : [201, 201, 201],
        "acts" : [1555, 1554],
        "tstate" : { "idle" : 957841, "run" : 42591, "locked" : 0, "mmap" : 0 }
      },
      "00043" : {
        "mmconts" : [201, 201, 201],
        "acts" : [1552, 1551],
        "tstate" : { "idle" : 957634, "run" : 42798, "locked" : 0, "mmap" : 0 }
      },
      "00044" : {
        "mmconts" : [201, 201, 201],
        "acts" : [1552, 1551],
        "tstate" : { "idle" : 957067, "run" : 43365, "locked" : 0, "mmap" : 0 }
      }
    }
  },
  "benchmark_io" : {
    "simple_times" : {
      "mcount" : {
        "mcount" : { "1 -- 1" : 1, "-- 1" : 2583 }
      }
    },
    "stream_method" : {
      "conns" : [2583, 2581],
      "in" : [480438, 480226],
      "out" : [411832, 411650],
      "mmtasks" : [0, 0, 6],
      "load" : 0.272,
      "mcount" : {
        "mcount" : { "Success" : 2583 }
      },
      "http_proto0" : {
        "mcount" : {
          "mcount" : { "OK" : 2583 }
        }
      },
      "source_log" : {
        "delta" : [0, 0, 0]
      },
      "loggers" : {
        "brief_logger" : {
          "records" : [2583, 2581],
          "out" : [130166, 130108]
        }
      }
    }
  }
},
"2023-04-22 16:37:10.924 +0000" : {
  "main_scheduler" : {
    "bqs" : {
      "00040" : {
        "mmconts" : [201, 201, 201],
        "acts" : [1645, 1645],
        "tstate" : { "idle" : 954351, "run" : 45409, "locked" : 15, "mmap" : 0 }
      },
      "00041" : {
        "mmconts" : [201, 201, 201],
        "acts" : [1653, 1653],
        "tstate" : { "idle" : 953602, "run" : 46161, "locked" : 0, "mmap" : 12 }
      },
      "00042" : {
        "mmconts" : [201, 201, 201],
        "acts" : [1651, 1651],
        "tstate" : { "idle" : 953865, "run" : 45768, "locked" : 143, "mmap" : 0 }
      },
      "00043" : {
        "mmconts" : [201, 201, 201],
        "acts" : [1650, 1650],
        "tstate" : { "idle" : 953548, "run" : 46218, "locked" : 9, "mmap" : 0 }
      },
      "00044" : {
        "mmconts" : [201, 201, 201],
        "acts" : [1654, 1654],
        "tstate" : { "idle" : 953472, "run" : 46303, "locked" : 0, "mmap" : 0 }
      }
    }
  },
  "benchmark_io" : {
    "simple_times" : {
      "mcount" : {
        "mcount" : { "1 -- 1" : 2, "-- 1" : 2748 }
      }
    },
    "stream_method" : {
      "conns" : [2750, 2750],
      "in" : [511500, 511618],
      "out" : [438457, 438558],
      "mmtasks" : [0, 0, 6],
      "load" : 0.269,
      "mcount" : {
        "mcount" : { "Success" : 2750 }
      },
      "http_proto0" : {
        "mcount" : {
          "mcount" : { "OK" : 2750 }
        }
      },
      "source_log" : {
        "delta" : [0, 0, 0]
      },
      "loggers" : {
        "brief_logger" : {
          "records" : [2750, 2750],
          "out" : [138566, 138598]
        }
      }
    }
  }
},
"2023-04-22 16:37:11.924 +0000" : {
  "main_scheduler" : {
    "bqs" : {
      "00040" : {
        "mmconts" : [201, 201, 201],
        "acts" : [1756, 1756],
        "tstate" : { "idle" : 952590, "run" : 47376, "locked" : 0, "mmap" : 0 }
      },
      "00041" : {
        "mmconts" : [201, 201, 201],
        "acts" : [1755, 1755],
        "tstate" : { "idle" : 952690, "run" : 47202, "locked" : 0, "mmap" : 74 }
      },
      "00042" : {
        "mmconts" : [201, 201, 201],
        "acts" : [1747, 1747],
        "tstate" : { "idle" : 951595, "run" : 48370, "locked" : 0, "mmap" : 0 }
      },
      "00043" : {
        "mmconts" : [201, 201, 201],
        "acts" : [1752, 1752],
        "tstate" : { "idle" : 950994, "run" : 48972, "locked" : 0, "mmap" : 0 }
      },
      "00044" : {
        "mmconts" : [201, 201, 201],
        "acts" : [1750, 1750],
        "tstate" : { "idle" : 951658, "run" : 48307, "locked" : 0, "mmap" : 0 }
      }
    }
  },
  "benchmark_io" : {
    "simple_times" : {
      "mcount" : {
        "mcount" : { "1 -- 1" : 5, "-- 1" : 2913 }
      }
    },
    "stream_method" : {
      "conns" : [2918, 2918],
      "in" : [542748, 542769],
      "out" : [465241, 465259],
      "mmtasks" : [0, 0, 6],
      "load" : 0.262,
      "mcount" : {
        "mcount" : { "Success" : 2918 }
      },
      "http_proto0" : {
        "mcount" : {
          "mcount" : { "OK" : 2918 }
        }
      },
      "source_log" : {
        "delta" : [0, 0, 0]
      },
      "loggers" : {
        "brief_logger" : {
          "records" : [2918, 2918],
          "out" : [147005, 147010]
        }
      }
    }
  }
},
"2023-04-22 16:37:12.924 +0000" : {
  "main_scheduler" : {
    "bqs" : {
      "00040" : {
        "mmconts" : [201, 201, 201],
        "acts" : [1846, 1845],
        "tstate" : { "idle" : 849063, "run" : 150532, "locked" : 457, "mmap" : 0 }
      },
      "00041" : {
        "mmconts" : [201, 201, 201],
        "acts" : [1850, 1849],
        "tstate" : { "idle" : 845152, "run" : 154890, "locked" : 0, "mmap" : 12 }
      },
      "00042" : {
        "mmconts" : [201, 201, 201],
        "acts" : [1855, 1854],
        "tstate" : { "idle" : 849626, "run" : 149834, "locked" : 594, "mmap" : 0 }
      },
      "00043" : {
        "mmconts" : [201, 201, 201],
        "acts" : [1850, 1849],
        "tstate" : { "idle" : 847270, "run" : 152256, "locked" : 528, "mmap" : 0 }
      },
      "00044" : {
        "mmconts" : [201, 201, 201],
        "acts" : [1855, 1854],
        "tstate" : { "idle" : 855312, "run" : 144377, "locked" : 366, "mmap" : 0 }
      }
    }
  },
  "benchmark_io" : {
    "simple_times" : {
      "mcount" : {
        "mcount" : { "104 -- 167" : 30, "65 -- 104" : 140, "41 -- 65" : 287, "25 -- 41" : 162, "16 -- 25" : 32, "10 -- 16" : 22, "6 -- 10" : 14, "4 -- 6" : 12, "2 -- 4" : 8, "1 -- 2" : 5, "1 -- 1" : 6, "-- 1" : 2366 }
      }
    },
    "stream_method" : {
      "conns" : [3085, 3084],
      "in" : [573810, 573772],
      "out" : [491877, 491845],
      "mmtasks" : [0, 36, 346],
      "load" : 0.018,
      "mcount" : {
        "mcount" : { "Success" : 3084 }
      },
      "http_proto0" : {
        "mcount" : {
          "mcount" : { "OK" : 3085 }
        }
      },
      "source_log" : {
        "delta" : [0, 0, 0]
      },
      "loggers" : {
        "brief_logger" : {
          "records" : [3084, 3083],
          "out" : [160751, 160740]
        }
      }
    }
  }
},
"2023-04-22 16:37:13.925 +0000" : {
  "main_scheduler" : {
    "bqs" : {
      "00040" : {
        "mmconts" : [201, 201, 201],
        "acts" : [1932, 1931],
        "tstate" : { "idle" : 951126, "run" : 49362, "locked" : 0, "mmap" : 0 }
      },
      "00041" : {
        "mmconts" : [201, 201, 201],
        "acts" : [1951, 1950],
        "tstate" : { "idle" : 949692, "run" : 50676, "locked" : 0, "mmap" : 118 }
      },
      "00042" : {
        "mmconts" : [201, 201, 201],
        "acts" : [1963, 1962],
        "tstate" : { "idle" : 948306, "run" : 52180, "locked" : 0, "mmap" : 0 }
      },
      "00043" : {
        "mmconts" : [201, 201, 201],
        "acts" : [1957, 1956],
        "tstate" : { "idle" : 948147, "run" : 52339, "locked" : 0, "mmap" : 0 }
      },
      "00044" : {
        "mmconts" : [201, 201, 201],
        "acts" : [1961, 1960],
        "tstate" : { "idle" : 947822, "run" : 52664, "locked" : 0, "mmap" : 0 }
      }
    }
  },
  "benchmark_io" : {
    "simple_times" : {
      "mcount" : {
        "mcount" : { "4 -- 6" : 1, "2 -- 4" : 3, "1 -- 2" : 3, "1 -- 1" : 5, "-- 1" : 3238 }
      }
    },
    "stream_method" : {
      "conns" : [3255, 3253],
      "in" : [604314, 604022],
      "out" : [518981, 518730],
      "mmtasks" : [0, 0, 13],
      "load" : 0.235,
      "mcount" : {
        "mcount" : { "Success" : 3250 }
      },
      "http_proto0" : {
        "mcount" : {
          "mcount" : { "OK" : 3249 }
        }
      },
      "source_log" : {
        "delta" : [0, 0, 0]
      },
      "loggers" : {
        "brief_logger" : {
          "records" : [3250, 3248],
          "out" : [163672, 163593]
        }
      }
    }
  }
},
"2023-04-22 16:37:14.925 +0000" : {
  "main_scheduler" : {
    "bqs" : {
      "00040" : {
        "mmconts" : [201, 201, 201],
        "acts" : [2081, 2081],
        "tstate" : { "idle" : 944731, "run" : 54749, "locked" : 0, "mmap" : 116 }
      },
      "00041" : {
        "mmconts" : [201, 201, 201],
        "acts" : [2043, 2043],
        "tstate" : { "idle" : 947113, "run" : 52483, "locked" : 0, "mmap" : 0 }
      },
      "00042" : {
        "mmconts" : [201, 201, 201],
        "acts" : [2002, 2002],
        "tstate" : { "idle" : 950309, "run" : 49287, "locked" : 0, "mmap" : 0 }
      },
      "00043" : {
        "mmconts" : [201, 201, 201],
        "acts" : [2075, 2075],
        "tstate" : { "idle" : 943768, "run" : 55828, "locked" : 0, "mmap" : 0 }
      },
      "00044" : {
        "mmconts" : [201, 201, 201],
        "acts" : [2049, 2049],
        "tstate" : { "idle" : 946263, "run" : 53319, "locked" : 0, "mmap" : 14 }
      }
    }
  },
  "benchmark_io" : {
    "simple_times" : {
      "mcount" : {
        "mcount" : { "2 -- 4" : 3, "1 -- 2" : 7, "1 -- 1" : 18, "-- 1" : 3391 }
      }
    },
    "stream_method" : {
      "conns" : [3413, 3414],
      "in" : [635934, 636189],
      "out" : [544169, 544387],
      "mmtasks" : [0, 0, 12],
      "load" : 0.222,
      "mcount" : {
        "mcount" : { "Success" : 3419 }
      },
      "http_proto0" : {
        "mcount" : {
          "mcount" : { "OK" : 3419 }
        }
      },
      "source_log" : {
        "delta" : [0, 0, 0]
      },
      "loggers" : {
        "brief_logger" : {
          "records" : [3419, 3420],
          "out" : [172361, 172430]
        }
      }
    }
  }
},
"2023-04-22 16:37:15.925 +0000" : {
  "main_scheduler" : {
    "bqs" : {
      "00040" : {
        "mmconts" : [201, 201, 201],
        "acts" : [2119, 2118],
        "tstate" : { "idle" : 945112, "run" : 55268, "locked" : 0, "mmap" : 0 }
      },
      "00041" : {
        "mmconts" : [201, 201, 201],
        "acts" : [2160, 2159],
        "tstate" : { "idle" : 944193, "run" : 56188, "locked" : 0, "mmap" : 0 }
      },
      "00042" : {
        "mmconts" : [201, 201, 201],
        "acts" : [2200, 2199],
        "tstate" : { "idle" : 944639, "run" : 55742, "locked" : 0, "mmap" : 0 }
      },
      "00043" : {
        "mmconts" : [201, 201, 201],
        "acts" : [2127, 2126],
        "tstate" : { "idle" : 945099, "run" : 55282, "locked" : 0, "mmap" : 0 }
      },
      "00044" : {
        "mmconts" : [201, 201, 201],
        "acts" : [2155, 2154],
        "tstate" : { "idle" : 943079, "run" : 57302, "locked" : 0, "mmap" : 0 }
      }
    }
  },
  "benchmark_io" : {
    "simple_times" : {
      "mcount" : {
        "mcount" : { "1 -- 1" : 2, "-- 1" : 3584 }
      }
    },
    "stream_method" : {
      "conns" : [3586, 3584],
      "in" : [666996, 666746],
      "out" : [571751, 571537],
      "mmtasks" : [0, 0, 8],
      "load" : 0.231,
      "mcount" : {
        "mcount" : { "Success" : 3586 }
      },
      "http_proto0" : {
        "mcount" : {
          "mcount" : { "OK" : 3586 }
        }
      },
      "source_log" : {
        "delta" : [0, 0, 0]
      },
      "loggers" : {
        "brief_logger" : {
          "records" : [3586, 3584],
          "out" : [180760, 180692]
        }
      }
    }
  }
},
"2023-04-22 16:37:16.924 +0000" : {
  "main_scheduler" : {
    "bqs" : {
      "00040" : {
        "mmconts" : [201, 201, 201],
        "acts" : [2281, 2283],
        "tstate" : { "idle" : 941086, "run" : 57860, "locked" : 0, "mmap" : 92 }
      },
      "00041" : {
        "mmconts" : [201, 201, 201],
        "acts" : [2247, 2249],
        "tstate" : { "idle" : 941885, "run" : 57064, "locked" : 88, "mmap" : 0 }
      },
      "00042" : {
        "mmconts" : [201, 201, 201],
        "acts" : [2236, 2238],
        "tstate" : { "idle" : 942827, "run" : 56210, "locked" : 0, "mmap" : 0 }
      },
      "00043" : {
        "mmconts" : [201, 201, 201],
        "acts" : [2247, 2249],
        "tstate" : { "idle" : 940199, "run" : 58820, "locked" : 18, "mmap" : 0 }
      },
      "00044" : {
        "mmconts" : [201, 201, 201],
        "acts" : [2236, 2238],
        "tstate" : { "idle" : 942255, "run" : 56782, "locked" : 0, "mmap" : 0 }
      }
    }
  },
  "benchmark_io" : {
    "simple_times" : {
      "mcount" : {
        "mcount" : { "-- 1" : 3747 }
      }
    },
    "stream_method" : {
      "conns" : [3747, 3750],
      "in" : [696942, 697600],
      "out" : [597419, 597983],
      "mmtasks" : [0, 0, 8],
      "load" : 0.230,
      "mcount" : {
        "mcount" : { "Success" : 3747 }
      },
      "http_proto0" : {
        "mcount" : {
          "mcount" : { "OK" : 3747 }
        }
      },
      "source_log" : {
        "delta" : [0, 0, 0]
      },
      "loggers" : {
        "brief_logger" : {
          "records" : [3747, 3750],
          "out" : [188712, 188889]
        }
      }
    }
  }
},
"2023-04-22 16:37:17.924 +0000" : {
  "main_scheduler" : {
    "bqs" : {
      "00040" : {
        "mmconts" : [201, 201, 201],
        "acts" : [2349, 2348],
        "tstate" : { "idle" : 941705, "run" : 58610, "locked" : 77, "mmap" : 0 }
      },
      "00041" : {
        "mmconts" : [201, 201, 201],
        "acts" : [2349, 2348],
        "tstate" : { "idle" : 938938, "run" : 61466, "locked" : 0, "mmap" : 0 }
      },
      "00042" : {
        "mmconts" : [201, 201, 201],
        "acts" : [2350, 2349],
        "tstate" : { "idle" : 940503, "run" : 59902, "locked" : 0, "mmap" : 0 }
      },
      "00043" : {
        "mmconts" : [201, 201, 201],
        "acts" : [2358, 2357],
        "tstate" : { "idle" : 937930, "run" : 62465, "locked" : 0, "mmap" : 10 }
      },
      "00044" : {
        "mmconts" : [201, 201, 201],
        "acts" : [2353, 2352],
        "tstate" : { "idle" : 937794, "run" : 62611, "locked" : 0, "mmap" : 0 }
      }
    }
  },
  "benchmark_io" : {
    "simple_times" : {
      "mcount" : {
        "mcount" : { "1 -- 1" : 3, "-- 1" : 3915 }
      }
    },
    "stream_method" : {
      "conns" : [3919, 3917],
      "in" : [728748, 728434],
      "out" : [624840, 624570],
      "mmtasks" : [0, 1, 8],
      "load" : 0.226,
      "mcount" : {
        "mcount" : { "Success" : 3918 }
      },
      "http_proto0" : {
        "mcount" : {
          "mcount" : { "OK" : 3918 }
        }
      },
      "source_log" : {
        "delta" : [0, 0, 0]
      },
      "loggers" : {
        "brief_logger" : {
          "records" : [3918, 3916],
          "out" : [197493, 197400]
        }
      }
    }
  }
},
"2023-04-22 16:37:18.924 +0000" : {
  "main_scheduler" : {
    "bqs" : {
      "00040" : {
        "mmconts" : [201, 201, 201],
        "acts" : [2453, 2453],
        "tstate" : { "idle" : 935757, "run" : 64035, "locked" : 0, "mmap" : 0 }
      },
      "00041" : {
        "mmconts" : [201, 201, 201],
        "acts" : [2451, 2451],
        "tstate" : { "idle" : 936967, "run" : 62812, "locked" : 0, "mmap" : 0 }
      },
      "00042" : {
        "mmconts" : [201, 201, 201],
        "acts" : [2455, 2455],
        "tstate" : { "idle" : 936191, "run" : 63588, "locked" : 0, "mmap" : 0 }
      },
      "00043" : {
        "mmconts" : [201, 201, 201],
        "acts" : [2448, 2448],
        "tstate" : { "idle" : 935078, "run" : 64626, "locked" : 0, "mmap" : 75 }
      },
      "00044" : {
        "mmconts" : [201, 201, 201],
        "acts" : [2449, 2449],
        "tstate" : { "idle" : 935587, "run" : 64184, "locked" : 7, "mmap" : 0 }
      }
    }
  },
  "benchmark_io" : {
    "simple_times" : {
      "mcount" : {
        "mcount" : { "1 -- 2" : 6, "1 -- 1" : 8, "-- 1" : 4071 }
      }
    },
    "stream_method" : {
      "conns" : [4084, 4085],
      "in" : [759810, 760013],
      "out" : [651158, 651332],
      "mmtasks" : [0, 1, 10],
      "load" : 0.220,
      "mcount" : {
        "mcount" : { "Success" : 4085 }
      },
      "http_proto0" : {
        "mcount" : {
          "mcount" : { "OK" : 4085 }
        }
      },
      "source_log" : {
        "delta" : [0, 0, 0]
      },
      "loggers" : {
        "brief_logger" : {
          "records" : [4085, 4086],
          "out" : [206105, 206168]
        }
      }
    }
  }
},
"2023-04-22 16:37:19.924 +0000" : {
  "main_scheduler" : {
    "bqs" : {
      "00040" : {
        "mmconts" : [201, 201, 201],
        "acts" : [2526, 2525],
        "tstate" : { "idle" : 934571, "run" : 65672, "locked" : 0, "mmap" : 12 }
      },
      "00041" : {
        "mmconts" : [201, 201, 201],
        "acts" : [2550, 2549],
        "tstate" : { "idle" : 934501, "run" : 65655, "locked" : 0, "mmap" : 100 }
      },
      "00042" : {
        "mmconts" : [201, 201, 201],
        "acts" : [2566, 2565],
        "tstate" : { "idle" : 933883, "run" : 66050, "locked" : 323, "mmap" : 0 }
      },
      "00043" : {
        "mmconts" : [201, 201, 201],
        "acts" : [2552, 2551],
        "tstate" : { "idle" : 934016, "run" : 66064, "locked" : 176, "mmap" : 0 }
      },
      "00044" : {
        "mmconts" : [201, 201, 201],
        "acts" : [2568, 2567],
        "tstate" : { "idle" : 932995, "run" : 67262, "locked" : 0, "mmap" : 0 }
      }
    }
  },
  "benchmark_io" : {
    "simple_times" : {
      "mcount" : {
        "mcount" : { "1 -- 1" : 10, "-- 1" : 4241 }
      }
    },
    "stream_method" : {
      "conns" : [4253, 4251],
      "in" : [790686, 790474],
      "out" : [678102, 677920],
      "mmtasks" : [0, 1, 9],
      "load" : 0.218,
      "mcount" : {
        "mcount" : { "Success" : 4251 }
      },
      "http_proto0" : {
        "mcount" : {
          "mcount" : { "OK" : 4251 }
        }
      },
      "source_log" : {
        "delta" : [0, 0, 0]
      },
      "loggers" : {
        "brief_logger" : {
          "records" : [4251, 4249],
          "out" : [214311, 214253]
        }
      }
    }
  }
},
"2023-04-22 16:37:20.925 +0000" : {
  "main_scheduler" : {
    "bqs" : {
      "00040" : {
        "mmconts" : [201, 201, 201],
        "acts" : [2686, 2684],
        "tstate" : { "idle" : 929504, "run" : 71064, "locked" : 0, "mmap" : 0 }
      },
      "00041" : {
        "mmconts" : [201, 201, 201],
        "acts" : [2647, 2645],
        "tstate" : { "idle" : 928427, "run" : 72142, "locked" : 0, "mmap" : 0 }
      },
      "00042" : {
        "mmconts" : [201, 201, 201],
        "acts" : [2599, 2597],
        "tstate" : { "idle" : 936242, "run" : 64306, "locked" : 21, "mmap" : 0 }
      },
      "00043" : {
        "mmconts" : [201, 201, 201],
        "acts" : [2676, 2674],
        "tstate" : { "idle" : 931877, "run" : 68692, "locked" : 0, "mmap" : 0 }
      },
      "00044" : {
        "mmconts" : [201, 201, 201],
        "acts" : [2651, 2649],
        "tstate" : { "idle" : 929807, "run" : 70751, "locked" : 0, "mmap" : 11 }
      }
    }
  },
  "benchmark_io" : {
    "simple_times" : {
      "mcount" : {
        "mcount" : { "1 -- 2" : 2, "1 -- 1" : 9, "-- 1" : 4407 }
      }
    },
    "stream_method" : {
      "conns" : [4419, 4416],
      "in" : [821748, 821286],
      "out" : [704566, 704170],
      "mmtasks" : [0, 1, 9],
      "load" : 0.216,
      "mcount" : {
        "mcount" : { "Success" : 4418 }
      },
      "http_proto0" : {
        "mcount" : {
          "mcount" : { "OK" : 4418 }
        }
      },
      "source_log" : {
        "delta" : [0, 0, 0]
      },
      "loggers" : {
        "brief_logger" : {
          "records" : [4418, 4415],
          "out" : [222756, 222630]
        }
      }
    }
  }
},
"2023-04-22 16:37:21.924 +0000" : {
  "main_scheduler" : {
    "bqs" : {
      "00040" : {
        "mmconts" : [201, 201, 201],
        "acts" : [2717, 2719],
        "tstate" : { "idle" : 929243, "run" : 69890, "locked" : 1, "mmap" : 0 }
      },
      "00041" : {
        "mmconts" : [201, 201, 201],
        "acts" : [2751, 2753],
        "tstate" : { "idle" : 928745, "run" : 70388, "locked" : 0, "mmap" : 0 }
      },
      "00042" : {
        "mmconts" : [201, 201, 201],
        "acts" : [2805, 2807],
        "tstate" : { "idle" : 926530, "run" : 72603, "locked" : 0, "mmap" : 0 }
      },
      "00043" : {
        "mmconts" : [201, 201, 201],
        "acts" : [2726, 2728],
        "tstate" : { "idle" : 928587, "run" : 70546, "locked" : 0, "mmap" : 0 }
      },
      "00044" : {
        "mmconts" : [201, 201, 201],
        "acts" : [2751, 2753],
        "tstate" : { "idle" : 928355, "run" : 70672, "locked" : 0, "mmap" : 106 }
      }
    }
  },
  "benchmark_io" : {
    "simple_times" : {
      "mcount" : {
        "mcount" : { "1 -- 2" : 10, "1 -- 1" : 18, "-- 1" : 4554 }
      }
    },
    "stream_method" : {
      "conns" : [4581, 4584],
      "in" : [852624, 853363],
      "out" : [730394, 731027],
      "mmtasks" : [0, 1, 10],
      "load" : 0.213,
      "mcount" : {
        "mcount" : { "Success" : 4583 }
      },
      "http_proto0" : {
        "mcount" : {
          "mcount" : { "OK" : 4584 }
        }
      },
      "source_log" : {
        "delta" : [0, 0, 0]
      },
      "loggers" : {
        "brief_logger" : {
          "records" : [4583, 4586],
          "out" : [231141, 231341]
        }
      }
    }
  }
},
"2023-04-22 16:37:22.925 +0000" : {
  "main_scheduler" : {
    "bqs" : {
      "00040" : {
        "mmconts" : [201, 201, 201],
        "acts" : [2879, 2876],
        "tstate" : { "idle" : 923306, "run" : 77425, "locked" : 0, "mmap" : 0 }
      },
      "00041" : {
        "mmconts" : [201, 201, 201],
        "acts" : [2855, 2852],
        "tstate" : { "idle" : 923599, "run" : 77133, "locked" : 0, "mmap" : 0 }
      },
      "00042" : {
        "mmconts" : [201, 201, 201],
        "acts" : [2840, 2837],
        "tstate" : { "idle" : 925649, "run" : 74898, "locked" : 0, "mmap" : 185 }
      },
      "00043" : {
        "mmconts" : [201, 201, 201],
        "acts" : [2849, 2846],
        "tstate" : { "idle" : 925494, "run" : 75238, "locked" : 0, "mmap" : 0 }
      },
      "00044" : {
        "mmconts" : [201, 201, 201],
        "acts" : [2834, 2831],
        "tstate" : { "idle" : 926483, "run" : 74249, "locked" : 0, "mmap" : 0 }
      }
    }
  },
  "benchmark_io" : {
    "simple_times" : {
      "mcount" : {
        "mcount" : { "1 -- 1" : 9, "-- 1" : 4742 }
      }
    },
    "stream_method" : {
      "conns" : [4751, 4747],
      "in" : [883314, 882666],
      "out" : [757496, 756940],
      "mmtasks" : [0, 1, 10],
      "load" : 0.213,
      "mcount" : {
        "mcount" : { "Success" : 4750 }
      },
      "http_proto0" : {
        "mcount" : {
          "mcount" : { "OK" : 4749 }
        }
      },
      "source_log" : {
        "delta" : [0, 0, 0]
      },
      "loggers" : {
        "brief_logger" : {
          "records" : [4750, 4746],
          "out" : [239758, 239581]
        }
      }
    }
  }
},
"2023-04-22 16:37:23.924 +0000" : {
  "main_scheduler" : {
    "bqs" : {
      "00040" : {
        "mmconts" : [201, 201, 201],
        "acts" : [2952, 2953],
        "tstate" : { "idle" : 916844, "run" : 82471, "locked" : 11, "mmap" : 11 }
      },
      "00041" : {
        "mmconts" : [201, 201, 201],
        "acts" : [2950, 2951],
        "tstate" : { "idle" : 917544, "run" : 81791, "locked" : 1, "mmap" : 0 }
      },
      "00042" : {
        "mmconts" : [201, 201, 201],
        "acts" : [2938, 2939],
        "tstate" : { "idle" : 920036, "run" : 79300, "locked" : 0, "mmap" : 0 }
      },
      "00043" : {
        "mmconts" : [201, 201, 201],
        "acts" : [2961, 2962],
        "tstate" : { "idle" : 915775, "run" : 83561, "locked" : 0, "mmap" : 0 }
      },
      "00044" : {
        "mmconts" : [201, 201, 201],
        "acts" : [2950, 2951],
        "tstate" : { "idle" : 915454, "run" : 83749, "locked" : 0, "mmap" : 133 }
      }
    }
  },
  "benchmark_io" : {
    "simple_times" : {
      "mcount" : {
        "mcount" : { "1 -- 2" : 2, "1 -- 1" : 39, "-- 1" : 4875 }
      }
    },
    "stream_method" : {
      "conns" : [4916, 4919],
      "in" : [914376, 914984],
      "out" : [783802, 784323],
      "mmtasks" : [0, 1, 10],
      "load" : 0.201,
      "mcount" : {
        "mcount" : { "Success" : 4916 }
      },
      "http_proto0" : {
        "mcount" : {
          "mcount" : { "OK" : 4916 }
        }
      },
      "source_log" : {
        "delta" : [0, 0, 0]
      },
      "loggers" : {
        "brief_logger" : {
          "records" : [4916, 4919],
          "out" : [248763, 248927]
        }
      }
    }
  }
},
"2023-04-22 16:37:24.925 +0000" : {
  "main_scheduler" : {
    "bqs" : {
      "00040" : {
        "mmconts" : [201, 201, 201],
        "acts" : [3055, 3052],
        "tstate" : { "idle" : 912462, "run" : 88208, "locked" : 0, "mmap" : 0 }
      },
      "00041" : {
        "mmconts" : [201, 201, 201],
        "acts" : [3047, 3044],
        "tstate" : { "idle" : 913693, "run" : 86978, "locked" : 0, "mmap" : 0 }
      },
      "00042" : {
        "mmconts" : [201, 201, 201],
        "acts" : [3070, 3067],
        "tstate" : { "idle" : 914505, "run" : 86165, "locked" : 0, "mmap" : 0 }
      },
      "00043" : {
        "mmconts" : [201, 201, 201],
        "acts" : [3039, 3036],
        "tstate" : { "idle" : 913748, "run" : 86843, "locked" : 0, "mmap" : 79 }
      },
      "00044" : {
        "mmconts" : [201, 201, 201],
        "acts" : [3055, 3052],
        "tstate" : { "idle" : 911733, "run" : 88399, "locked" : 539, "mmap" : 0 }
      }
    }
  },
  "benchmark_io" : {
    "simple_times" : {
      "mcount" : {
        "mcount" : { "6 -- 10" : 1, "2 -- 4" : 4, "1 -- 2" : 5, "1 -- 1" : 57, "-- 1" : 5022 }
      }
    },
    "stream_method" : {
      "conns" : [5087, 5083],
      "in" : [946554, 945904],
      "out" : [811077, 810520],
      "mmtasks" : [0, 1, 16],
      "load" : 0.192,
      "mcount" : {
        "mcount" : { "Success" : 5089 }
      },
      "http_proto0" : {
        "mcount" : {
          "mcount" : { "OK" : 5089 }
        }
      },
      "source_log" : {
        "delta" : [0, 0, 0]
      },
      "loggers" : {
        "brief_logger" : {
          "records" : [5089, 5085],
          "out" : [257726, 257549]
        }
      }
    }
  }
},
"2023-04-22 16:37:25.924 +0000" : {
  "main_scheduler" : {
    "bqs" : {
      "00040" : {
        "mmconts" : [201, 201, 201],
        "acts" : [3112, 3114],
        "tstate" : { "idle" : 911311, "run" : 87993, "locked" : 1, "mmap" : 22 }
      },
      "00041" : {
        "mmconts" : [201, 201, 201],
        "acts" : [3153, 3155],
        "tstate" : { "idle" : 908466, "run" : 90861, "locked" : 0, "mmap" : 0 }
      },
      "00042" : {
        "mmconts" : [201, 201, 201],
        "acts" : [3157, 3159],
        "tstate" : { "idle" : 908636, "run" : 90071, "locked" : 621, "mmap" : 0 }
      },
      "00043" : {
        "mmconts" : [201, 201, 201],
        "acts" : [3159, 3161],
        "tstate" : { "idle" : 908342, "run" : 90713, "locked" : 273, "mmap" : 0 }
      },
      "00044" : {
        "mmconts" : [201, 201, 201],
        "acts" : [3160, 3162],
        "tstate" : { "idle" : 907815, "run" : 91512, "locked" : 0, "mmap" : 0 }
      }
    }
  },
  "benchmark_io" : {
    "simple_times" : {
      "mcount" : {
        "mcount" : { "10 -- 16" : 2, "6 -- 10" : 23, "4 -- 6" : 18, "2 -- 4" : 33, "1 -- 2" : 30, "1 -- 1" : 91, "-- 1" : 5048 }
      }
    },
    "stream_method" : {
      "conns" : [5245, 5248],
      "in" : [975570, 976239],
      "out" : [836265, 836839],
      "mmtasks" : [0, 2, 47],
      "load" : 0.156,
      "mcount" : {
        "mcount" : { "Success" : 5245 }
      },
      "http_proto0" : {
        "mcount" : {
          "mcount" : { "OK" : 5245 }
        }
      },
      "source_log" : {
        "delta" : [0, 0, 0]
      },
      "loggers" : {
        "brief_logger" : {
          "records" : [5245, 5248],
          "out" : [266344, 266517]
        }
      }
    }
  }
},
"2023-04-22 16:37:26.924 +0000" : {
  "main_scheduler" : {
    "bqs" : {
      "00040" : {
        "mmconts" : [201, 201, 201],
        "acts" : [3292, 3291],
        "tstate" : { "idle" : 913368, "run" : 86779, "locked" : 0, "mmap" : 115 }
      },
      "00041" : {
        "mmconts" : [201, 201, 201],
        "acts" : [3243, 3242],
        "tstate" : { "idle" : 914281, "run" : 85982, "locked" : 0, "mmap" : 0 }
      },
      "00042" : {
        "mmconts" : [201, 201, 201],
        "acts" : [3196, 3195],
        "tstate" : { "idle" : 916297, "run" : 83965, "locked" : 0, "mmap" : 0 }
      },
      "00043" : {
        "mmconts" : [201, 201, 201],
        "acts" : [3274, 3273],
        "tstate" : { "idle" : 914312, "run" : 85949, "locked" : 0, "mmap" : 0 }
      },
      "00044" : {
        "mmconts" : [201, 201, 201],
        "acts" : [3262, 3261],
        "tstate" : { "idle" : 913604, "run" : 86650, "locked" : 7, "mmap" : 0 }
      }
    }
  },
  "benchmark_io" : {
    "simple_times" : {
      "mcount" : {
        "mcount" : { "6 -- 10" : 4, "1 -- 2" : 9, "1 -- 1" : 63, "-- 1" : 5345 }
      }
    },
    "stream_method" : {
      "conns" : [5421, 5419],
      "in" : [1008306, 1008021],
      "out" : [864326, 864082],
      "mmtasks" : [0, 1, 21],
      "load" : 0.183,
      "mcount" : {
        "mcount" : { "Success" : 5421 }
      },
      "http_proto0" : {
        "mcount" : {
          "mcount" : { "OK" : 5421 }
        }
      },
      "source_log" : {
        "delta" : [0, 0, 0]
      },
      "loggers" : {
        "brief_logger" : {
          "records" : [5421, 5419],
          "out" : [274275, 274205]
        }
      }
    }
  }
},
"2023-04-22 16:37:27.924 +0000" : {
  "main_scheduler" : {
    "bqs" : {
      "00040" : {
        "mmconts" : [201, 201, 201],
        "acts" : [3313, 3314],
        "tstate" : { "idle" : 915669, "run" : 83930, "locked" : 0, "mmap" : 0 }
      },
      "00041" : {
        "mmconts" : [201, 201, 201],
        "acts" : [3351, 3352],
        "tstate" : { "idle" : 914469, "run" : 84878, "locked" : 61, "mmap" : 188 }
      },
      "00042" : {
        "mmconts" : [201, 201, 201],
        "acts" : [3406, 3407],
        "tstate" : { "idle" : 913193, "run" : 86403, "locked" : 0, "mmap" : 0 }
      },
      "00043" : {
        "mmconts" : [201, 201, 201],
        "acts" : [3332, 3333],
        "tstate" : { "idle" : 915031, "run" : 84551, "locked" : 15, "mmap" : 0 }
      },
      "00044" : {
        "mmconts" : [201, 201, 201],
        "acts" : [3340, 3341],
        "tstate" : { "idle" : 913661, "run" : 85936, "locked" : 0, "mmap" : 0 }
      }
    }
  },
  "benchmark_io" : {
    "simple_times" : {
      "mcount" : {
        "mcount" : { "1 -- 1" : 23, "-- 1" : 5557 }
      }
    },
    "stream_method" : {
      "conns" : [5580, 5582],
      "in" : [1037880, 1038329],
      "out" : [889674, 890059],
      "mmtasks" : [0, 1, 12],
      "load" : 0.196,
      "mcount" : {
        "mcount" : { "Success" : 5580 }
      },
      "http_proto0" : {
        "mcount" : {
          "mcount" : { "OK" : 5580 }
        }
      },
      "source_log" : {
        "delta" : [0, 0, 0]
      },
      "loggers" : {
        "brief_logger" : {
          "records" : [5580, 5582],
          "out" : [281667, 281791]
        }
      }
    }
  }
},
"2023-04-22 16:37:28.924 +0000" : {
  "main_scheduler" : {
    "bqs" : {
      "00040" : {
        "mmconts" : [201, 201, 201],
        "acts" : [3496, 3495],
        "tstate" : { "idle" : 905656, "run" : 94349, "locked" : 0, "mmap" : 0 }
      },
      "00041" : {
        "mmconts" : [201, 201, 201],
        "acts" : [3444, 3443],
        "tstate" : { "idle" : 903699, "run" : 96044, "locked" : 263, "mmap" : 0 }
      },
      "00042" : {
        "mmconts" : [201, 201, 201],
        "acts" : [3442, 3441],
        "tstate" : { "idle" : 906928, "run" : 92979, "locked" : 0, "mmap" : 100 }
      },
      "00043" : {
        "mmconts" : [201, 201, 201],
        "acts" : [3437, 3436],
        "tstate" : { "idle" : 905678, "run" : 94320, "locked" : 10, "mmap" : 0 }
      },
      "00044" : {
        "mmconts" : [201, 201, 201],
        "acts" : [3445, 3444],
        "tstate" : { "idle" : 902247, "run" : 97761, "locked" : 0, "mmap" : 0 }
      }
    }
  },
  "benchmark_io" : {
    "simple_times" : {
      "mcount" : {
        "mcount" : { "4 -- 6" : 5, "2 -- 4" : 4, "1 -- 2" : 13, "1 -- 1" : 54, "-- 1" : 5673 }
      }
    },
    "stream_method" : {
      "conns" : [5756, 5755],
      "in" : [1069314, 1069301],
      "out" : [917734, 917722],
      "mmtasks" : [0, 1, 28],
      "load" : 0.198,
      "mcount" : {
        "mcount" : { "Success" : 5749 }
      },
      "http_proto0" : {
        "mcount" : {
          "mcount" : { "OK" : 5749 }
        }
      },
      "source_log" : {
        "delta" : [0, 0, 0]
      },
      "loggers" : {
        "brief_logger" : {
          "records" : [5749, 5748],
          "out" : [290639, 290634]
        }
      }
    }
  }
},
"2023-04-22 16:37:29.925 +0000" : {
  "main_scheduler" : {
    "bqs" : {
      "00040" : {
        "mmconts" : [201, 201, 201],
        "acts" : [3541, 3538],
        "tstate" : { "idle" : 907147, "run" : 93492, "locked" : 0, "mmap" : 0 }
      },
      "00041" : {
        "mmconts" : [201, 201, 201],
        "acts" : [3561, 3558],
        "tstate" : { "idle" : 901288, "run" : 99350, "locked" : 0, "mmap" : 0 }
      },
      "00042" : {
        "mmconts" : [201, 201, 201],
        "acts" : [3538, 3535],
        "tstate" : { "idle" : 906515, "run" : 93999, "locked" : 8, "mmap" : 115 }
      },
      "00043" : {
        "mmconts" : [201, 201, 201],
        "acts" : [3570, 3567],
        "tstate" : { "idle" : 904609, "run" : 96027, "locked" : 0, "mmap" : 0 }
      },
      "00044" : {
        "mmconts" : [201, 201, 201],
        "acts" : [3550, 3547],
        "tstate" : { "idle" : 907152, "run" : 93483, "locked" : 0, "mmap" : 0 }
      }
    }
  },
  "benchmark_io" : {
    "simple_times" : {
      "mcount" : {
        "mcount" : { "4 -- 6" : 2, "1 -- 2" : 8, "1 -- 1" : 42, "-- 1" : 5871 }
      }
    },
    "stream_method" : {
      "conns" : [5916, 5912],
      "in" : [1101678, 1100984],
      "out" : [943242, 942648],
      "mmtasks" : [0, 1, 14],
      "load" : 0.189,
      "mcount" : {
        "mcount" : { "Success" : 5923 }
      },
      "http_proto0" : {
        "mcount" : {
          "mcount" : { "OK" : 5923 }
        }
      },
      "source_log" : {
        "delta" : [0, 0, 0]
      },
      "loggers" : {
        "brief_logger" : {
          "records" : [5923, 5919],
          "out" : [299452, 299264]
        }
      }
    }
  }
},
"2023-04-22 16:37:30.925 +0000" : {
  "main_scheduler" : {
    "bqs" : {
      "00040" : {
        "mmconts" : [201, 201, 201],
        "acts" : [3661, 3661],
        "tstate" : { "idle" : 900676, "run" : 99157, "locked" : 26, "mmap" : 0 }
      },
      "00041" : {
        "mmconts" : [201, 201, 201],
        "acts" : [3642, 3642],
        "tstate" : { "idle" : 900926, "run" : 98743, "locked" : 88, "mmap" : 102 }
      },
      "00042" : {
        "mmconts" : [201, 201, 201],
        "acts" : [3667, 3667],
        "tstate" : { "idle" : 901122, "run" : 98666, "locked" : 72, "mmap" : 0 }
      },
      "00043" : {
        "mmconts" : [201, 201, 201],
        "acts" : [3629, 3629],
        "tstate" : { "idle" : 902571, "run" : 97015, "locked" : 273, "mmap" : 0 }
      },
      "00044" : {
        "mmconts" : [201, 201, 201],
        "acts" : [3649, 3649],
        "tstate" : { "idle" : 901904, "run" : 97875, "locked" : 81, "mmap" : 0 }
      }
    }
  },
  "benchmark_io" : {
    "simple_times" : {
      "mcount" : {
        "mcount" : { "4 -- 6" : 15, "2 -- 4" : 10, "1 -- 2" : 20, "1 -- 1" : 47, "-- 1" : 5989 }
      }
    },
    "stream_method" : {
      "conns" : [6081, 6081],
      "in" : [1131066, 1131220],
      "out" : [969559, 969691],
      "mmtasks" : [0, 2, 30],
      "load" : 0.178,
      "mcount" : {
        "mcount" : { "Success" : 6081 }
      },
      "http_proto0" : {
        "mcount" : {
          "mcount" : { "OK" : 6081 }
        }
      },
      "source_log" : {
        "delta" : [0, 0, 0]
      },
      "loggers" : {
        "brief_logger" : {
          "records" : [6081, 6081],
          "out" : [307534, 307575]
        }
      }
    }
  }
},
"2023-04-22 16:37:31.924 +0000" : {
  "main_scheduler" : {
    "bqs" : {
      "00040" : {
        "mmconts" : [201, 201, 201],
        "acts" : [3712, 3714],
        "tstate" : { "idle" : 900313, "run" : 99098, "locked" : 0, "mmap" : 0 }
      },
      "00041" : {
        "mmconts" : [201, 201, 201],
        "acts" : [3759, 3761],
        "tstate" : { "idle" : 899908, "run" : 99471, "locked" : 33, "mmap" : 0 }
      },
      "00042" : {
        "mmconts" : [201, 201, 201],
        "acts" : [3757, 3759],
        "tstate" : { "idle" : 901399, "run" : 97865, "locked" : 11, "mmap" : 136 }
      },
      "00043" : {
        "mmconts" : [201, 201, 201],
        "acts" : [3763, 3765],
        "tstate" : { "idle" : 899867, "run" : 99236, "locked" : 309, "mmap" : 0 }
      },
      "00044" : {
        "mmconts" : [201, 201, 201],
        "acts" : [3760, 3762],
        "tstate" : { "idle" : 897585, "run" : 101822, "locked" : 4, "mmap" : 0 }
      }
    }
  },
  "benchmark_io" : {
    "simple_times" : {
      "mcount" : {
        "mcount" : { "4 -- 6" : 2, "1 -- 2" : 16, "1 -- 1" : 77, "-- 1" : 6154 }
      }
    },
    "stream_method" : {
      "conns" : [6249, 6252],
      "in" : [1162314, 1162990],
      "out" : [996344, 996924],
      "mmtasks" : [0, 2, 17],
      "load" : 0.183,
      "mcount" : {
        "mcount" : { "Success" : 6249 }
      },
      "http_proto0" : {
        "mcount" : {
          "mcount" : { "OK" : 6249 }
        }
      },
      "source_log" : {
        "delta" : [0, 0, 0]
      },
      "loggers" : {
        "brief_logger" : {
          "records" : [6249, 6252],
          "out" : [316143, 316327]
        }
      }
    }
  }
},
"2023-04-22 16:37:32.925 +0000" : {
  "main_scheduler" : {
    "bqs" : {
      "00040" : {
        "mmconts" : [201, 201, 201],
        "acts" : [3889, 3885],
        "tstate" : { "idle" : 893927, "run" : 106783, "locked" : 0, "mmap" : 109 }
      },
      "00041" : {
        "mmconts" : [201, 201, 201],
        "acts" : [3855, 3851],
        "tstate" : { "idle" : 899346, "run" : 101474, "locked" : 0, "mmap" : 0 }
      },
      "00042" : {
        "mmconts" : [201, 201, 201],
        "acts" : [3799, 3795],
        "tstate" : { "idle" : 897755, "run" : 102991, "locked" : 74, "mmap" : 0 }
      },
      "00043" : {
        "mmconts" : [201, 201, 201],
        "acts" : [3872, 3868],
        "tstate" : { "idle" : 897420, "run" : 103399, "locked" : 1, "mmap" : 0 }
      },
      "00044" : {
        "mmconts" : [201, 201, 201],
        "acts" : [3852, 3848],
        "tstate" : { "idle" : 897732, "run" : 103089, "locked" : 0, "mmap" : 0 }
      }
    }
  },
  "benchmark_io" : {
    "simple_times" : {
      "mcount" : {
        "mcount" : { "10 -- 16" : 2, "4 -- 6" : 1, "2 -- 4" : 4, "1 -- 2" : 30, "1 -- 1" : 83, "-- 1" : 6300 }
      }
    },
    "stream_method" : {
      "conns" : [6421, 6415],
      "in" : [1194120, 1193152],
      "out" : [1023764, 1022934],
      "mmtasks" : [0, 2, 15],
      "load" : 0.172,
      "mcount" : {
        "mcount" : { "Success" : 6420 }
      },
      "http_proto0" : {
        "mcount" : {
          "mcount" : { "OK" : 6420 }
        }
      },
      "source_log" : {
        "delta" : [0, 0, 0]
      },
      "loggers" : {
        "brief_logger" : {
          "records" : [6420, 6414],
          "out" : [325055, 324791]
        }
      }
    }
  }
},
"2023-04-22 16:37:33.924 +0000" : {
  "main_scheduler" : {
    "bqs" : {
      "00040" : {
        "mmconts" : [201, 201, 201],
        "acts" : [3913, 3915],
        "tstate" : { "idle" : 896646, "run" : 102597, "locked" : 0, "mmap" : 0 }
      },
      "00041" : {
        "mmconts" : [201, 201, 201],
        "acts" : [3938, 3940],
        "tstate" : { "idle" : 894543, "run" : 104708, "locked" : 0, "mmap" : 0 }
      },
      "00042" : {
        "mmconts" : [201, 201, 201],
        "acts" : [3997, 3999],
        "tstate" : { "idle" : 895614, "run" : 103637, "locked" : 0, "mmap" : 0 }
      },
      "00043" : {
        "mmconts" : [201, 201, 201],
        "acts" : [3929, 3931],
        "tstate" : { "idle" : 893616, "run" : 105596, "locked" : 25, "mmap" : 14 }
      },
      "00044" : {
        "mmconts" : [201, 201, 201],
        "acts" : [3958, 3960],
        "tstate" : { "idle" : 895518, "run" : 103614, "locked" : 1, "mmap" : 120 }
      }
    }
  },
  "benchmark_io" : {
    "simple_times" : {
      "mcount" : {
        "mcount" : { "6 -- 10" : 1, "4 -- 6" : 1, "2 -- 4" : 1, "1 -- 2" : 16, "1 -- 1" : 59, "-- 1" : 6497 }
      }
    },
    "stream_method" : {
      "conns" : [6577, 6581],
      "in" : [1222950, 1223718],
      "out" : [1048637, 1049294],
      "mmtasks" : [0, 2, 14],
      "load" : 0.179,
      "mcount" : {
        "mcount" : { "Success" : 6575 }
      },
      "http_proto0" : {
        "mcount" : {
          "mcount" : { "OK" : 6575 }
        }
      },
      "source_log" : {
        "delta" : [0, 0, 0]
      },
      "loggers" : {
        "brief_logger" : {
          "records" : [6575, 6578],
          "out" : [332741, 332941]
        }
      }
    }
  }
},
"2023-04-22 16:37:34.924 +0000" : {
  "main_scheduler" : {
    "bqs" : {
      "00040" : {
        "mmconts" : [201, 201, 201],
        "acts" : [4089, 4088],
        "tstate" : { "idle" : 892368, "run" : 107214, "locked" : 470, "mmap" : 9 }
      },
      "00041" : {
        "mmconts" : [201, 201, 201],
        "acts" : [4055, 4054],
        "tstate" : { "idle" : 889332, "run" : 110304, "locked" : 327, "mmap" : 90 }
      },
      "00042" : {
        "mmconts" : [201, 201, 201],
        "acts" : [4048, 4047],
        "tstate" : { "idle" : 891277, "run" : 108762, "locked" : 15, "mmap" : 0 }
      },
      "00043" : {
        "mmconts" : [201, 201, 201],
        "acts" : [4040, 4039],
        "tstate" : { "idle" : 896113, "run" : 103894, "locked" : 47, "mmap" : 0 }
      },
      "00044" : {
        "mmconts" : [201, 201, 201],
        "acts" : [4040, 4039],
        "tstate" : { "idle" : 891272, "run" : 108762, "locked" : 8, "mmap" : 10 }
      }
    }
  },
  "benchmark_io" : {
    "simple_times" : {
      "mcount" : {
        "mcount" : { "2 -- 4" : 2, "1 -- 2" : 8, "1 -- 1" : 85, "-- 1" : 6662 }
      }
    },
    "stream_method" : {
      "conns" : [6756, 6756],
      "in" : [1256802, 1256878],
      "out" : [1077173, 1077239],
      "mmtasks" : [0, 2, 22],
      "load" : 0.175,
      "mcount" : {
        "mcount" : { "Success" : 6757 }
      },
      "http_proto0" : {
        "mcount" : {
          "mcount" : { "OK" : 6757 }
        }
      },
      "source_log" : {
        "delta" : [0, 0, 0]
      },
      "loggers" : {
        "brief_logger" : {
          "records" : [6757, 6757],
          "out" : [341981, 342010]
        }
      }
    }
  }
},
"2023-04-22 16:37:35.924 +0000" : {
  "main_scheduler" : {
    "bqs" : {
      "00040" : {
        "mmconts" : [201, 201, 201],
        "acts" : [4148, 4148],
        "tstate" : { "idle" : 882341, "run" : 117476, "locked" : 98, "mmap" : 84 }
      },
      "00041" : {
        "mmconts" : [201, 201, 201],
        "acts" : [4157, 4157],
        "tstate" : { "idle" : 878626, "run" : 121371, "locked" : 0, "mmap" : 0 }
      },
      "00042" : {
        "mmconts" : [201, 201, 201],
        "acts" : [4147, 4147],
        "tstate" : { "idle" : 881980, "run" : 117557, "locked" : 459, "mmap" : 0 }
      },
      "00043" : {
        "mmconts" : [201, 201, 201],
        "acts" : [4143, 4143],
        "tstate" : { "idle" : 881200, "run" : 118639, "locked" : 0, "mmap" : 157 }
      },
      "00044" : {
        "mmconts" : [201, 201, 201],
        "acts" : [4150, 4150],
        "tstate" : { "idle" : 882197, "run" : 117799, "locked" : 0, "mmap" : 0 }
      }
    }
  },
  "benchmark_io" : {
    "simple_times" : {
      "mcount" : {
        "mcount" : { "6 -- 10" : 17, "4 -- 6" : 24, "2 -- 4" : 24, "1 -- 2" : 56, "1 -- 1" : 143, "-- 1" : 6652 }
      }
    },
    "stream_method" : {
      "conns" : [6914, 6914],
      "in" : [1286376, 1286388],
      "out" : [1102364, 1102375],
      "mmtasks" : [0, 2, 55],
      "load" : 0.148,
      "mcount" : {
        "mcount" : { "Success" : 6916 }
      },
      "http_proto0" : {
        "mcount" : {
          "mcount" : { "OK" : 6916 }
        }
      },
      "source_log" : {
        "delta" : [0, 0, 0]
      },
      "loggers" : {
        "brief_logger" : {
          "records" : [6916, 6916],
          "out" : [351012, 351016]
        }
      }
    }
  }
},
"2023-04-22 16:37:36.924 +0000" : {
  "main_scheduler" : {
    "bqs" : {
      "00040" : {
        "mmconts" : [201, 201, 201],
        "acts" : [4255, 4254],
        "tstate" : { "idle" : 888507, "run" : 111581, "locked" : 13, "mmap" : 89 }
      },
      "00041" : {
        "mmconts" : [201, 201, 201],
        "acts" : [4245, 4244],
        "tstate" : { "idle" : 885785, "run" : 114094, "locked" : 312, "mmap" : 0 }
      },
      "00042" : {
        "mmconts" : [201, 201, 201],
        "acts" : [4255, 4254],
        "tstate" : { "idle" : 886669, "run" : 113523, "locked" : 0, "mmap" : 0 }
      },
      "00043" : {
        "mmconts" : [201, 201, 201],
        "acts" : [4262, 4261],
        "tstate" : { "idle" : 884256, "run" : 115936, "locked" : 0, "mmap" : 0 }
      },
      "00044" : {
        "mmconts" : [201, 201, 201],
        "acts" : [4252, 4251],
        "tstate" : { "idle" : 882352, "run" : 117412, "locked" : 428, "mmap" : 0 }
      }
    }
  },
  "benchmark_io" : {
    "simple_times" : {
      "mcount" : {
        "mcount" : { "2 -- 4" : 1, "1 -- 2" : 27, "1 -- 1" : 109, "-- 1" : 6949 }
      }
    },
    "stream_method" : {
      "conns" : [7089, 7087],
      "in" : [1317996, 1317725],
      "out" : [1130275, 1130043],
      "mmtasks" : [0, 2, 20],
      "load" : 0.165,
      "mcount" : {
        "mcount" : { "Success" : 7086 }
      },
      "http_proto0" : {
        "mcount" : {
          "mcount" : { "OK" : 7086 }
        }
      },
      "source_log" : {
        "delta" : [0, 0, 0]
      },
      "loggers" : {
        "brief_logger" : {
          "records" : [7086, 7084],
          "out" : [359358, 359283]
        }
      }
    }
  }
},
"2023-04-22 16:37:37.924 +0000" : {
  "main_scheduler" : {
    "bqs" : {
      "00040" : {
        "mmconts" : [201, 201, 201],
        "acts" : [4318, 4318],
        "tstate" : { "idle" : 882045, "run" : 117612, "locked" : 278, "mmap" : 0 }
      },
      "00041" : {
        "mmconts" : [201, 201, 201],
        "acts" : [4344, 4344],
        "tstate" : { "idle" : 885252, "run" : 114663, "locked" : 21, "mmap" : 0 }
      },
      "00042" : {
        "mmconts" : [201, 201, 201],
        "acts" : [4372, 4372],
        "tstate" : { "idle" : 880997, "run" : 118829, "locked" : 0, "mmap" : 109 }
      },
      "00043" : {
        "mmconts" : [201, 201, 201],
        "acts" : [4358, 4358],
        "tstate" : { "idle" : 879828, "run" : 120107, "locked" : 1, "mmap" : 0 }
      },
      "00044" : {
        "mmconts" : [201, 201, 201],
        "acts" : [4363, 4363],
        "tstate" : { "idle" : 879090, "run" : 120398, "locked" : 448, "mmap" : 0 }
      }
    }
  },
  "benchmark_io" : {
    "simple_times" : {
      "mcount" : {
        "mcount" : { "2 -- 4" : 10, "1 -- 2" : 36, "1 -- 1" : 135, "-- 1" : 7067 }
      }
    },
    "stream_method" : {
      "conns" : [7252, 7252],
      "in" : [1348128, 1348230],
      "out" : [1156262, 1156348],
      "mmtasks" : [0, 2, 24],
      "load" : 0.166,
      "mcount" : {
        "mcount" : { "Success" : 7248 }
      },
      "http_proto0" : {
        "mcount" : {
          "mcount" : { "OK" : 7248 }
        }
      },
      "source_log" : {
        "delta" : [0, 0, 0]
      },
      "loggers" : {
        "brief_logger" : {
          "records" : [7248, 7248],
          "out" : [367454, 367481]
        }
      }
    }
  }
},
"2023-04-22 16:37:38.924 +0000" : {
  "main_scheduler" : {
    "bqs" : {
      "00040" : {
        "mmconts" : [201, 201, 201],
        "acts" : [4478, 4477],
        "tstate" : { "idle" : 874626, "run" : 124957, "locked" : 587, "mmap" : 0 }
      },
      "00041" : {
        "mmconts" : [201, 201, 201],
        "acts" : [4476, 4475],
        "tstate" : { "idle" : 877761, "run" : 122146, "locked" : 262, "mmap" : 0 }
      },
      "00042" : {
        "mmconts" : [201, 201, 201],
        "acts" : [4384, 4383],
        "tstate" : { "idle" : 883892, "run" : 115732, "locked" : 545, "mmap" : 0 }
      },
      "00043" : {
        "mmconts" : [201, 201, 201],
        "acts" : [4473, 4472],
        "tstate" : { "idle" : 877251, "run" : 122760, "locked" : 36, "mmap" : 120 }
      },
      "00044" : {
        "mmconts" : [201, 201, 201],
        "acts" : [4447, 4446],
        "tstate" : { "idle" : 878437, "run" : 121700, "locked" : 30, "mmap" : 0 }
      }
    }
  },
  "benchmark_io" : {
    "simple_times" : {
      "mcount" : {
        "mcount" : { "6 -- 10" : 1, "4 -- 6" : 11, "2 -- 4" : 16, "1 -- 2" : 33, "1 -- 1" : 126, "-- 1" : 7234 }
      }
    },
    "stream_method" : {
      "conns" : [7416, 7414],
      "in" : [1380306, 1380076],
      "out" : [1182409, 1182213],
      "mmtasks" : [0, 2, 37],
      "load" : 0.161,
      "mcount" : {
        "mcount" : { "Success" : 7421 }
      },
      "http_proto0" : {
        "mcount" : {
          "mcount" : { "OK" : 7421 }
        }
      },
      "source_log" : {
        "delta" : [0, 0, 0]
      },
      "loggers" : {
        "brief_logger" : {
          "records" : [7421, 7419],
          "out" : [376260, 376198]
        }
      }
    }
  }
},
"2023-04-22 16:37:39.925 +0000" : {
  "main_scheduler" : {
    "bqs" : {
      "00040" : {
        "mmconts" : [201, 201, 201],
        "acts" : [4527, 4525],
        "tstate" : { "idle" : 874120, "run" : 126232, "locked" : 0, "mmap" : 0 }
      },
      "00041" : {
        "mmconts" : [201, 201, 201],
        "acts" : [4518, 4516],
        "tstate" : { "idle" : 877903, "run" : 122042, "locked" : 406, "mmap" : 0 }
      },
      "00042" : {
        "mmconts" : [201, 201, 201],
        "acts" : [4624, 4622],
        "tstate" : { "idle" : 876090, "run" : 124262, "locked" : 0, "mmap" : 0 }
      },
      "00043" : {
        "mmconts" : [201, 201, 201],
        "acts" : [4527, 4525],
        "tstate" : { "idle" : 873271, "run" : 126938, "locked" : 144, "mmap" : 0 }
      },
      "00044" : {
        "mmconts" : [201, 201, 201],
        "acts" : [4558, 4556],
        "tstate" : { "idle" : 879217, "run" : 121036, "locked" : 0, "mmap" : 99 }
      }
    }
  },
  "benchmark_io" : {
    "simple_times" : {
      "mcount" : {
        "mcount" : { "2 -- 4" : 3, "1 -- 2" : 41, "1 -- 1" : 141, "-- 1" : 7399 }
      }
    },
    "stream_method" : {
      "conns" : [7582, 7579],
      "in" : [1410624, 1410119],
      "out" : [1208873, 1208440],
      "mmtasks" : [0, 2, 18],
      "load" : 0.163,
      "mcount" : {
        "mcount" : { "Success" : 7584 }
      },
      "http_proto0" : {
        "mcount" : {
          "mcount" : { "OK" : 7584 }
        }
      },
      "source_log" : {
        "delta" : [0, 0, 0]
      },
      "loggers" : {
        "brief_logger" : {
          "records" : [7584, 7581],
          "out" : [384741, 384602]
        }
      }
    }
  }
},
"2023-04-22 16:37:40.925 +0000" : {
  "main_scheduler" : {
    "bqs" : {
      "00040" : {
        "mmconts" : [201, 201, 201],
        "acts" : [4674, 4674],
        "tstate" : { "idle" : 867064, "run" : 132818, "locked" : 0, "mmap" : 0 }
      },
      "00041" : {
        "mmconts" : [201, 201, 201],
        "acts" : [4662, 4662],
        "tstate" : { "idle" : 872249, "run" : 127590, "locked" : 44, "mmap" : 0 }
      },
      "00042" : {
        "mmconts" : [201, 201, 201],
        "acts" : [4627, 4627],
        "tstate" : { "idle" : 865749, "run" : 133872, "locked" : 164, "mmap" : 97 }
      },
      "00043" : {
        "mmconts" : [201, 201, 201],
        "acts" : [4651, 4651],
        "tstate" : { "idle" : 860056, "run" : 139545, "locked" : 99, "mmap" : 183 }
      },
      "00044" : {
        "mmconts" : [201, 201, 201],
        "acts" : [4639, 4639],
        "tstate" : { "idle" : 870636, "run" : 128666, "locked" : 582, "mmap" : 0 }
      }
    }
  },
  "benchmark_io" : {
    "simple_times" : {
      "mcount" : {
        "mcount" : { "6 -- 10" : 8, "2 -- 4" : 2, "1 -- 2" : 65, "1 -- 1" : 178, "-- 1" : 7496 }
      }
    },
    "stream_method" : {
      "conns" : [7750, 7750],
      "in" : [1441314, 1441488],
      "out" : [1235656, 1235805],
      "mmtasks" : [0, 3, 20],
      "load" : 0.158,
      "mcount" : {
        "mcount" : { "Success" : 7749 }
      },
      "http_proto0" : {
        "mcount" : {
          "mcount" : { "OK" : 7749 }
        }
      },
      "source_log" : {
        "delta" : [0, 0, 0]
      },
      "loggers" : {
        "brief_logger" : {
          "records" : [7749, 7749],
          "out" : [393348, 393395]
        }
      }
    }
  }
},
"2023-04-22 16:37:41.925 +0000" : {
  "main_scheduler" : {
    "bqs" : {
      "00040" : {
        "mmconts" : [201, 201, 201],
        "acts" : [4775, 4773],
        "tstate" : { "idle" : 868362, "run" : 131979, "locked" : 0, "mmap" : 0 }
      },
      "00041" : {
        "mmconts" : [201, 201, 201],
        "acts" : [4746, 4744],
        "tstate" : { "idle" : 870843, "run" : 129498, "locked" : 0, "mmap" : 0 }
      },
      "00042" : {
        "mmconts" : [201, 201, 201],
        "acts" : [4735, 4733],
        "tstate" : { "idle" : 869273, "run" : 130592, "locked" : 476, "mmap" : 0 }
      },
      "00043" : {
        "mmconts" : [201, 201, 201],
        "acts" : [4748, 4746],
        "tstate" : { "idle" : 868887, "run" : 131341, "locked" : 0, "mmap" : 112 }
      },
      "00044" : {
        "mmconts" : [201, 201, 201],
        "acts" : [4750, 4748],
        "tstate" : { "idle" : 866714, "run" : 133626, "locked" : 0, "mmap" : 0 }
      }
    }
  },
  "benchmark_io" : {
    "simple_times" : {
      "mcount" : {
        "mcount" : { "10 -- 16" : 1, "2 -- 4" : 21, "1 -- 2" : 54, "1 -- 1" : 213, "-- 1" : 7628 }
      }
    },
    "stream_method" : {
      "conns" : [7916, 7913],
      "in" : [1472562, 1472040],
      "out" : [1262123, 1261676],
      "mmtasks" : [0, 3, 24],
      "load" : 0.154,
      "mcount" : {
        "mcount" : { "Success" : 7917 }
      },
      "http_proto0" : {
        "mcount" : {
          "mcount" : { "OK" : 7917 }
        }
      },
      "source_log" : {
        "delta" : [0, 0, 0]
      },
      "loggers" : {
        "brief_logger" : {
          "records" : [7917, 7914],
          "out" : [402147, 402005]
        }
      }
    }
  }
},
"2023-04-22 16:37:42.924 +0000" : {
  "main_scheduler" : {
    "bqs" : {
      "00040" : {
        "mmconts" : [201, 201, 201],
        "acts" : [4819, 4823],
        "tstate" : { "idle" : 867369, "run" : 131265, "locked" : 371, "mmap" : 0 }
      },
      "00041" : {
        "mmconts" : [201, 201, 201],
        "acts" : [4853, 4857],
        "tstate" : { "idle" : 868335, "run" : 130671, "locked" : 0, "mmap" : 0 }
      },
      "00042" : {
        "mmconts" : [201, 201, 201],
        "acts" : [4870, 4874],
        "tstate" : { "idle" : 863878, "run" : 134666, "locked" : 463, "mmap" : 0 }
      },
      "00043" : {
        "mmconts" : [201, 201, 201],
        "acts" : [4849, 4853],
        "tstate" : { "idle" : 865748, "run" : 133114, "locked" : 0, "mmap" : 145 }
      },
      "00044" : {
        "mmconts" : [201, 201, 201],
        "acts" : [4855, 4859],
        "tstate" : { "idle" : 859661, "run" : 138966, "locked" : 380, "mmap" : 0 }
      }
    }
  },
  "benchmark_io" : {
    "simple_times" : {
      "mcount" : {
        "mcount" : { "4 -- 6" : 7, "2 -- 4" : 39, "1 -- 2" : 67, "1 -- 1" : 212, "-- 1" : 7752 }
      }
    },
    "stream_method" : {
      "conns" : [8083, 8091],
      "in" : [1502322, 1503827],
      "out" : [1288757, 1290048],
      "mmtasks" : [0, 3, 31],
      "load" : 0.147,
      "mcount" : {
        "mcount" : { "Success" : 8077 }
      },
      "http_proto0" : {
        "mcount" : {
          "mcount" : { "OK" : 8077 }
        }
      },
      "source_log" : {
        "delta" : [0, 0, 0]
      },
      "loggers" : {
        "brief_logger" : {
          "records" : [8077, 8085],
          "out" : [410650, 411060]
        }
      }
    }
  }
},
"2023-04-22 16:37:43.925 +0000" : {
  "main_scheduler" : {
    "bqs" : {
      "00040" : {
        "mmconts" : [201, 201, 201],
        "acts" : [4936, 4932],
        "tstate" : { "idle" : 866315, "run" : 134272, "locked" : 82, "mmap" : 128 }
      },
      "00041" : {
        "mmconts" : [201, 201, 201],
        "acts" : [4949, 4945],
        "tstate" : { "idle" : 868662, "run" : 132135, "locked" : 0, "mmap" : 0 }
      },
      "00042" : {
        "mmconts" : [201, 201, 201],
        "acts" : [4966, 4962],
        "tstate" : { "idle" : 864046, "run" : 136646, "locked" : 0, "mmap" : 105 }
      },
      "00043" : {
        "mmconts" : [201, 201, 201],
        "acts" : [4958, 4954],
        "tstate" : { "idle" : 865692, "run" : 135099, "locked" : 6, "mmap" : 0 }
      },
      "00044" : {
        "mmconts" : [201, 201, 201],
        "acts" : [4957, 4953],
        "tstate" : { "idle" : 868162, "run" : 132125, "locked" : 510, "mmap" : 0 }
      }
    }
  },
  "benchmark_io" : {
    "simple_times" : {
      "mcount" : {
        "mcount" : { "6 -- 10" : 1, "4 -- 6" : 1, "2 -- 4" : 3, "1 -- 2" : 35, "1 -- 1" : 255, "-- 1" : 7963 }
      }
    },
    "stream_method" : {
      "conns" : [8253, 8245],
      "in" : [1535988, 1534637],
      "out" : [1315862, 1314705],
      "mmtasks" : [0, 3, 25],
      "load" : 0.149,
      "mcount" : {
        "mcount" : { "Success" : 8258 }
      },
      "http_proto0" : {
        "mcount" : {
          "mcount" : { "OK" : 8258 }
        }
      },
      "source_log" : {
        "delta" : [0, 0, 0]
      },
      "loggers" : {
        "brief_logger" : {
          "records" : [8258, 8250],
          "out" : [419782, 419412]
        }
      }
    }
  }
},
"2023-04-22 16:37:44.924 +0000" : {
  "main_scheduler" : {
    "bqs" : {
      "00040" : {
        "mmconts" : [201, 201, 201],
        "acts" : [5074, 5076],
        "tstate" : { "idle" : 864933, "run" : 134433, "locked" : 218, "mmap" : 0 }
      },
      "00041" : {
        "mmconts" : [201, 201, 201],
        "acts" : [5048, 5050],
        "tstate" : { "idle" : 855407, "run" : 144027, "locked" : 38, "mmap" : 110 }
      },
      "00042" : {
        "mmconts" : [201, 201, 201],
        "acts" : [4996, 4998],
        "tstate" : { "idle" : 856557, "run" : 142992, "locked" : 33, "mmap" : 0 }
      },
      "00043" : {
        "mmconts" : [201, 201, 201],
        "acts" : [5073, 5075],
        "tstate" : { "idle" : 855307, "run" : 143488, "locked" : 787, "mmap" : 0 }
      },
      "00044" : {
        "mmconts" : [201, 201, 201],
        "acts" : [5053, 5055],
        "tstate" : { "idle" : 858308, "run" : 140870, "locked" : 403, "mmap" : 0 }
      }
    }
  },
  "benchmark_io" : {
    "simple_times" : {
      "mcount" : {
        "mcount" : { "2 -- 4" : 36, "1 -- 2" : 64, "1 -- 1" : 261, "-- 1" : 8053 }
      }
    },
    "stream_method" : {
      "conns" : [8413, 8417],
      "in" : [1565004, 1565796],
      "out" : [1341370, 1342049],
      "mmtasks" : [0, 3, 30],
      "load" : 0.148,
      "mcount" : {
        "mcount" : { "Success" : 8414 }
      },
      "http_proto0" : {
        "mcount" : {
          "mcount" : { "OK" : 8414 }
        }
      },
      "source_log" : {
        "delta" : [0, 0, 0]
      },
      "loggers" : {
        "brief_logger" : {
          "records" : [8414, 8418],
          "out" : [427874, 428091]
        }
      }
    }
  }
},
"2023-04-22 16:37:45.924 +0000" : {
  "main_scheduler" : {
    "bqs" : {
      "00040" : {
        "mmconts" : [201, 201, 201],
        "acts" : [5128, 5129],
        "tstate" : { "idle" : 852184, "run" : 147029, "locked" : 472, "mmap" : 100 }
      },
      "00041" : {
        "mmconts" : [201, 201, 201],
        "acts" : [5156, 5157],
        "tstate" : { "idle" : 846537, "run" : 153140, "locked" : 110, "mmap" : 0 }
      },
      "00042" : {
        "mmconts" : [201, 201, 201],
        "acts" : [5205, 5206],
        "tstate" : { "idle" : 851149, "run" : 148251, "locked" : 373, "mmap" : 13 }
      },
      "00043" : {
        "mmconts" : [201, 201, 201],
        "acts" : [5123, 5124],
        "tstate" : { "idle" : 846427, "run" : 152516, "locked" : 843, "mmap" : 0 }
      },
      "00044" : {
        "mmconts" : [201, 201, 201],
        "acts" : [5149, 5150],
        "tstate" : { "idle" : 853412, "run" : 145508, "locked" : 867, "mmap" : 0 }
      }
    }
  },
  "benchmark_io" : {
    "simple_times" : {
      "mcount" : {
        "mcount" : { "6 -- 10" : 4, "4 -- 6" : 22, "2 -- 4" : 75, "1 -- 2" : 170, "1 -- 1" : 359, "-- 1" : 7951 }
      }
    },
    "stream_method" : {
      "conns" : [8588, 8589],
      "in" : [1596066, 1596407],
      "out" : [1369269, 1369562],
      "mmtasks" : [0, 4, 43],
      "load" : 0.130,
      "mcount" : {
        "mcount" : { "Success" : 8581 }
      },
      "http_proto0" : {
        "mcount" : {
          "mcount" : { "OK" : 8581 }
        }
      },
      "source_log" : {
        "delta" : [0, 0, 0]
      },
      "loggers" : {
        "brief_logger" : {
          "records" : [8581, 8582],
          "out" : [437396, 437488]
        }
      }
    }
  }
},
"2023-04-22 16:37:46.924 +0000" : {
  "main_scheduler" : {
    "bqs" : {
      "00040" : {
        "mmconts" : [201, 201, 201],
        "acts" : [5238, 5237],
        "tstate" : { "idle" : 842977, "run" : 156826, "locked" : 137, "mmap" : 88 }
      },
      "00041" : {
        "mmconts" : [201, 201, 201],
        "acts" : [5257, 5256],
        "tstate" : { "idle" : 849590, "run" : 149791, "locked" : 645, "mmap" : 0 }
      },
      "00042" : {
        "mmconts" : [201, 201, 201],
        "acts" : [5246, 5245],
        "tstate" : { "idle" : 850376, "run" : 149650, "locked" : 0, "mmap" : 0 }
      },
      "00043" : {
        "mmconts" : [201, 201, 201],
        "acts" : [5246, 5245],
        "tstate" : { "idle" : 850418, "run" : 149390, "locked" : 80, "mmap" : 138 }
      },
      "00044" : {
        "mmconts" : [201, 201, 201],
        "acts" : [5257, 5256],
        "tstate" : { "idle" : 853164, "run" : 146660, "locked" : 202, "mmap" : 0 }
      }
    }
  },
  "benchmark_io" : {
    "simple_times" : {
      "mcount" : {
        "mcount" : { "10 -- 16" : 5, "2 -- 4" : 10, "1 -- 2" : 81, "1 -- 1" : 354, "-- 1" : 8293 }
      }
    },
    "stream_method" : {
      "conns" : [8749, 8748],
      "in" : [1626198, 1626150],
      "out" : [1394938, 1394897],
      "mmtasks" : [0, 4, 24],
      "load" : 0.143,
      "mcount" : {
        "mcount" : { "Success" : 8743 }
      },
      "http_proto0" : {
        "mcount" : {
          "mcount" : { "OK" : 8743 }
        }
      },
      "source_log" : {
        "delta" : [0, 0, 0]
      },
      "loggers" : {
        "brief_logger" : {
          "records" : [8743, 8742],
          "out" : [445032, 445019]
        }
      }
    }
  }
},
"2023-04-22 16:37:47.925 +0000" : {
  "main_scheduler" : {
    "bqs" : {
      "00040" : {
        "mmconts" : [201, 201, 201],
        "acts" : [5390, 5385],
        "tstate" : { "idle" : 845700, "run" : 155101, "locked" : 0, "mmap" : 114 }
      },
      "00041" : {
        "mmconts" : [201, 201, 201],
        "acts" : [5352, 5347],
        "tstate" : { "idle" : 848147, "run" : 152525, "locked" : 244, "mmap" : 0 }
      },
      "00042" : {
        "mmconts" : [201, 201, 201],
        "acts" : [5323, 5318],
        "tstate" : { "idle" : 848542, "run" : 152249, "locked" : 126, "mmap" : 0 }
      },
      "00043" : {
        "mmconts" : [201, 201, 201],
        "acts" : [5379, 5374],
        "tstate" : { "idle" : 851826, "run" : 149091, "locked" : 0, "mmap" : 0 }
      },
      "00044" : {
        "mmconts" : [201, 201, 201],
        "acts" : [5327, 5322],
        "tstate" : { "idle" : 851313, "run" : 149604, "locked" : 0, "mmap" : 0 }
      }
    }
  },
  "benchmark_io" : {
    "simple_times" : {
      "mcount" : {
        "mcount" : { "6 -- 10" : 5, "4 -- 6" : 28, "2 -- 4" : 29, "1 -- 2" : 74, "1 -- 1" : 378, "-- 1" : 8414 }
      }
    },
    "stream_method" : {
      "conns" : [8917, 8908],
      "in" : [1660608, 1659084],
      "out" : [1421563, 1420259],
      "mmtasks" : [0, 4, 48],
      "load" : 0.135,
      "mcount" : {
        "mcount" : { "Success" : 8928 }
      },
      "http_proto0" : {
        "mcount" : {
          "mcount" : { "OK" : 8928 }
        }
      },
      "source_log" : {
        "delta" : [0, 0, 0]
      },
      "loggers" : {
        "brief_logger" : {
          "records" : [8928, 8919],
          "out" : [454806, 454388]
        }
      }
    }
  }
},
"2023-04-22 16:37:48.925 +0000" : {
  "main_scheduler" : {
    "bqs" : {
      "00040" : {
        "mmconts" : [201, 201, 201],
        "acts" : [5434, 5436],
        "tstate" : { "idle" : 846190, "run" : 153294, "locked" : 146, "mmap" : 0 }
      },
      "00041" : {
        "mmconts" : [201, 201, 201],
        "acts" : [5454, 5456],
        "tstate" : { "idle" : 842815, "run" : 156444, "locked" : 370, "mmap" : 0 }
      },
      "00042" : {
        "mmconts" : [201, 201, 201],
        "acts" : [5482, 5484],
        "tstate" : { "idle" : 842209, "run" : 156672, "locked" : 747, "mmap" : 0 }
      },
      "00043" : {
        "mmconts" : [201, 201, 201],
        "acts" : [5423, 5425],
        "tstate" : { "idle" : 845680, "run" : 153402, "locked" : 440, "mmap" : 106 }
      },
      "00044" : {
        "mmconts" : [201, 201, 201],
        "acts" : [5466, 5468],
        "tstate" : { "idle" : 843261, "run" : 155804, "locked" : 351, "mmap" : 212 }
      }
    }
  },
  "benchmark_io" : {
    "simple_times" : {
      "mcount" : {
        "mcount" : { "4 -- 6" : 3, "2 -- 4" : 46, "1 -- 2" : 117, "1 -- 1" : 376, "-- 1" : 8544 }
      }
    },
    "stream_method" : {
      "conns" : [9087, 9090],
      "in" : [1689996, 1690613],
      "out" : [1448995, 1449524],
      "mmtasks" : [0, 4, 34],
      "load" : 0.136,
      "mcount" : {
        "mcount" : { "Success" : 9086 }
      },
      "http_proto0" : {
        "mcount" : {
          "mcount" : { "OK" : 9086 }
        }
      },
      "source_log" : {
        "delta" : [0, 0, 0]
      },
      "loggers" : {
        "brief_logger" : {
          "records" : [9086, 9089],
          "out" : [462970, 463139]
        }
      }
    }
  }
},
"2023-04-22 16:37:49.925 +0000" : {
  "main_scheduler" : {
    "bqs" : {
      "00040" : {
        "mmconts" : [201, 201, 201],
        "acts" : [5548, 5548],
        "tstate" : { "idle" : 842780, "run" : 156808, "locked" : 399, "mmap" : 0 }
      },
      "00041" : {
        "mmconts" : [201, 201, 201],
        "acts" : [5533, 5533],
        "tstate" : { "idle" : 837076, "run" : 161926, "locked" : 987, "mmap" : 0 }
      },
      "00042" : {
        "mmconts" : [201, 201, 201],
        "acts" : [5560, 5560],
        "tstate" : { "idle" : 838415, "run" : 161350, "locked" : 118, "mmap" : 106 }
      },
      "00043" : {
        "mmconts" : [201, 201, 201],
        "acts" : [5567, 5567],
        "tstate" : { "idle" : 838592, "run" : 160792, "locked" : 606, "mmap" : 0 }
      },
      "00044" : {
        "mmconts" : [201, 201, 201],
        "acts" : [5545, 5545],
        "tstate" : { "idle" : 841923, "run" : 158067, "locked" : 0, "mmap" : 0 }
      }
    }
  },
  "benchmark_io" : {
    "simple_times" : {
      "mcount" : {
        "mcount" : { "6 -- 10" : 10, "4 -- 6" : 49, "2 -- 4" : 49, "1 -- 2" : 211, "1 -- 1" : 580, "-- 1" : 8350 }
      }
    },
    "stream_method" : {
      "conns" : [9249, 9249],
      "in" : [1720500, 1720536],
      "out" : [1474664, 1474694],
      "mmtasks" : [0, 5, 52],
      "load" : 0.118,
      "mcount" : {
        "mcount" : { "Success" : 9249 }
      },
      "http_proto0" : {
        "mcount" : {
          "mcount" : { "OK" : 9250 }
        }
      },
      "source_log" : {
        "delta" : [0, 0, 0]
      },
      "loggers" : {
        "brief_logger" : {
          "records" : [9249, 9249],
          "out" : [472913, 472921]
        }
      }
    }
  }
},
"2023-04-22 16:37:50.924 +0000" : {
  "main_scheduler" : {
    "bqs" : {
      "00040" : {
        "mmconts" : [201, 201, 201],
        "acts" : [5677, 5681],
        "tstate" : { "idle" : 853973, "run" : 145262, "locked" : 53, "mmap" : 0 }
      },
      "00041" : {
        "mmconts" : [201, 201, 201],
        "acts" : [5657, 5661],
        "tstate" : { "idle" : 851500, "run" : 147545, "locked" : 93, "mmap" : 148 }
      },
      "00042" : {
        "mmconts" : [201, 201, 201],
        "acts" : [5596, 5599],
        "tstate" : { "idle" : 854666, "run" : 144029, "locked" : 499, "mmap" : 92 }
      },
      "00043" : {
        "mmconts" : [201, 201, 201],
        "acts" : [5651, 5655],
        "tstate" : { "idle" : 850297, "run" : 148981, "locked" : 7, "mmap" : 0 }
      },
      "00044" : {
        "mmconts" : [201, 201, 201],
        "acts" : [5650, 5654],
        "tstate" : { "idle" : 848979, "run" : 150257, "locked" : 37, "mmap" : 12 }
      }
    }
  },
  "benchmark_io" : {
    "simple_times" : {
      "mcount" : {
        "mcount" : { "10 -- 16" : 1, "2 -- 4" : 6, "1 -- 2" : 63, "1 -- 1" : 316, "-- 1" : 9025 }
      }
    },
    "stream_method" : {
      "conns" : [9409, 9415],
      "in" : [1750260, 1751519],
      "out" : [1500172, 1501251],
      "mmtasks" : [0, 4, 28],
      "load" : 0.136,
      "mcount" : {
        "mcount" : { "Success" : 9411 }
      },
      "http_proto0" : {
        "mcount" : {
          "mcount" : { "OK" : 9410 }
        }
      },
      "source_log" : {
        "delta" : [0, 0, 0]
      },
      "loggers" : {
        "brief_logger" : {
          "records" : [9411, 9417],
          "out" : [478666, 479011]
        }
      }
    }
  }
},
"2023-04-22 16:37:51.924 +0000" : {
  "main_scheduler" : {
    "bqs" : {
      "00040" : {
        "mmconts" : [201, 201, 201],
        "acts" : [5725, 5722],
        "tstate" : { "idle" : 848314, "run" : 152029, "locked" : 164, "mmap" : 0 }
      },
      "00041" : {
        "mmconts" : [201, 201, 201],
        "acts" : [5744, 5741],
        "tstate" : { "idle" : 845907, "run" : 154507, "locked" : 0, "mmap" : 95 }
      },
      "00042" : {
        "mmconts" : [201, 201, 201],
        "acts" : [5809, 5806],
        "tstate" : { "idle" : 846014, "run" : 153788, "locked" : 708, "mmap" : 0 }
      },
      "00043" : {
        "mmconts" : [201, 201, 201],
        "acts" : [5744, 5741],
        "tstate" : { "idle" : 848934, "run" : 151357, "locked" : 219, "mmap" : 0 }
      },
      "00044" : {
        "mmconts" : [201, 201, 201],
        "acts" : [5747, 5744],
        "tstate" : { "idle" : 844260, "run" : 155983, "locked" : 267, "mmap" : 0 }
      }
    }
  },
  "benchmark_io" : {
    "simple_times" : {
      "mcount" : {
        "mcount" : { "4 -- 6" : 2, "2 -- 4" : 25, "1 -- 2" : 78, "1 -- 1" : 305, "-- 1" : 9174 }
      }
    },
    "stream_method" : {
      "conns" : [9589, 9584],
      "in" : [1782624, 1781706],
      "out" : [1528868, 1528081],
      "mmtasks" : [0, 4, 32],
      "load" : 0.136,
      "mcount" : {
        "mcount" : { "Success" : 9584 }
      },
      "http_proto0" : {
        "mcount" : {
          "mcount" : { "OK" : 9584 }
        }
      },
      "source_log" : {
        "delta" : [0, 0, 0]
      },
      "loggers" : {
        "brief_logger" : {
          "records" : [9584, 9579],
          "out" : [487814, 487561]
        }
      }
    }
  }
},
"2023-04-22 16:37:52.925 +0000" : {
  "main_scheduler" : {
    "bqs" : {
      "00040" : {
        "mmconts" : [201, 201, 201],
        "acts" : [5858, 5857],
        "tstate" : { "idle" : 835905, "run" : 164075, "locked" : 76, "mmap" : 0 }
      },
      "00041" : {
        "mmconts" : [201, 201, 201],
        "acts" : [5851, 5850],
        "tstate" : { "idle" : 837630, "run" : 162232, "locked" : 195, "mmap" : 0 }
      },
      "00042" : {
        "mmconts" : [201, 201, 201],
        "acts" : [5833, 5832],
        "tstate" : { "idle" : 835455, "run" : 164576, "locked" : 25, "mmap" : 0 }
      },
      "00043" : {
        "mmconts" : [201, 201, 201],
        "acts" : [5848, 5847],
        "tstate" : { "idle" : 838718, "run" : 161230, "locked" : 0, "mmap" : 108 }
      },
      "00044" : {
        "mmconts" : [201, 201, 201],
        "acts" : [5865, 5864],
        "tstate" : { "idle" : 839313, "run" : 160626, "locked" : 0, "mmap" : 117 }
      }
    }
  },
  "benchmark_io" : {
    "simple_times" : {
      "mcount" : {
        "mcount" : { "10 -- 16" : 1, "2 -- 4" : 23, "1 -- 2" : 90, "1 -- 1" : 367, "-- 1" : 9271 }
      }
    },
    "stream_method" : {
      "conns" : [9751, 9750],
      "in" : [1813872, 1813764],
      "out" : [1554697, 1554605],
      "mmtasks" : [0, 4, 29],
      "load" : 0.135,
      "mcount" : {
        "mcount" : { "Success" : 9752 }
      },
      "http_proto0" : {
        "mcount" : {
          "mcount" : { "OK" : 9752 }
        }
      },
      "source_log" : {
        "delta" : [0, 0, 0]
      },
      "loggers" : {
        "brief_logger" : {
          "records" : [9752, 9751],
          "out" : [497109, 497080]
        }
      }
    }
  }
},
"2023-04-22 16:37:53.924 +0000" : {
  "main_scheduler" : {
    "bqs" : {
      "00040" : {
        "mmconts" : [1, 191, 201],
        "acts" : [5952, 5956],
        "tstate" : { "idle" : 821874, "run" : 176425, "locked" : 36, "mmap" : 977 }
      },
      "00041" : {
        "mmconts" : [0, 191, 201],
        "acts" : [5956, 5960],
        "tstate" : { "idle" : 825725, "run" : 172538, "locked" : 1, "mmap" : 1046 }
      },
      "00042" : {
        "mmconts" : [1, 191, 201],
        "acts" : [5932, 5936],
        "tstate" : { "idle" : 827347, "run" : 170854, "locked" : 190, "mmap" : 920 }
      },
      "00043" : {
        "mmconts" : [1, 190, 201],
        "acts" : [5946, 5950],
        "tstate" : { "idle" : 826954, "run" : 171421, "locked" : 0, "mmap" : 936 }
      },
      "00044" : {
        "mmconts" : [1, 191, 201],
        "acts" : [5950, 5954],
        "tstate" : { "idle" : 827292, "run" : 170962, "locked" : 50, "mmap" : 1007 }
      }
    }
  },
  "benchmark_io" : {
    "simple_times" : {
      "mcount" : {
        "mcount" : { "6 -- 10" : 15, "4 -- 6" : 113, "2 -- 4" : 168, "1 -- 2" : 181, "1 -- 1" : 522, "-- 1" : 8915 }
      }
    },
    "stream_method" : {
      "conns" : [9909, 9915],
      "in" : [1844004, 1845266],
      "out" : [1579886, 1580967],
      "mmtasks" : [0, 6, 60],
      "load" : 0.108,
      "mcount" : {
        "mcount" : { "Success" : 9914 }
      },
      "http_proto0" : {
        "mcount" : {
          "mcount" : { "OK" : 9914 }
        }
      },
      "source_log" : {
        "delta" : [0, 0, 0]
      },
      "loggers" : {
        "brief_logger" : {
          "records" : [9914, 9920],
          "out" : [507290, 507636]
        }
      }
    }
  }
}