2023-04-22 16:31:07,852 [INFO] root tankworker.py:153	Log file created
2023-04-22 16:31:07,852 [INFO] root tankworker.py:157	Logging handler <FileHandler /var/loadtest/tank_errors.log (WARNING)> added
2023-04-22 16:31:07,853 [INFO] root tankworker.py:157	Logging handler <StreamHandler <stdout> (INFO)> added
2023-04-22 16:31:07,853 [INFO] root tankworker.py:157	Logging handler <StreamHandler <stderr> (NOTSET)> added
2023-04-22 16:31:07,861 [INFO] root tankworker.py:69	Created a folder for the test. /var/loadtest/logs/2023-04-22_16-31-07.824150
2023-04-22 16:31:07,862 [INFO] yandextank.core.tankcore tankcore.py:254	Configuring plugins...
2023-04-22 16:31:07,862 [INFO] yandextank.core.tankcore tankcore.py:205	Loading plugins...
2023-04-22 16:31:07,862 [INFO] yandextank.core.tankcore tankcore.py:215	Trying to import module: autostop
2023-04-22 16:31:07,862 [INFO] yandextank.core.tankcore tankcore.py:216	Path: yandextank.plugins.Autostop
2023-04-22 16:31:07,862 [INFO] yandextank.core.tankcore tankcore.py:215	Trying to import module: console
2023-04-22 16:31:07,862 [INFO] yandextank.core.tankcore tankcore.py:216	Path: yandextank.plugins.Console
2023-04-22 16:31:07,862 [INFO] yandextank.core.tankcore tankcore.py:215	Trying to import module: json_report
2023-04-22 16:31:07,862 [INFO] yandextank.core.tankcore tankcore.py:216	Path: yandextank.plugins.JsonReport
2023-04-22 16:31:07,863 [INFO] yandextank.core.tankcore tankcore.py:215	Trying to import module: phantom
2023-04-22 16:31:07,863 [INFO] yandextank.core.tankcore tankcore.py:216	Path: yandextank.plugins.Phantom
2023-04-22 16:31:07,863 [INFO] yandextank.core.tankcore tankcore.py:215	Trying to import module: rcheck
2023-04-22 16:31:07,863 [INFO] yandextank.core.tankcore tankcore.py:216	Path: yandextank.plugins.ResourceCheck
2023-04-22 16:31:07,863 [INFO] yandextank.core.tankcore tankcore.py:215	Trying to import module: shellexec
2023-04-22 16:31:07,863 [INFO] yandextank.core.tankcore tankcore.py:216	Path: yandextank.plugins.ShellExec
2023-04-22 16:31:07,863 [INFO] yandextank.core.tankcore tankcore.py:215	Trying to import module: rcassert
2023-04-22 16:31:07,863 [INFO] yandextank.core.tankcore tankcore.py:216	Path: yandextank.plugins.RCAssert
2023-04-22 16:31:07,863 [INFO] yandextank.core.tankcore tankcore.py:215	Trying to import module: overload
2023-04-22 16:31:07,863 [INFO] yandextank.core.tankcore tankcore.py:216	Path: yandextank.plugins.DataUploader
2023-04-22 16:31:07,866 [INFO] yandextank.common.util util.py:578	Testing connection to resolved address 127.0.0.1 and port 8800
2023-04-22 16:31:07,867 [INFO] yandextank.plugins.Phantom.utils utils.py:277	Resolved localhost into 127.0.0.1:8800
2023-04-22 16:31:07,867 [INFO] yandextank.stepper.main main.py:197	Configuring StepperWrapper...
2023-04-22 16:31:07,867 [INFO] yandextank.stepper.main main.py:336	Making stpd-file: /var/loadtest/ammo.stpd
2023-04-22 16:31:07,868 [INFO] yandextank.stepper.config config.py:76	Default ammo type ('phantom') used, use 'phantom.ammo_type' option to override it
2023-04-22 16:31:07,868 [INFO] yandextank.stepper.config config.py:76	Default ammo type ('phantom') used, use 'phantom.ammo_type' option to override it
2023-04-22 16:31:07,868 [INFO] yandextank.stepper.missile missile.py:95	Loading ammo from 'ammo.txt'
2023-04-22 16:31:07,868 [INFO] yandextank.stepper.config config.py:126	Using AmmoFileReader ammo reader
2023-04-22 16:31:10,039 [INFO] yandextank.core.tankcore tankcore.py:268	Preparing test...
2023-04-22 16:31:10,048 [INFO] yandextank.common.interfaces plugin.py:38	Checking tank resources...
2023-04-22 16:31:10,053 [INFO] root plugin.py:585	Using OVERLOAD backend
2023-04-22 16:31:10,054 [INFO] yandextank.plugins.DataUploader.plugin plugin.py:703	Read authentication token from token.txt, token length is 32 bytes
2023-04-22 16:31:10,065 [INFO] yandextank.plugins.DataUploader.client client.py:81	Proxy not set
2023-04-22 16:31:10,065 [INFO] yandextank.plugins.DataUploader.plugin plugin.py:728	Detected target: localhost
2023-04-22 16:31:10,244 [WARNING] root tankworker.py:118	Interrupting
2023-04-22 16:31:10,251 [ERROR] yandextank.common.util util.py:815	Exception occurred:
<class 'KeyboardInterrupt'>: 
  File "/usr/local/lib/python3.8/dist-packages/yandextank/core/tankworker.py", line 72, in run
    self.core.plugins_prepare_test()

  File "/usr/local/lib/python3.8/dist-packages/yandextank/core/tankcore.py", line 273, in plugins_prepare_test
    plugin.prepare_test()

  File "/usr/local/lib/python3.8/dist-packages/yandextank/plugins/DataUploader/plugin.py", line 302, in prepare_test
    lp_job = self.lp_job

  File "/usr/local/lib/python3.8/dist-packages/yandextank/plugins/DataUploader/plugin.py", line 620, in lp_job
    self._lp_job = self.__get_lp_job()

  File "/usr/local/lib/python3.8/dist-packages/yandextank/plugins/DataUploader/plugin.py", line 673, in __get_lp_job
    lp_job.send_config(LPRequisites.CONFIGINITIAL, yaml.dump(self.core.configinitial))

  File "/usr/local/lib/python3.8/dist-packages/yandextank/plugins/DataUploader/plugin.py", line 893, in send_config
    self.api_client.send_config(self.number, lp_requisites, content, trace=self.log_other_requests)

  File "/usr/local/lib/python3.8/dist-packages/yandextank/plugins/DataUploader/plugin.py", line 851, in number
    self.create()

  File "/usr/local/lib/python3.8/dist-packages/yandextank/plugins/DataUploader/plugin.py", line 867, in create
    self._number, self._token = self.api_client.new_job(task=self.task,

  File "/usr/local/lib/python3.8/dist-packages/yandextank/plugins/DataUploader/client.py", line 363, in new_job
    response = self.__post(

  File "/usr/local/lib/python3.8/dist-packages/yandextank/plugins/DataUploader/client.py", line 304, in __post
    return self.__make_api_request(

  File "/usr/local/lib/python3.8/dist-packages/yandextank/plugins/DataUploader/client.py", line 215, in __make_api_request
    response = self.__send_single_request(request, next(ids), trace=trace)

  File "/usr/local/lib/python3.8/dist-packages/yandextank/plugins/DataUploader/client.py", line 153, in __send_single_request
    resp = self.session.send(p, timeout=self.connection_timeout)

  File "/usr/lib/python3/dist-packages/requests/sessions.py", line 646, in send
    r = adapter.send(request, **kwargs)

  File "/usr/lib/python3/dist-packages/requests/adapters.py", line 439, in send
    resp = conn.urlopen(

  File "/usr/lib/python3/dist-packages/urllib3/connectionpool.py", line 665, in urlopen
    httplib_response = self._make_request(

  File "/usr/lib/python3/dist-packages/urllib3/connectionpool.py", line 376, in _make_request
    self._validate_conn(conn)

  File "/usr/lib/python3/dist-packages/urllib3/connectionpool.py", line 996, in _validate_conn
    conn.connect()

  File "/usr/lib/python3/dist-packages/urllib3/connection.py", line 366, in connect
    self.sock = ssl_wrap_socket(

  File "/usr/lib/python3/dist-packages/urllib3/util/ssl_.py", line 370, in ssl_wrap_socket
    return context.wrap_socket(sock, server_hostname=server_hostname)

  File "/usr/lib/python3/dist-packages/urllib3/contrib/pyopenssl.py", line 487, in wrap_socket
    if not util.wait_for_read(sock, sock.gettimeout()):

  File "/usr/lib/python3/dist-packages/urllib3/util/wait.py", line 146, in wait_for_read
    return wait_for_socket(sock, read=True, timeout=timeout)

  File "/usr/lib/python3/dist-packages/urllib3/util/wait.py", line 107, in poll_wait_for_socket
    return bool(_retry_on_intr(do_poll, timeout))

  File "/usr/lib/python3/dist-packages/urllib3/util/wait.py", line 43, in _retry_on_intr
    return fn(timeout)

  File "/usr/lib/python3/dist-packages/urllib3/util/wait.py", line 105, in do_poll
    return poll_obj.poll(t)

2023-04-22 16:31:10,251 [INFO] yandextank.common.util util.py:816	Trying to clean up
2023-04-22 16:31:10,251 [INFO] yandextank.core.tankcore tankcore.py:562	Cleaning up plugin plugin_autostop
2023-04-22 16:31:10,251 [INFO] yandextank.core.tankcore tankcore.py:562	Cleaning up plugin plugin_console
2023-04-22 16:31:10,251 [INFO] yandextank.core.tankcore tankcore.py:562	Cleaning up plugin plugin_json_report
2023-04-22 16:31:10,251 [INFO] yandextank.core.tankcore tankcore.py:562	Cleaning up plugin plugin_phantom
2023-04-22 16:31:10,251 [INFO] yandextank.core.tankcore tankcore.py:562	Cleaning up plugin plugin_rcheck
2023-04-22 16:31:10,251 [INFO] yandextank.core.tankcore tankcore.py:562	Cleaning up plugin plugin_shellexec
2023-04-22 16:31:10,251 [INFO] yandextank.core.tankcore tankcore.py:562	Cleaning up plugin plugin_rcassert
2023-04-22 16:31:10,251 [INFO] yandextank.core.tankcore tankcore.py:562	Cleaning up plugin plugin_overload
2023-04-22 16:31:10,252 [INFO] yandextank.core.tankcore tankcore.py:630	Releasing lock: /var/lock/lunapark_77j0cz9u.lock
2023-04-22 16:31:10,257 [INFO] yandextank.core.tankcore tankcore.py:405	Artifacts dir: /var/loadtest/logs/2023-04-22_16-31-07.824150
2023-04-22 16:31:10,257 [INFO] yandextank.core.tankcore tankcore.py:461	File not found to collect: validation_error.yaml
2023-04-22 16:31:10,258 [INFO] yandextank.core.tankcore tankcore.py:466	File already exists: /var/loadtest/logs/2023-04-22_16-31-07.824150/answ_9t0t0ux_.log
2023-04-22 16:31:10,258 [INFO] yandextank.core.tankcore tankcore.py:466	File already exists: /var/loadtest/logs/2023-04-22_16-31-07.824150/phout_8621v6rr.log
2023-04-22 16:31:10,258 [INFO] yandextank.core.tankcore tankcore.py:466	File already exists: /var/loadtest/logs/2023-04-22_16-31-07.824150/phantom_stat_le4qfcx8.log
2023-04-22 16:31:10,258 [INFO] yandextank.core.tankcore tankcore.py:466	File already exists: /var/loadtest/logs/2023-04-22_16-31-07.824150/phantom_24fz7ujc.log
2023-04-22 16:31:10,258 [INFO] yandextank.core.tankcore tankcore.py:466	File already exists: /var/loadtest/logs/2023-04-22_16-31-07.824150/phantom_orr3lcy6.conf
