2023-04-22 16:39:57,196 [INFO] root tankworker.py:153	Log file created
2023-04-22 16:39:57,196 [INFO] root tankworker.py:157	Logging handler <FileHandler /var/loadtest/tank_errors.log (WARNING)> added
2023-04-22 16:39:57,196 [INFO] root tankworker.py:157	Logging handler <StreamHandler <stdout> (INFO)> added
2023-04-22 16:39:57,196 [INFO] root tankworker.py:157	Logging handler <StreamHandler <stderr> (NOTSET)> added
2023-04-22 16:39:57,207 [INFO] root tankworker.py:69	Created a folder for the test. /var/loadtest/logs/2023-04-22_16-39-57.167549
2023-04-22 16:39:57,208 [INFO] yandextank.core.tankcore tankcore.py:254	Configuring plugins...
2023-04-22 16:39:57,208 [INFO] yandextank.core.tankcore tankcore.py:205	Loading plugins...
2023-04-22 16:39:57,208 [INFO] yandextank.core.tankcore tankcore.py:215	Trying to import module: autostop
2023-04-22 16:39:57,208 [INFO] yandextank.core.tankcore tankcore.py:216	Path: yandextank.plugins.Autostop
2023-04-22 16:39:57,208 [INFO] yandextank.core.tankcore tankcore.py:215	Trying to import module: console
2023-04-22 16:39:57,209 [INFO] yandextank.core.tankcore tankcore.py:216	Path: yandextank.plugins.Console
2023-04-22 16:39:57,209 [INFO] yandextank.core.tankcore tankcore.py:215	Trying to import module: json_report
2023-04-22 16:39:57,209 [INFO] yandextank.core.tankcore tankcore.py:216	Path: yandextank.plugins.JsonReport
2023-04-22 16:39:57,209 [INFO] yandextank.core.tankcore tankcore.py:215	Trying to import module: phantom
2023-04-22 16:39:57,209 [INFO] yandextank.core.tankcore tankcore.py:216	Path: yandextank.plugins.Phantom
2023-04-22 16:39:57,209 [INFO] yandextank.core.tankcore tankcore.py:215	Trying to import module: rcheck
2023-04-22 16:39:57,209 [INFO] yandextank.core.tankcore tankcore.py:216	Path: yandextank.plugins.ResourceCheck
2023-04-22 16:39:57,210 [INFO] yandextank.core.tankcore tankcore.py:215	Trying to import module: shellexec
2023-04-22 16:39:57,210 [INFO] yandextank.core.tankcore tankcore.py:216	Path: yandextank.plugins.ShellExec
2023-04-22 16:39:57,210 [INFO] yandextank.core.tankcore tankcore.py:215	Trying to import module: rcassert
2023-04-22 16:39:57,210 [INFO] yandextank.core.tankcore tankcore.py:216	Path: yandextank.plugins.RCAssert
2023-04-22 16:39:57,210 [INFO] yandextank.core.tankcore tankcore.py:215	Trying to import module: overload
2023-04-22 16:39:57,210 [INFO] yandextank.core.tankcore tankcore.py:216	Path: yandextank.plugins.DataUploader
2023-04-22 16:39:57,213 [INFO] yandextank.common.util util.py:578	Testing connection to resolved address 127.0.0.1 and port 8800
2023-04-22 16:39:57,213 [INFO] yandextank.plugins.Phantom.utils utils.py:277	Resolved localhost into 127.0.0.1:8800
2023-04-22 16:39:57,213 [INFO] yandextank.stepper.main main.py:197	Configuring StepperWrapper...
2023-04-22 16:39:57,213 [INFO] yandextank.stepper.main main.py:336	Making stpd-file: /var/loadtest/ammo.stpd
2023-04-22 16:39:57,214 [INFO] yandextank.stepper.config config.py:76	Default ammo type ('phantom') used, use 'phantom.ammo_type' option to override it
2023-04-22 16:39:57,215 [INFO] yandextank.stepper.config config.py:76	Default ammo type ('phantom') used, use 'phantom.ammo_type' option to override it
2023-04-22 16:39:57,215 [INFO] yandextank.stepper.missile missile.py:95	Loading ammo from 'ammo.txt'
2023-04-22 16:39:57,215 [INFO] yandextank.stepper.config config.py:126	Using AmmoFileReader ammo reader
2023-04-22 16:40:01,432 [INFO] yandextank.core.tankcore tankcore.py:268	Preparing test...
2023-04-22 16:40:01,442 [INFO] yandextank.common.interfaces plugin.py:38	Checking tank resources...
2023-04-22 16:40:01,450 [INFO] root plugin.py:585	Using OVERLOAD backend
2023-04-22 16:40:01,451 [INFO] yandextank.plugins.DataUploader.plugin plugin.py:703	Read authentication token from token.txt, token length is 32 bytes
2023-04-22 16:40:01,462 [INFO] yandextank.plugins.DataUploader.client client.py:81	Proxy not set
2023-04-22 16:40:01,462 [INFO] yandextank.plugins.DataUploader.plugin plugin.py:728	Detected target: localhost
2023-04-22 16:40:01,874 [INFO] yandextank.plugins.DataUploader.plugin plugin.py:877	Job created: 595849
2023-04-22 16:40:01,955 [INFO] yandextank.plugins.DataUploader.plugin plugin.py:547	Locking targets: ['localhost']
2023-04-22 16:40:01,956 [INFO] yandextank.plugins.DataUploader.plugin plugin.py:549	Locked targets: ['localhost']
2023-04-22 16:40:02,228 [INFO] yandextank.core.tankcore tankcore.py:278	Starting test...
2023-04-22 16:40:02,230 [INFO] yandextank.aggregator.tank_aggregator tank_aggregator.py:65	using verbose histogram
2023-04-22 16:40:02,234 [INFO] yandextank.core.tankcore tankcore.py:285	Plugin plugin_autostop required 0.000004 seconds to start
2023-04-22 16:40:02,234 [INFO] yandextank.core.tankcore tankcore.py:285	Plugin plugin_console required 0.000001 seconds to start
2023-04-22 16:40:02,234 [INFO] yandextank.core.tankcore tankcore.py:285	Plugin plugin_json_report required 0.000001 seconds to start
2023-04-22 16:40:02,242 [INFO] yandextank.core.tankcore tankcore.py:285	Plugin plugin_phantom required 0.007823 seconds to start
2023-04-22 16:40:02,242 [INFO] yandextank.core.tankcore tankcore.py:285	Plugin plugin_rcheck required 0.000013 seconds to start
2023-04-22 16:40:02,243 [INFO] yandextank.core.tankcore tankcore.py:285	Plugin plugin_shellexec required 0.000012 seconds to start
2023-04-22 16:40:02,243 [INFO] yandextank.core.tankcore tankcore.py:285	Plugin plugin_rcassert required 0.000004 seconds to start
2023-04-22 16:40:02,243 [INFO] yandextank.plugins.DataUploader.plugin plugin.py:456	Status sender thread started
2023-04-22 16:40:02,243 [INFO] yandextank.plugins.DataUploader.plugin plugin.py:475	Data Uploader thread started
2023-04-22 16:40:02,244 [INFO] yandextank.plugins.DataUploader.plugin plugin.py:475	Monitoring Uploader thread started
2023-04-22 16:40:02,244 [INFO] yandextank.plugins.DataUploader.plugin plugin.py:360	Web link: https://overload.yandex.net/595849
2023-04-22 16:40:02,443 [INFO] yandextank.core.tankcore tankcore.py:285	Plugin plugin_overload required 0.200645 seconds to start
2023-04-22 16:40:02,444 [INFO] yandextank.core.tankcore tankcore.py:294	Waiting for test to finish...
2023-04-22 16:40:02,444 [INFO] yandextank.core.tankcore tankcore.py:295	Artifacts dir: /var/loadtest/logs/2023-04-22_16-39-57.167549
2023-04-22 16:41:24,172 [INFO] yandextank.plugins.Phantom.plugin plugin.py:155	Phantom done its work with exit code: 0
2023-04-22 16:41:24,173 [INFO] yandextank.core.tankcore tankcore.py:331	Finishing test...
2023-04-22 16:41:24,174 [INFO] yandextank.core.tankcore tankcore.py:334	Stopping load generator and aggregator
2023-04-22 16:41:24,174 [INFO] yandextank.aggregator.tank_aggregator tank_aggregator.py:126	Closing stats reader
2023-04-22 16:41:24,174 [INFO] yandextank.aggregator.tank_aggregator tank_aggregator.py:129	Waiting for gun drain to finish
2023-04-22 16:41:24,868 [INFO] yandextank.aggregator.tank_aggregator tank_aggregator.py:131	Waiting for stats drain to finish
2023-04-22 16:41:24,869 [INFO] yandextank.aggregator.tank_aggregator tank_aggregator.py:133	Collecting remaining data
2023-04-22 16:41:24,869 [INFO] yandextank.aggregator.tank_aggregator tank_aggregator.py:111	Timestamps without stats:
2023-04-22 16:41:24,869 [INFO] yandextank.aggregator.tank_aggregator tank_aggregator.py:113	1682181683
2023-04-22 16:41:24,873 [INFO] yandextank.core.tankcore tankcore.py:338	Stopping monitoring
2023-04-22 16:41:25,267 [INFO] yandextank.plugins.DataUploader.plugin plugin.py:540	Unlocking targets: ['localhost']
2023-04-22 16:41:25,268 [INFO] yandextank.plugins.DataUploader.plugin plugin.py:542	localhost
2023-04-22 16:41:25,268 [INFO] yandextank.core.tankcore tankcore.py:361	Post-processing test...
2023-04-22 16:41:25,269 [INFO] yandextank.plugins.DataUploader.plugin plugin.py:412	Waiting for sender threads to join.
2023-04-22 16:41:25,270 [INFO] yandextank.plugins.DataUploader.plugin plugin.py:480	Monitoring Uploader queue returned None
2023-04-22 16:41:25,270 [INFO] yandextank.plugins.DataUploader.plugin plugin.py:480	Data Uploader queue returned None
2023-04-22 16:41:25,270 [INFO] yandextank.plugins.DataUploader.plugin plugin.py:500	Closing Monitoring Uploader thread
2023-04-22 16:41:25,271 [INFO] yandextank.plugins.DataUploader.plugin plugin.py:500	Closing Data Uploader thread
2023-04-22 16:41:25,271 [INFO] yandextank.plugins.DataUploader.plugin plugin.py:418	Web link: https://overload.yandex.net/595849
2023-04-22 16:41:25,489 [INFO] yandextank.common.util util.py:816	Trying to clean up
2023-04-22 16:41:25,489 [INFO] yandextank.core.tankcore tankcore.py:562	Cleaning up plugin plugin_autostop
2023-04-22 16:41:25,489 [INFO] yandextank.core.tankcore tankcore.py:562	Cleaning up plugin plugin_console
2023-04-22 16:41:25,489 [INFO] yandextank.core.tankcore tankcore.py:562	Cleaning up plugin plugin_json_report
2023-04-22 16:41:25,489 [INFO] yandextank.core.tankcore tankcore.py:562	Cleaning up plugin plugin_phantom
2023-04-22 16:41:25,490 [INFO] yandextank.core.tankcore tankcore.py:562	Cleaning up plugin plugin_rcheck
2023-04-22 16:41:25,490 [INFO] yandextank.core.tankcore tankcore.py:562	Cleaning up plugin plugin_shellexec
2023-04-22 16:41:25,490 [INFO] yandextank.core.tankcore tankcore.py:562	Cleaning up plugin plugin_rcassert
2023-04-22 16:41:25,490 [INFO] yandextank.core.tankcore tankcore.py:562	Cleaning up plugin plugin_overload
2023-04-22 16:41:25,490 [INFO] yandextank.plugins.DataUploader.plugin plugin.py:540	Unlocking targets: ['localhost']
2023-04-22 16:41:25,490 [INFO] yandextank.plugins.DataUploader.plugin plugin.py:542	localhost
2023-04-22 16:41:25,567 [INFO] yandextank.core.tankcore tankcore.py:630	Releasing lock: /var/lock/lunapark_5y7dxt63.lock
2023-04-22 16:41:25,572 [INFO] yandextank.core.tankcore tankcore.py:405	Artifacts dir: /var/loadtest/logs/2023-04-22_16-39-57.167549
2023-04-22 16:41:25,572 [INFO] yandextank.core.tankcore tankcore.py:461	File not found to collect: validation_error.yaml
2023-04-22 16:41:25,572 [INFO] yandextank.core.tankcore tankcore.py:466	File already exists: /var/loadtest/logs/2023-04-22_16-39-57.167549/answ_fycj2hec.log
2023-04-22 16:41:25,572 [INFO] yandextank.core.tankcore tankcore.py:466	File already exists: /var/loadtest/logs/2023-04-22_16-39-57.167549/phout_arqj3_23.log
2023-04-22 16:41:25,573 [INFO] yandextank.core.tankcore tankcore.py:466	File already exists: /var/loadtest/logs/2023-04-22_16-39-57.167549/phantom_stat_ozidb6c2.log
2023-04-22 16:41:25,573 [INFO] yandextank.core.tankcore tankcore.py:466	File already exists: /var/loadtest/logs/2023-04-22_16-39-57.167549/phantom_72ehkv_e.log
2023-04-22 16:41:25,573 [INFO] yandextank.core.tankcore tankcore.py:466	File already exists: /var/loadtest/logs/2023-04-22_16-39-57.167549/phantom_gca4pwdp.conf
2023-04-22 16:41:25,573 [INFO] yandextank.core.tankcore tankcore.py:466	File already exists: /var/loadtest/logs/2023-04-22_16-39-57.167549/phantom_stdout_stderr_0pf2xr79.log
