"2023-04-22 16:31:56.936 +0000" : {
  "main_scheduler" : {
    "bqs" : {
      "00040" : {
        "mmconts" : [0, 200, 201],
        "acts" : [240, 239],
        "tstate" : { "idle" : 997503, "run" : 3703, "locked" : 8, "mmap" : 8 }
      },
      "00041" : {
        "mmconts" : [0, 200, 201],
        "acts" : [55, 54],
        "tstate" : { "idle" : 991288, "run" : 7805, "locked" : 544, "mmap" : 1530 }
      },
      "00042" : {
        "mmconts" : [0, 200, 201],
        "acts" : [252, 251],
        "tstate" : { "idle" : 997133, "run" : 3990, "locked" : 11, "mmap" : 8 }
      },
      "00043" : {
        "mmconts" : [0, 200, 201],
        "acts" : [256, 255],
        "tstate" : { "idle" : 996625, "run" : 4490, "locked" : 2, "mmap" : 5 }
      },
      "00044" : {
        "mmconts" : [0, 200, 201],
        "acts" : [258, 257],
        "tstate" : { "idle" : 996463, "run" : 4098, "locked" : 521, "mmap" : 18 }
      }
    }
  },
  "benchmark_io" : {
    "simple_times" : {
      "mcount" : {
        "mcount" : { "1 -- 1" : 4, "-- 1" : 81 }
      }
    },
    "stream_method" : {
      "conns" : [85, 84],
      "in" : [15810, 15787],
      "out" : [13541, 13521],
      "mmtasks" : [0, 0, 1],
      "load" : 0.301,
      "mcount" : {
        "mcount" : { "Success" : 85 }
      },
      "http_proto0" : {
        "mcount" : {
          "mcount" : { "OK" : 85 }
        }
      },
      "source_log" : {
        "delta" : [0, 0, 675]
      },
      "loggers" : {
        "brief_logger" : {
          "records" : [85, 84],
          "out" : [4347, 4340]
        }
      }
    }
  }
},
"2023-04-22 16:31:57.935 +0000" : {
  "main_scheduler" : {
    "bqs" : {
      "00040" : {
        "mmconts" : [201, 201, 201],
        "acts" : [165, 165],
        "tstate" : { "idle" : 991178, "run" : 8031, "locked" : 0, "mmap" : 0 }
      },
      "00041" : {
        "mmconts" : [201, 201, 201],
        "acts" : [147, 147],
        "tstate" : { "idle" : 992308, "run" : 6899, "locked" : 0, "mmap" : 0 }
      },
      "00042" : {
        "mmconts" : [201, 201, 201],
        "acts" : [149, 149],
        "tstate" : { "idle" : 991833, "run" : 7373, "locked" : 0, "mmap" : 0 }
      },
      "00043" : {
        "mmconts" : [201, 201, 201],
        "acts" : [147, 147],
        "tstate" : { "idle" : 992054, "run" : 7152, "locked" : 0, "mmap" : 0 }
      },
      "00044" : {
        "mmconts" : [201, 201, 201],
        "acts" : [147, 147],
        "tstate" : { "idle" : 992047, "run" : 7158, "locked" : 0, "mmap" : 0 }
      }
    }
  },
  "benchmark_io" : {
    "simple_times" : {
      "mcount" : {
        "mcount" : { "1 -- 1" : 1, "-- 1" : 250 }
      }
    },
    "stream_method" : {
      "conns" : [251, 251],
      "in" : [46686, 46724],
      "out" : [40023, 40055],
      "mmtasks" : [0, 0, 1],
      "load" : 0.299,
      "mcount" : {
        "mcount" : { "Success" : 251 }
      },
      "http_proto0" : {
        "mcount" : {
          "mcount" : { "OK" : 251 }
        }
      },
      "source_log" : {
        "delta" : [0, 0, 0]
      },
      "loggers" : {
        "brief_logger" : {
          "records" : [251, 251],
          "out" : [12743, 12753]
        }
      }
    }
  }
},
"2023-04-22 16:31:58.935 +0000" : {
  "main_scheduler" : {
    "bqs" : {
      "00040" : {
        "mmconts" : [201, 201, 201],
        "acts" : [277, 276],
        "tstate" : { "idle" : 990689, "run" : 9771, "locked" : 0, "mmap" : 0 }
      },
      "00041" : {
        "mmconts" : [201, 201, 201],
        "acts" : [276, 275],
        "tstate" : { "idle" : 990257, "run" : 10203, "locked" : 0, "mmap" : 0 }
      },
      "00042" : {
        "mmconts" : [201, 201, 201],
        "acts" : [218, 217],
        "tstate" : { "idle" : 992056, "run" : 8403, "locked" : 0, "mmap" : 0 }
      },
      "00043" : {
        "mmconts" : [201, 201, 201],
        "acts" : [211, 210],
        "tstate" : { "idle" : 992086, "run" : 8373, "locked" : 0, "mmap" : 0 }
      },
      "00044" : {
        "mmconts" : [201, 201, 201],
        "acts" : [276, 275],
        "tstate" : { "idle" : 990433, "run" : 10027, "locked" : 0, "mmap" : 0 }
      }
    }
  },
  "benchmark_io" : {
    "simple_times" : {
      "mcount" : {
        "mcount" : { "-- 1" : 418 }
      }
    },
    "stream_method" : {
      "conns" : [418, 417],
      "in" : [77748, 77711],
      "out" : [66647, 66616],
      "mmtasks" : [0, 0, 1],
      "load" : 0.307,
      "mcount" : {
        "mcount" : { "Success" : 418 }
      },
      "http_proto0" : {
        "mcount" : {
          "mcount" : { "OK" : 418 }
        }
      },
      "source_log" : {
        "delta" : [0, 0, 0]
      },
      "loggers" : {
        "brief_logger" : {
          "records" : [418, 417],
          "out" : [21102, 21092]
        }
      }
    }
  }
},
"2023-04-22 16:31:59.935 +0000" : {
  "main_scheduler" : {
    "bqs" : {
      "00040" : {
        "mmconts" : [201, 201, 201],
        "acts" : [328, 328],
        "tstate" : { "idle" : 986722, "run" : 13167, "locked" : 0, "mmap" : 0 }
      },
      "00041" : {
        "mmconts" : [201, 201, 201],
        "acts" : [327, 327],
        "tstate" : { "idle" : 986478, "run" : 13410, "locked" : 0, "mmap" : 0 }
      },
      "00042" : {
        "mmconts" : [201, 201, 201],
        "acts" : [383, 383],
        "tstate" : { "idle" : 984909, "run" : 14979, "locked" : 0, "mmap" : 0 }
      },
      "00043" : {
        "mmconts" : [201, 201, 201],
        "acts" : [391, 391],
        "tstate" : { "idle" : 983269, "run" : 16619, "locked" : 0, "mmap" : 0 }
      },
      "00044" : {
        "mmconts" : [201, 201, 201],
        "acts" : [327, 327],
        "tstate" : { "idle" : 986027, "run" : 13861, "locked" : 0, "mmap" : 0 }
      }
    }
  },
  "benchmark_io" : {
    "simple_times" : {
      "mcount" : {
        "mcount" : { "1 -- 1" : 5, "-- 1" : 579 }
      }
    },
    "stream_method" : {
      "conns" : [584, 584],
      "in" : [108624, 108637],
      "out" : [93112, 93123],
      "mmtasks" : [0, 0, 2],
      "load" : 0.298,
      "mcount" : {
        "mcount" : { "Success" : 584 }
      },
      "http_proto0" : {
        "mcount" : {
          "mcount" : { "OK" : 584 }
        }
      },
      "source_log" : {
        "delta" : [0, 0, 0]
      },
      "loggers" : {
        "brief_logger" : {
          "records" : [584, 584],
          "out" : [29561, 29564]
        }
      }
    }
  }
},
"2023-04-22 16:32:00.936 +0000" : {
  "main_scheduler" : {
    "bqs" : {
      "00040" : {
        "mmconts" : [201, 201, 201],
        "acts" : [433, 432],
        "tstate" : { "idle" : 986188, "run" : 14439, "locked" : 0, "mmap" : 0 }
      },
      "00041" : {
        "mmconts" : [201, 201, 201],
        "acts" : [455, 454],
        "tstate" : { "idle" : 985718, "run" : 14910, "locked" : 0, "mmap" : 0 }
      },
      "00042" : {
        "mmconts" : [201, 201, 201],
        "acts" : [455, 454],
        "tstate" : { "idle" : 986000, "run" : 14628, "locked" : 0, "mmap" : 0 }
      },
      "00043" : {
        "mmconts" : [201, 201, 201],
        "acts" : [457, 456],
        "tstate" : { "idle" : 985834, "run" : 14794, "locked" : 0, "mmap" : 0 }
      },
      "00044" : {
        "mmconts" : [201, 201, 201],
        "acts" : [459, 458],
        "tstate" : { "idle" : 986354, "run" : 14274, "locked" : 0, "mmap" : 0 }
      }
    }
  },
  "benchmark_io" : {
    "simple_times" : {
      "mcount" : {
        "mcount" : { "-- 1" : 751 }
      }
    },
    "stream_method" : {
      "conns" : [752, 751],
      "in" : [139686, 139598],
      "out" : [119896, 119821],
      "mmtasks" : [0, 0, 2],
      "load" : 0.291,
      "mcount" : {
        "mcount" : { "Success" : 751 }
      },
      "http_proto0" : {
        "mcount" : {
          "mcount" : { "OK" : 751 }
        }
      },
      "source_log" : {
        "delta" : [0, 0, 0]
      },
      "loggers" : {
        "brief_logger" : {
          "records" : [751, 750],
          "out" : [37861, 37837]
        }
      }
    }
  }
},
"2023-04-22 16:32:01.935 +0000" : {
  "main_scheduler" : {
    "bqs" : {
      "00040" : {
        "mmconts" : [201, 201, 201],
        "acts" : [565, 565],
        "tstate" : { "idle" : 981482, "run" : 17561, "locked" : 0, "mmap" : 0 }
      },
      "00041" : {
        "mmconts" : [201, 201, 201],
        "acts" : [547, 547],
        "tstate" : { "idle" : 981840, "run" : 17202, "locked" : 0, "mmap" : 0 }
      },
      "00042" : {
        "mmconts" : [201, 201, 201],
        "acts" : [546, 546],
        "tstate" : { "idle" : 982035, "run" : 17016, "locked" : 0, "mmap" : 0 }
      },
      "00043" : {
        "mmconts" : [201, 201, 201],
        "acts" : [547, 547],
        "tstate" : { "idle" : 982025, "run" : 17025, "locked" : 0, "mmap" : 0 }
      },
      "00044" : {
        "mmconts" : [201, 201, 201],
        "acts" : [549, 549],
        "tstate" : { "idle" : 981264, "run" : 17786, "locked" : 0, "mmap" : 0 }
      }
    }
  },
  "benchmark_io" : {
    "simple_times" : {
      "mcount" : {
        "mcount" : { "-- 1" : 917 }
      }
    },
    "stream_method" : {
      "conns" : [916, 916],
      "in" : [170562, 170723],
      "out" : [146052, 146190],
      "mmtasks" : [0, 0, 2],
      "load" : 0.291,
      "mcount" : {
        "mcount" : { "Success" : 917 }
      },
      "http_proto0" : {
        "mcount" : {
          "mcount" : { "OK" : 917 }
        }
      },
      "source_log" : {
        "delta" : [0, 0, 0]
      },
      "loggers" : {
        "brief_logger" : {
          "records" : [917, 917],
          "out" : [46202, 46245]
        }
      }
    }
  }
},
"2023-04-22 16:32:02.935 +0000" : {
  "main_scheduler" : {
    "bqs" : {
      "00040" : {
        "mmconts" : [201, 201, 201],
        "acts" : [637, 636],
        "tstate" : { "idle" : 981458, "run" : 18855, "locked" : 0, "mmap" : 0 }
      },
      "00041" : {
        "mmconts" : [201, 201, 201],
        "acts" : [654, 653],
        "tstate" : { "idle" : 980972, "run" : 19341, "locked" : 0, "mmap" : 0 }
      },
      "00042" : {
        "mmconts" : [201, 201, 201],
        "acts" : [652, 651],
        "tstate" : { "idle" : 981138, "run" : 19166, "locked" : 0, "mmap" : 0 }
      },
      "00043" : {
        "mmconts" : [201, 201, 201],
        "acts" : [655, 654],
        "tstate" : { "idle" : 981445, "run" : 18860, "locked" : 0, "mmap" : 0 }
      },
      "00044" : {
        "mmconts" : [201, 201, 201],
        "acts" : [657, 656],
        "tstate" : { "idle" : 980813, "run" : 19492, "locked" : 0, "mmap" : 0 }
      }
    }
  },
  "benchmark_io" : {
    "simple_times" : {
      "mcount" : {
        "mcount" : { "1 -- 1" : 1, "-- 1" : 1083 }
      }
    },
    "stream_method" : {
      "conns" : [1084, 1083],
      "in" : [201624, 201564],
      "out" : [172828, 172776],
      "mmtasks" : [0, 0, 3],
      "load" : 0.286,
      "mcount" : {
        "mcount" : { "Success" : 1084 }
      },
      "http_proto0" : {
        "mcount" : {
          "mcount" : { "OK" : 1084 }
        }
      },
      "source_log" : {
        "delta" : [0, 0, 0]
      },
      "loggers" : {
        "brief_logger" : {
          "records" : [1084, 1083],
          "out" : [54583, 54566]
        }
      }
    }
  }
},
"2023-04-22 16:32:03.935 +0000" : {
  "main_scheduler" : {
    "bqs" : {
      "00040" : {
        "mmconts" : [201, 201, 201],
        "acts" : [771, 770],
        "tstate" : { "idle" : 977502, "run" : 22568, "locked" : 0, "mmap" : 12 }
      },
      "00041" : {
        "mmconts" : [201, 201, 201],
        "acts" : [744, 743],
        "tstate" : { "idle" : 977722, "run" : 22361, "locked" : 0, "mmap" : 0 }
      },
      "00042" : {
        "mmconts" : [201, 201, 201],
        "acts" : [746, 745],
        "tstate" : { "idle" : 977752, "run" : 22332, "locked" : 0, "mmap" : 0 }
      },
      "00043" : {
        "mmconts" : [201, 201, 201],
        "acts" : [748, 747],
        "tstate" : { "idle" : 978337, "run" : 21747, "locked" : 0, "mmap" : 0 }
      },
      "00044" : {
        "mmconts" : [201, 201, 201],
        "acts" : [750, 749],
        "tstate" : { "idle" : 978412, "run" : 21672, "locked" : 0, "mmap" : 0 }
      }
    }
  },
  "benchmark_io" : {
    "simple_times" : {
      "mcount" : {
        "mcount" : { "-- 1" : 1251 }
      }
    },
    "stream_method" : {
      "conns" : [1252, 1251],
      "in" : [232686, 232665],
      "out" : [199622, 199604],
      "mmtasks" : [0, 0, 3],
      "load" : 0.283,
      "mcount" : {
        "mcount" : { "Success" : 1251 }
      },
      "http_proto0" : {
        "mcount" : {
          "mcount" : { "OK" : 1251 }
        }
      },
      "source_log" : {
        "delta" : [0, 0, 0]
      },
      "loggers" : {
        "brief_logger" : {
          "records" : [1251, 1250],
          "out" : [63008, 63002]
        }
      }
    }
  }
},
"2023-04-22 16:32:04.935 +0000" : {
  "main_scheduler" : {
    "bqs" : {
      "00040" : {
        "mmconts" : [201, 201, 201],
        "acts" : [875, 875],
        "tstate" : { "idle" : 972176, "run" : 27609, "locked" : 0, "mmap" : 0 }
      },
      "00041" : {
        "mmconts" : [201, 201, 201],
        "acts" : [879, 879],
        "tstate" : { "idle" : 973490, "run" : 26295, "locked" : 0, "mmap" : 0 }
      },
      "00042" : {
        "mmconts" : [201, 201, 201],
        "acts" : [812, 812],
        "tstate" : { "idle" : 975955, "run" : 23829, "locked" : 0, "mmap" : 0 }
      },
      "00043" : {
        "mmconts" : [201, 201, 201],
        "acts" : [808, 808],
        "tstate" : { "idle" : 976431, "run" : 23352, "locked" : 0, "mmap" : 0 }
      },
      "00044" : {
        "mmconts" : [201, 201, 201],
        "acts" : [882, 882],
        "tstate" : { "idle" : 973382, "run" : 26288, "locked" : 0, "mmap" : 113 }
      }
    }
  },
  "benchmark_io" : {
    "simple_times" : {
      "mcount" : {
        "mcount" : { "1 -- 2" : 1, "-- 1" : 1417 }
      }
    },
    "stream_method" : {
      "conns" : [1417, 1417],
      "in" : [263748, 263805],
      "out" : [225928, 225977],
      "mmtasks" : [0, 0, 4],
      "load" : 0.286,
      "mcount" : {
        "mcount" : { "Success" : 1418 }
      },
      "http_proto0" : {
        "mcount" : {
          "mcount" : { "OK" : 1418 }
        }
      },
      "source_log" : {
        "delta" : [0, 0, 0]
      },
      "loggers" : {
        "brief_logger" : {
          "records" : [1418, 1418],
          "out" : [71450, 71465]
        }
      }
    }
  }
},
"2023-04-22 16:32:05.935 +0000" : {
  "main_scheduler" : {
    "bqs" : {
      "00040" : {
        "mmconts" : [201, 201, 201],
        "acts" : [928, 928],
        "tstate" : { "idle" : 972997, "run" : 26884, "locked" : 0, "mmap" : 0 }
      },
      "00041" : {
        "mmconts" : [201, 201, 201],
        "acts" : [923, 923],
        "tstate" : { "idle" : 972803, "run" : 27078, "locked" : 0, "mmap" : 0 }
      },
      "00042" : {
        "mmconts" : [201, 201, 201],
        "acts" : [985, 985],
        "tstate" : { "idle" : 972019, "run" : 27863, "locked" : 0, "mmap" : 0 }
      },
      "00043" : {
        "mmconts" : [201, 201, 201],
        "acts" : [994, 994],
        "tstate" : { "idle" : 972032, "run" : 27851, "locked" : 0, "mmap" : 0 }
      },
      "00044" : {
        "mmconts" : [201, 201, 201],
        "acts" : [927, 927],
        "tstate" : { "idle" : 973154, "run" : 26729, "locked" : 0, "mmap" : 0 }
      }
    }
  },
  "benchmark_io" : {
    "simple_times" : {
      "mcount" : {
        "mcount" : { "-- 1" : 1583 }
      }
    },
    "stream_method" : {
      "conns" : [1585, 1585],
      "in" : [294624, 294656],
      "out" : [252711, 252738],
      "mmtasks" : [0, 0, 4],
      "load" : 0.276,
      "mcount" : {
        "mcount" : { "Success" : 1584 }
      },
      "http_proto0" : {
        "mcount" : {
          "mcount" : { "OK" : 1584 }
        }
      },
      "source_log" : {
        "delta" : [0, 0, 0]
      },
      "loggers" : {
        "brief_logger" : {
          "records" : [1584, 1584],
          "out" : [79797, 79805]
        }
      }
    }
  }
},
"2023-04-22 16:32:06.936 +0000" : {
  "main_scheduler" : {
    "bqs" : {
      "00040" : {
        "mmconts" : [201, 201, 201],
        "acts" : [1036, 1035],
        "tstate" : { "idle" : 970768, "run" : 29973, "locked" : 0, "mmap" : 0 }
      },
      "00041" : {
        "mmconts" : [201, 201, 201],
        "acts" : [1057, 1056],
        "tstate" : { "idle" : 969495, "run" : 31246, "locked" : 0, "mmap" : 0 }
      },
      "00042" : {
        "mmconts" : [201, 201, 201],
        "acts" : [1050, 1049],
        "tstate" : { "idle" : 970091, "run" : 30649, "locked" : 0, "mmap" : 0 }
      },
      "00043" : {
        "mmconts" : [201, 201, 201],
        "acts" : [1057, 1056],
        "tstate" : { "idle" : 971344, "run" : 29396, "locked" : 0, "mmap" : 0 }
      },
      "00044" : {
        "mmconts" : [201, 201, 201],
        "acts" : [1059, 1058],
        "tstate" : { "idle" : 969045, "run" : 31695, "locked" : 0, "mmap" : 0 }
      }
    }
  },
  "benchmark_io" : {
    "simple_times" : {
      "mcount" : {
        "mcount" : { "-- 1" : 1753 }
      }
    },
    "stream_method" : {
      "conns" : [1751, 1749],
      "in" : [325872, 325629],
      "out" : [279176, 278968],
      "mmtasks" : [0, 0, 4],
      "load" : 0.277,
      "mcount" : {
        "mcount" : { "Success" : 1752 }
      },
      "http_proto0" : {
        "mcount" : {
          "mcount" : { "OK" : 1752 }
        }
      },
      "source_log" : {
        "delta" : [0, 0, 0]
      },
      "loggers" : {
        "brief_logger" : {
          "records" : [1752, 1750],
          "out" : [88309, 88243]
        }
      }
    }
  }
},
"2023-04-22 16:32:07.935 +0000" : {
  "main_scheduler" : {
    "bqs" : {
      "00040" : {
        "mmconts" : [201, 201, 201],
        "acts" : [1159, 1159],
        "tstate" : { "idle" : 967351, "run" : 31675, "locked" : 436, "mmap" : 0 }
      },
      "00041" : {
        "mmconts" : [201, 201, 201],
        "acts" : [1146, 1146],
        "tstate" : { "idle" : 966388, "run" : 33065, "locked" : 0, "mmap" : 10 }
      },
      "00042" : {
        "mmconts" : [201, 201, 201],
        "acts" : [1143, 1143],
        "tstate" : { "idle" : 968279, "run" : 31185, "locked" : 0, "mmap" : 0 }
      },
      "00043" : {
        "mmconts" : [201, 201, 201],
        "acts" : [1147, 1147],
        "tstate" : { "idle" : 968266, "run" : 31198, "locked" : 0, "mmap" : 0 }
      },
      "00044" : {
        "mmconts" : [201, 201, 201],
        "acts" : [1155, 1155],
        "tstate" : { "idle" : 966648, "run" : 32816, "locked" : 0, "mmap" : 0 }
      }
    }
  },
  "benchmark_io" : {
    "simple_times" : {
      "mcount" : {
        "mcount" : { "-- 1" : 1915 }
      }
    },
    "stream_method" : {
      "conns" : [1915, 1916],
      "in" : [356190, 356383],
      "out" : [305329, 305495],
      "mmtasks" : [0, 0, 4],
      "load" : 0.275,
      "mcount" : {
        "mcount" : { "Success" : 1915 }
      },
      "http_proto0" : {
        "mcount" : {
          "mcount" : { "OK" : 1915 }
        }
      },
      "source_log" : {
        "delta" : [0, 0, 0]
      },
      "loggers" : {
        "brief_logger" : {
          "records" : [1915, 1916],
          "out" : [96411, 96463]
        }
      }
    }
  }
},
"2023-04-22 16:32:08.936 +0000" : {
  "main_scheduler" : {
    "bqs" : {
      "00040" : {
        "mmconts" : [201, 201, 201],
        "acts" : [1245, 1244],
        "tstate" : { "idle" : 966400, "run" : 33912, "locked" : 0, "mmap" : 0 }
      },
      "00041" : {
        "mmconts" : [201, 201, 201],
        "acts" : [1254, 1253],
        "tstate" : { "idle" : 965465, "run" : 34762, "locked" : 0, "mmap" : 84 }
      },
      "00042" : {
        "mmconts" : [201, 201, 201],
        "acts" : [1249, 1248],
        "tstate" : { "idle" : 966030, "run" : 34280, "locked" : 0, "mmap" : 0 }
      },
      "00043" : {
        "mmconts" : [201, 201, 201],
        "acts" : [1255, 1254],
        "tstate" : { "idle" : 966807, "run" : 33503, "locked" : 0, "mmap" : 0 }
      },
      "00044" : {
        "mmconts" : [201, 201, 201],
        "acts" : [1257, 1256],
        "tstate" : { "idle" : 965046, "run" : 35264, "locked" : 0, "mmap" : 0 }
      }
    }
  },
  "benchmark_io" : {
    "simple_times" : {
      "mcount" : {
        "mcount" : { "-- 1" : 2085 }
      }
    },
    "stream_method" : {
      "conns" : [2086, 2085],
      "in" : [387810, 387691],
      "out" : [332591, 332489],
      "mmtasks" : [0, 0, 5],
      "load" : 0.270,
      "mcount" : {
        "mcount" : { "Success" : 2085 }
      },
      "http_proto0" : {
        "mcount" : {
          "mcount" : { "OK" : 2085 }
        }
      },
      "source_log" : {
        "delta" : [0, 0, 0]
      },
      "loggers" : {
        "brief_logger" : {
          "records" : [2085, 2084],
          "out" : [105011, 104979]
        }
      }
    }
  }
},
"2023-04-22 16:32:09.935 +0000" : {
  "main_scheduler" : {
    "bqs" : {
      "00040" : {
        "mmconts" : [201, 201, 201],
        "acts" : [1367, 1367],
        "tstate" : { "idle" : 962925, "run" : 36848, "locked" : 0, "mmap" : 0 }
      },
      "00041" : {
        "mmconts" : [201, 201, 201],
        "acts" : [1344, 1344],
        "tstate" : { "idle" : 962048, "run" : 37726, "locked" : 0, "mmap" : 0 }
      },
      "00042" : {
        "mmconts" : [201, 201, 201],
        "acts" : [1341, 1341],
        "tstate" : { "idle" : 962142, "run" : 37632, "locked" : 0, "mmap" : 0 }
      },
      "00043" : {
        "mmconts" : [201, 201, 201],
        "acts" : [1348, 1348],
        "tstate" : { "idle" : 963296, "run" : 36478, "locked" : 0, "mmap" : 0 }
      },
      "00044" : {
        "mmconts" : [201, 201, 201],
        "acts" : [1353, 1353],
        "tstate" : { "idle" : 962137, "run" : 37637, "locked" : 0, "mmap" : 0 }
      }
    }
  },
  "benchmark_io" : {
    "simple_times" : {
      "mcount" : {
        "mcount" : { "1 -- 1" : 2, "-- 1" : 2248 }
      }
    },
    "stream_method" : {
      "conns" : [2249, 2249],
      "in" : [418500, 418592],
      "out" : [358583, 358662],
      "mmtasks" : [0, 0, 5],
      "load" : 0.265,
      "mcount" : {
        "mcount" : { "Success" : 2250 }
      },
      "http_proto0" : {
        "mcount" : {
          "mcount" : { "OK" : 2250 }
        }
      },
      "source_log" : {
        "delta" : [0, 0, 0]
      },
      "loggers" : {
        "brief_logger" : {
          "records" : [2250, 2250],
          "out" : [113370, 113394]
        }
      }
    }
  }
},
"2023-04-22 16:32:10.936 +0000" : {
  "main_scheduler" : {
    "bqs" : {
      "00040" : {
        "mmconts" : [201, 201, 201],
        "acts" : [1477, 1476],
        "tstate" : { "idle" : 960753, "run" : 39760, "locked" : 0, "mmap" : 0 }
      },
      "00041" : {
        "mmconts" : [201, 201, 201],
        "acts" : [1481, 1480],
        "tstate" : { "idle" : 960413, "run" : 40100, "locked" : 0, "mmap" : 0 }
      },
      "00042" : {
        "mmconts" : [201, 201, 201],
        "acts" : [1408, 1407],
        "tstate" : { "idle" : 961643, "run" : 38858, "locked" : 0, "mmap" : 12 }
      },
      "00043" : {
        "mmconts" : [201, 201, 201],
        "acts" : [1405, 1404],
        "tstate" : { "idle" : 962267, "run" : 37777, "locked" : 469, "mmap" : 0 }
      },
      "00044" : {
        "mmconts" : [201, 201, 201],
        "acts" : [1491, 1490],
        "tstate" : { "idle" : 960205, "run" : 40205, "locked" : 0, "mmap" : 103 }
      }
    }
  },
  "benchmark_io" : {
    "simple_times" : {
      "mcount" : {
        "mcount" : { "2 -- 4" : 1, "1 -- 2" : 3, "1 -- 1" : 5, "-- 1" : 2409 }
      }
    },
    "stream_method" : {
      "conns" : [2421, 2419],
      "in" : [449748, 449518],
      "out" : [386006, 385808],
      "mmtasks" : [0, 0, 8],
      "load" : 0.256,
      "mcount" : {
        "mcount" : { "Success" : 2418 }
      },
      "http_proto0" : {
        "mcount" : {
          "mcount" : { "OK" : 2418 }
        }
      },
      "source_log" : {
        "delta" : [0, 0, 0]
      },
      "loggers" : {
        "brief_logger" : {
          "records" : [2418, 2416],
          "out" : [121837, 121774]
        }
      }
    }
  }
},
"2023-04-22 16:32:11.935 +0000" : {
  "main_scheduler" : {
    "bqs" : {
      "00040" : {
        "mmconts" : [201, 201, 201],
        "acts" : [1525, 1526],
        "tstate" : { "idle" : 958302, "run" : 41022, "locked" : 0, "mmap" : 0 }
      },
      "00041" : {
        "mmconts" : [201, 201, 201],
        "acts" : [1519, 1520],
        "tstate" : { "idle" : 959159, "run" : 40177, "locked" : 0, "mmap" : 0 }
      },
      "00042" : {
        "mmconts" : [201, 201, 201],
        "acts" : [1584, 1585],
        "tstate" : { "idle" : 957667, "run" : 41670, "locked" : 0, "mmap" : 0 }
      },
      "00043" : {
        "mmconts" : [201, 201, 201],
        "acts" : [1597, 1598],
        "tstate" : { "idle" : 958061, "run" : 41278, "locked" : 0, "mmap" : 0 }
      },
      "00044" : {
        "mmconts" : [201, 201, 201],
        "acts" : [1527, 1528],
        "tstate" : { "idle" : 958287, "run" : 41052, "locked" : 0, "mmap" : 0 }
      }
    }
  },
  "benchmark_io" : {
    "simple_times" : {
      "mcount" : {
        "mcount" : { "1 -- 1" : 3, "-- 1" : 2581 }
      }
    },
    "stream_method" : {
      "conns" : [2581, 2582],
      "in" : [480624, 480918],
      "out" : [411513, 411765],
      "mmtasks" : [0, 0, 6],
      "load" : 0.256,
      "mcount" : {
        "mcount" : { "Success" : 2584 }
      },
      "http_proto0" : {
        "mcount" : {
          "mcount" : { "OK" : 2584 }
        }
      },
      "source_log" : {
        "delta" : [0, 0, 0]
      },
      "loggers" : {
        "brief_logger" : {
          "records" : [2584, 2585],
          "out" : [130176, 130255]
        }
      }
    }
  }
},
"2023-04-22 16:32:12.935 +0000" : {
  "main_scheduler" : {
    "bqs" : {
      "00040" : {
        "mmconts" : [201, 201, 201],
        "acts" : [1636, 1636],
        "tstate" : { "idle" : 953252, "run" : 46638, "locked" : 0, "mmap" : 0 }
      },
      "00041" : {
        "mmconts" : [201, 201, 201],
        "acts" : [1656, 1656],
        "tstate" : { "idle" : 953576, "run" : 46304, "locked" : 0, "mmap" : 0 }
      },
      "00042" : {
        "mmconts" : [201, 201, 201],
        "acts" : [1645, 1645],
        "tstate" : { "idle" : 954719, "run" : 45160, "locked" : 0, "mmap" : 0 }
      },
      "00043" : {
        "mmconts" : [201, 201, 201],
        "acts" : [1654, 1654],
        "tstate" : { "idle" : 954942, "run" : 44933, "locked" : 1, "mmap" : 0 }
      },
      "00044" : {
        "mmconts" : [201, 201, 201],
        "acts" : [1662, 1662],
        "tstate" : { "idle" : 955231, "run" : 44632, "locked" : 0, "mmap" : 13 }
      }
    }
  },
  "benchmark_io" : {
    "simple_times" : {
      "mcount" : {
        "mcount" : { "2 -- 4" : 1, "1 -- 1" : 2, "-- 1" : 2747 }
      }
    },
    "stream_method" : {
      "conns" : [2750, 2750],
      "in" : [511500, 511584],
      "out" : [438457, 438529],
      "mmtasks" : [0, 0, 6],
      "load" : 0.257,
      "mcount" : {
        "mcount" : { "Success" : 2750 }
      },
      "http_proto0" : {
        "mcount" : {
          "mcount" : { "OK" : 2750 }
        }
      },
      "source_log" : {
        "delta" : [0, 0, 0]
      },
      "loggers" : {
        "brief_logger" : {
          "records" : [2750, 2750],
          "out" : [138570, 138590]
        }
      }
    }
  }
},
"2023-04-22 16:32:13.935 +0000" : {
  "main_scheduler" : {
    "bqs" : {
      "00040" : {
        "mmconts" : [201, 201, 201],
        "acts" : [1758, 1757],
        "tstate" : { "idle" : 954474, "run" : 45883, "locked" : 0, "mmap" : 0 }
      },
      "00041" : {
        "mmconts" : [201, 201, 201],
        "acts" : [1746, 1745],
        "tstate" : { "idle" : 954676, "run" : 45659, "locked" : 20, "mmap" : 0 }
      },
      "00042" : {
        "mmconts" : [201, 201, 201],
        "acts" : [1742, 1741],
        "tstate" : { "idle" : 955489, "run" : 44866, "locked" : 0, "mmap" : 0 }
      },
      "00043" : {
        "mmconts" : [201, 201, 201],
        "acts" : [1750, 1749],
        "tstate" : { "idle" : 957733, "run" : 42617, "locked" : 6, "mmap" : 0 }
      },
      "00044" : {
        "mmconts" : [201, 201, 201],
        "acts" : [1758, 1757],
        "tstate" : { "idle" : 953997, "run" : 46090, "locked" : 0, "mmap" : 269 }
      }
    }
  },
  "benchmark_io" : {
    "simple_times" : {
      "mcount" : {
        "mcount" : { "-- 1" : 2916 }
      }
    },
    "stream_method" : {
      "conns" : [2918, 2916],
      "in" : [542376, 542183],
      "out" : [465242, 465076],
      "mmtasks" : [0, 0, 6],
      "load" : 0.256,
      "mcount" : {
        "mcount" : { "Success" : 2916 }
      },
      "http_proto0" : {
        "mcount" : {
          "mcount" : { "OK" : 2916 }
        }
      },
      "source_log" : {
        "delta" : [0, 0, 0]
      },
      "loggers" : {
        "brief_logger" : {
          "records" : [2916, 2914],
          "out" : [146812, 146760]
        }
      }
    }
  }
},
"2023-04-22 16:32:14.936 +0000" : {
  "main_scheduler" : {
    "bqs" : {
      "00040" : {
        "mmconts" : [201, 201, 201],
        "acts" : [1845, 1843],
        "tstate" : { "idle" : 948986, "run" : 51550, "locked" : 0, "mmap" : 12 }
      },
      "00041" : {
        "mmconts" : [201, 201, 201],
        "acts" : [1854, 1852],
        "tstate" : { "idle" : 950290, "run" : 50262, "locked" : 0, "mmap" : 0 }
      },
      "00042" : {
        "mmconts" : [201, 201, 201],
        "acts" : [1844, 1842],
        "tstate" : { "idle" : 949707, "run" : 50845, "locked" : 0, "mmap" : 0 }
      },
      "00043" : {
        "mmconts" : [201, 201, 201],
        "acts" : [1855, 1853],
        "tstate" : { "idle" : 951630, "run" : 48922, "locked" : 0, "mmap" : 0 }
      },
      "00044" : {
        "mmconts" : [201, 201, 201],
        "acts" : [1860, 1858],
        "tstate" : { "idle" : 948669, "run" : 51322, "locked" : 561, "mmap" : 0 }
      }
    }
  },
  "benchmark_io" : {
    "simple_times" : {
      "mcount" : {
        "mcount" : { "1 -- 1" : 1, "-- 1" : 3084 }
      }
    },
    "stream_method" : {
      "conns" : [3083, 3081],
      "in" : [573810, 573483],
      "out" : [491557, 491276],
      "mmtasks" : [0, 0, 7],
      "load" : 0.250,
      "mcount" : {
        "mcount" : { "Success" : 3085 }
      },
      "http_proto0" : {
        "mcount" : {
          "mcount" : { "OK" : 3085 }
        }
      },
      "source_log" : {
        "delta" : [0, 0, 0]
      },
      "loggers" : {
        "brief_logger" : {
          "records" : [3085, 3083],
          "out" : [155532, 155444]
        }
      }
    }
  }
},
"2023-04-22 16:32:15.935 +0000" : {
  "main_scheduler" : {
    "bqs" : {
      "00040" : {
        "mmconts" : [201, 201, 201],
        "acts" : [1923, 1923],
        "tstate" : { "idle" : 840084, "run" : 159395, "locked" : 0, "mmap" : 83 }
      },
      "00041" : {
        "mmconts" : [201, 201, 201],
        "acts" : [1929, 1929],
        "tstate" : { "idle" : 839904, "run" : 159660, "locked" : 0, "mmap" : 0 }
      },
      "00042" : {
        "mmconts" : [201, 201, 201],
        "acts" : [1907, 1907],
        "tstate" : { "idle" : 840002, "run" : 159513, "locked" : 49, "mmap" : 0 }
      },
      "00043" : {
        "mmconts" : [201, 201, 201],
        "acts" : [1900, 1900],
        "tstate" : { "idle" : 837316, "run" : 162248, "locked" : 0, "mmap" : 0 }
      },
      "00044" : {
        "mmconts" : [201, 201, 201],
        "acts" : [2091, 2091],
        "tstate" : { "idle" : 843330, "run" : 156234, "locked" : 0, "mmap" : 0 }
      }
    }
  },
  "benchmark_io" : {
    "simple_times" : {
      "mcount" : {
        "mcount" : { "104 -- 167" : 173, "65 -- 104" : 340, "41 -- 65" : 91, "25 -- 41" : 54, "16 -- 25" : 37, "10 -- 16" : 25, "6 -- 10" : 18, "4 -- 6" : 9, "2 -- 4" : 2, "1 -- 2" : 4, "1 -- 1" : 12, "-- 1" : 2484 }
      }
    },
    "stream_method" : {
      "conns" : [3249, 3250],
      "in" : [604314, 604574],
      "out" : [518024, 518247],
      "mmtasks" : [0, 57, 441],
      "load" : 0.012,
      "mcount" : {
        "mcount" : { "Success" : 3249 }
      },
      "http_proto0" : {
        "mcount" : {
          "mcount" : { "OK" : 3249 }
        }
      },
      "source_log" : {
        "delta" : [0, 0, 0]
      },
      "loggers" : {
        "brief_logger" : {
          "records" : [3249, 3250],
          "out" : [170234, 170301]
        }
      }
    }
  }
},
"2023-04-22 16:32:16.935 +0000" : {
  "main_scheduler" : {
    "bqs" : {
      "00040" : {
        "mmconts" : [201, 201, 201],
        "acts" : [2119, 2119],
        "tstate" : { "idle" : 942703, "run" : 56372, "locked" : 479, "mmap" : 0 }
      },
      "00041" : {
        "mmconts" : [201, 201, 201],
        "acts" : [2094, 2094],
        "tstate" : { "idle" : 945408, "run" : 53695, "locked" : 444, "mmap" : 0 }
      },
      "00042" : {
        "mmconts" : [201, 201, 201],
        "acts" : [2036, 2036],
        "tstate" : { "idle" : 944216, "run" : 55331, "locked" : 0, "mmap" : 0 }
      },
      "00043" : {
        "mmconts" : [201, 201, 201],
        "acts" : [2050, 2050],
        "tstate" : { "idle" : 943710, "run" : 55836, "locked" : 0, "mmap" : 0 }
      },
      "00044" : {
        "mmconts" : [201, 201, 201],
        "acts" : [1957, 1957],
        "tstate" : { "idle" : 948570, "run" : 50881, "locked" : 0, "mmap" : 95 }
      }
    }
  },
  "benchmark_io" : {
    "simple_times" : {
      "mcount" : {
        "mcount" : { "1 -- 1" : 14, "-- 1" : 3403 }
      }
    },
    "stream_method" : {
      "conns" : [3418, 3419],
      "in" : [635562, 635861],
      "out" : [544967, 545223],
      "mmtasks" : [0, 1, 7],
      "load" : 0.205,
      "mcount" : {
        "mcount" : { "Success" : 3417 }
      },
      "http_proto0" : {
        "mcount" : {
          "mcount" : { "OK" : 3417 }
        }
      },
      "source_log" : {
        "delta" : [0, 0, 0]
      },
      "loggers" : {
        "brief_logger" : {
          "records" : [3417, 3418],
          "out" : [172656, 172743]
        }
      }
    }
  }
},
"2023-04-22 16:32:17.936 +0000" : {
  "main_scheduler" : {
    "bqs" : {
      "00040" : {
        "mmconts" : [201, 201, 201],
        "acts" : [2083, 2082],
        "tstate" : { "idle" : 944916, "run" : 55565, "locked" : 0, "mmap" : 0 }
      },
      "00041" : {
        "mmconts" : [201, 201, 201],
        "acts" : [2106, 2104],
        "tstate" : { "idle" : 945913, "run" : 54567, "locked" : 0, "mmap" : 0 }
      },
      "00042" : {
        "mmconts" : [201, 201, 201],
        "acts" : [2147, 2145],
        "tstate" : { "idle" : 944101, "run" : 56379, "locked" : 0, "mmap" : 0 }
      },
      "00043" : {
        "mmconts" : [201, 201, 201],
        "acts" : [2152, 2150],
        "tstate" : { "idle" : 946217, "run" : 54264, "locked" : 0, "mmap" : 0 }
      },
      "00044" : {
        "mmconts" : [201, 201, 201],
        "acts" : [2267, 2265],
        "tstate" : { "idle" : 943201, "run" : 57279, "locked" : 0, "mmap" : 0 }
      }
    }
  },
  "benchmark_io" : {
    "simple_times" : {
      "mcount" : {
        "mcount" : { "1 -- 2" : 7, "1 -- 1" : 10, "-- 1" : 3567 }
      }
    },
    "stream_method" : {
      "conns" : [3583, 3581],
      "in" : [666624, 666311],
      "out" : [571273, 571005],
      "mmtasks" : [0, 1, 10],
      "load" : 0.200,
      "mcount" : {
        "mcount" : { "Success" : 3584 }
      },
      "http_proto0" : {
        "mcount" : {
          "mcount" : { "OK" : 3584 }
        }
      },
      "source_log" : {
        "delta" : [0, 0, 0]
      },
      "loggers" : {
        "brief_logger" : {
          "records" : [3584, 3582],
          "out" : [181028, 180943]
        }
      }
    }
  }
},
"2023-04-22 16:32:18.936 +0000" : {
  "main_scheduler" : {
    "bqs" : {
      "00040" : {
        "mmconts" : [201, 201, 201],
        "acts" : [2305, 2304],
        "tstate" : { "idle" : 940473, "run" : 59693, "locked" : 0, "mmap" : 104 }
      },
      "00041" : {
        "mmconts" : [201, 201, 201],
        "acts" : [2265, 2264],
        "tstate" : { "idle" : 941591, "run" : 58410, "locked" : 270, "mmap" : 0 }
      },
      "00042" : {
        "mmconts" : [201, 201, 201],
        "acts" : [2279, 2278],
        "tstate" : { "idle" : 942130, "run" : 58141, "locked" : 0, "mmap" : 0 }
      },
      "00043" : {
        "mmconts" : [201, 201, 201],
        "acts" : [2286, 2285],
        "tstate" : { "idle" : 943041, "run" : 57230, "locked" : 0, "mmap" : 0 }
      },
      "00044" : {
        "mmconts" : [201, 201, 201],
        "acts" : [2133, 2132],
        "tstate" : { "idle" : 943337, "run" : 56935, "locked" : 0, "mmap" : 0 }
      }
    }
  },
  "benchmark_io" : {
    "simple_times" : {
      "mcount" : {
        "mcount" : { "2 -- 4" : 3, "1 -- 2" : 9, "1 -- 1" : 23, "-- 1" : 3719 }
      }
    },
    "stream_method" : {
      "conns" : [3755, 3753],
      "in" : [698244, 698047],
      "out" : [598694, 598525],
      "mmtasks" : [0, 1, 11],
      "load" : 0.194,
      "mcount" : {
        "mcount" : { "Success" : 3754 }
      },
      "http_proto0" : {
        "mcount" : {
          "mcount" : { "OK" : 3754 }
        }
      },
      "source_log" : {
        "delta" : [0, 0, 0]
      },
      "loggers" : {
        "brief_logger" : {
          "records" : [3754, 3752],
          "out" : [189630, 189576]
        }
      }
    }
  }
},
"2023-04-22 16:32:19.936 +0000" : {
  "main_scheduler" : {
    "bqs" : {
      "00040" : {
        "mmconts" : [201, 201, 201],
        "acts" : [2338, 2336],
        "tstate" : { "idle" : 940870, "run" : 59691, "locked" : 6, "mmap" : 0 }
      },
      "00041" : {
        "mmconts" : [201, 201, 201],
        "acts" : [2361, 2359],
        "tstate" : { "idle" : 942470, "run" : 58098, "locked" : 0, "mmap" : 0 }
      },
      "00042" : {
        "mmconts" : [201, 201, 201],
        "acts" : [2342, 2340],
        "tstate" : { "idle" : 940251, "run" : 60317, "locked" : 0, "mmap" : 0 }
      },
      "00043" : {
        "mmconts" : [201, 201, 201],
        "acts" : [2354, 2352],
        "tstate" : { "idle" : 942409, "run" : 58146, "locked" : 0, "mmap" : 13 }
      },
      "00044" : {
        "mmconts" : [201, 201, 201],
        "acts" : [2358, 2356],
        "tstate" : { "idle" : 943818, "run" : 56750, "locked" : 0, "mmap" : 0 }
      }
    }
  },
  "benchmark_io" : {
    "simple_times" : {
      "mcount" : {
        "mcount" : { "2 -- 4" : 3, "1 -- 2" : 1, "1 -- 1" : 11, "-- 1" : 3902 }
      }
    },
    "stream_method" : {
      "conns" : [3916, 3913],
      "in" : [728562, 728152],
      "out" : [624362, 624010],
      "mmtasks" : [0, 1, 10],
      "load" : 0.195,
      "mcount" : {
        "mcount" : { "Success" : 3917 }
      },
      "http_proto0" : {
        "mcount" : {
          "mcount" : { "OK" : 3917 }
        }
      },
      "source_log" : {
        "delta" : [0, 0, 0]
      },
      "loggers" : {
        "brief_logger" : {
          "records" : [3917, 3914],
          "out" : [197798, 197686]
        }
      }
    }
  }
},
"2023-04-22 16:32:20.935 +0000" : {
  "main_scheduler" : {
    "bqs" : {
      "00040" : {
        "mmconts" : [201, 201, 201],
        "acts" : [2464, 2467],
        "tstate" : { "idle" : 938082, "run" : 60424, "locked" : 0, "mmap" : 0 }
      },
      "00041" : {
        "mmconts" : [201, 201, 201],
        "acts" : [2439, 2442],
        "tstate" : { "idle" : 940686, "run" : 57820, "locked" : 0, "mmap" : 0 }
      },
      "00042" : {
        "mmconts" : [201, 201, 201],
        "acts" : [2440, 2443],
        "tstate" : { "idle" : 937499, "run" : 61008, "locked" : 0, "mmap" : 0 }
      },
      "00043" : {
        "mmconts" : [201, 201, 201],
        "acts" : [2449, 2452],
        "tstate" : { "idle" : 940040, "run" : 58383, "locked" : 0, "mmap" : 84 }
      },
      "00044" : {
        "mmconts" : [201, 201, 201],
        "acts" : [2451, 2454],
        "tstate" : { "idle" : 940135, "run" : 58372, "locked" : 0, "mmap" : 0 }
      }
    }
  },
  "benchmark_io" : {
    "simple_times" : {
      "mcount" : {
        "mcount" : { "1 -- 2" : 1, "1 -- 1" : 5, "-- 1" : 4073 }
      }
    },
    "stream_method" : {
      "conns" : [4079, 4085],
      "in" : [758694, 759828],
      "out" : [650361, 651334],
      "mmtasks" : [0, 1, 10],
      "load" : 0.194,
      "mcount" : {
        "mcount" : { "Success" : 4079 }
      },
      "http_proto0" : {
        "mcount" : {
          "mcount" : { "OK" : 4079 }
        }
      },
      "source_log" : {
        "delta" : [0, 0, 0]
      },
      "loggers" : {
        "brief_logger" : {
          "records" : [4079, 4085],
          "out" : [205944, 206252]
        }
      }
    }
  }
},
"2023-04-22 16:32:21.935 +0000" : {
  "main_scheduler" : {
    "bqs" : {
      "00040" : {
        "mmconts" : [201, 201, 201],
        "acts" : [2497, 2496],
        "tstate" : { "idle" : 940085, "run" : 59944, "locked" : 0, "mmap" : 0 }
      },
      "00041" : {
        "mmconts" : [201, 201, 201],
        "acts" : [2538, 2537],
        "tstate" : { "idle" : 939252, "run" : 60777, "locked" : 0, "mmap" : 0 }
      },
      "00042" : {
        "mmconts" : [201, 201, 201],
        "acts" : [2500, 2499],
        "tstate" : { "idle" : 936164, "run" : 63753, "locked" : 0, "mmap" : 111 }
      },
      "00043" : {
        "mmconts" : [201, 201, 201],
        "acts" : [2515, 2514],
        "tstate" : { "idle" : 938576, "run" : 61318, "locked" : 135, "mmap" : 0 }
      },
      "00044" : {
        "mmconts" : [201, 201, 201],
        "acts" : [2709, 2708],
        "tstate" : { "idle" : 934022, "run" : 65733, "locked" : 274, "mmap" : 0 }
      }
    }
  },
  "benchmark_io" : {
    "simple_times" : {
      "mcount" : {
        "mcount" : { "1 -- 2" : 1, "1 -- 1" : 27, "-- 1" : 4220 }
      }
    },
    "stream_method" : {
      "conns" : [4254, 4253],
      "in" : [790314, 790249],
      "out" : [678261, 678206],
      "mmtasks" : [0, 1, 12],
      "load" : 0.188,
      "mcount" : {
        "mcount" : { "Success" : 4248 }
      },
      "http_proto0" : {
        "mcount" : {
          "mcount" : { "OK" : 4249 }
        }
      },
      "source_log" : {
        "delta" : [0, 0, 0]
      },
      "loggers" : {
        "brief_logger" : {
          "records" : [4249, 4248],
          "out" : [214617, 214599]
        }
      }
    }
  }
},
"2023-04-22 16:32:22.935 +0000" : {
  "main_scheduler" : {
    "bqs" : {
      "00040" : {
        "mmconts" : [201, 201, 201],
        "acts" : [2725, 2724],
        "tstate" : { "idle" : 935621, "run" : 64615, "locked" : 0, "mmap" : 0 }
      },
      "00041" : {
        "mmconts" : [201, 201, 201],
        "acts" : [2694, 2693],
        "tstate" : { "idle" : 934496, "run" : 65738, "locked" : 0, "mmap" : 0 }
      },
      "00042" : {
        "mmconts" : [201, 201, 201],
        "acts" : [2632, 2631],
        "tstate" : { "idle" : 936121, "run" : 64114, "locked" : 0, "mmap" : 0 }
      },
      "00043" : {
        "mmconts" : [201, 201, 201],
        "acts" : [2650, 2649],
        "tstate" : { "idle" : 936445, "run" : 63789, "locked" : 0, "mmap" : 0 }
      },
      "00044" : {
        "mmconts" : [201, 201, 201],
        "acts" : [2550, 2549],
        "tstate" : { "idle" : 940444, "run" : 59780, "locked" : 0, "mmap" : 9 }
      }
    }
  },
  "benchmark_io" : {
    "simple_times" : {
      "mcount" : {
        "mcount" : { "2 -- 4" : 2, "1 -- 1" : 12, "-- 1" : 4406 }
      }
    },
    "stream_method" : {
      "conns" : [4414, 4413],
      "in" : [821934, 821787],
      "out" : [703769, 703643],
      "mmtasks" : [0, 1, 15],
      "load" : 0.187,
      "mcount" : {
        "mcount" : { "Success" : 4420 }
      },
      "http_proto0" : {
        "mcount" : {
          "mcount" : { "OK" : 4419 }
        }
      },
      "source_log" : {
        "delta" : [0, 0, 0]
      },
      "loggers" : {
        "brief_logger" : {
          "records" : [4419, 4418],
          "out" : [223091, 223051]
        }
      }
    }
  }
},
"2023-04-22 16:32:23.935 +0000" : {
  "main_scheduler" : {
    "bqs" : {
      "00040" : {
        "mmconts" : [201, 201, 201],
        "acts" : [2677, 2677],
        "tstate" : { "idle" : 936976, "run" : 62956, "locked" : 0, "mmap" : 0 }
      },
      "00041" : {
        "mmconts" : [201, 201, 201],
        "acts" : [2706, 2706],
        "tstate" : { "idle" : 936328, "run" : 63605, "locked" : 0, "mmap" : 0 }
      },
      "00042" : {
        "mmconts" : [201, 201, 201],
        "acts" : [2744, 2744],
        "tstate" : { "idle" : 934371, "run" : 65561, "locked" : 0, "mmap" : 0 }
      },
      "00043" : {
        "mmconts" : [201, 201, 201],
        "acts" : [2754, 2754],
        "tstate" : { "idle" : 934429, "run" : 65503, "locked" : 0, "mmap" : 0 }
      },
      "00044" : {
        "mmconts" : [201, 201, 201],
        "acts" : [2874, 2874],
        "tstate" : { "idle" : 931311, "run" : 68526, "locked" : 0, "mmap" : 96 }
      }
    }
  },
  "benchmark_io" : {
    "simple_times" : {
      "mcount" : {
        "mcount" : { "1 -- 2" : 6, "1 -- 1" : 10, "-- 1" : 4567 }
      }
    },
    "stream_method" : {
      "conns" : [4583, 4583],
      "in" : [852438, 852491],
      "out" : [730712, 730758],
      "mmtasks" : [0, 1, 12],
      "load" : 0.188,
      "mcount" : {
        "mcount" : { "Success" : 4583 }
      },
      "http_proto0" : {
        "mcount" : {
          "mcount" : { "OK" : 4583 }
        }
      },
      "source_log" : {
        "delta" : [0, 0, 0]
      },
      "loggers" : {
        "brief_logger" : {
          "records" : [4583, 4583],
          "out" : [231438, 231452]
        }
      }
    }
  }
},
"2023-04-22 16:32:24.935 +0000" : {
  "main_scheduler" : {
    "bqs" : {
      "00040" : {
        "mmconts" : [201, 201, 201],
        "acts" : [2905, 2904],
        "tstate" : { "idle" : 925703, "run" : 74328, "locked" : 0, "mmap" : 0 }
      },
      "00041" : {
        "mmconts" : [201, 201, 201],
        "acts" : [2856, 2855],
        "tstate" : { "idle" : 929817, "run" : 70212, "locked" : 0, "mmap" : 0 }
      },
      "00042" : {
        "mmconts" : [201, 201, 201],
        "acts" : [2881, 2880],
        "tstate" : { "idle" : 927658, "run" : 72372, "locked" : 0, "mmap" : 0 }
      },
      "00043" : {
        "mmconts" : [201, 201, 201],
        "acts" : [2888, 2887],
        "tstate" : { "idle" : 929214, "run" : 70815, "locked" : 0, "mmap" : 0 }
      },
      "00044" : {
        "mmconts" : [201, 201, 201],
        "acts" : [2727, 2726],
        "tstate" : { "idle" : 933461, "run" : 66452, "locked" : 0, "mmap" : 116 }
      }
    }
  },
  "benchmark_io" : {
    "simple_times" : {
      "mcount" : {
        "mcount" : { "1 -- 2" : 11, "1 -- 1" : 21, "-- 1" : 4719 }
      }
    },
    "stream_method" : {
      "conns" : [4751, 4750],
      "in" : [883686, 883666],
      "out" : [757497, 757480],
      "mmtasks" : [0, 1, 14],
      "load" : 0.182,
      "mcount" : {
        "mcount" : { "Success" : 4751 }
      },
      "http_proto0" : {
        "mcount" : {
          "mcount" : { "OK" : 4751 }
        }
      },
      "source_log" : {
        "delta" : [0, 0, 0]
      },
      "loggers" : {
        "brief_logger" : {
          "records" : [4751, 4750],
          "out" : [240241, 240236]
        }
      }
    }
  }
},
"2023-04-22 16:32:25.935 +0000" : {
  "main_scheduler" : {
    "bqs" : {
      "00040" : {
        "mmconts" : [1, 181, 201],
        "acts" : [2938, 2939],
        "tstate" : { "idle" : 924316, "run" : 74040, "locked" : 0, "mmap" : 1232 }
      },
      "00041" : {
        "mmconts" : [0, 180, 201],
        "acts" : [2974, 2975],
        "tstate" : { "idle" : 924790, "run" : 74006, "locked" : 0, "mmap" : 793 }
      },
      "00042" : {
        "mmconts" : [2, 181, 201],
        "acts" : [2930, 2931],
        "tstate" : { "idle" : 922007, "run" : 76553, "locked" : 0, "mmap" : 1028 }
      },
      "00043" : {
        "mmconts" : [1, 182, 201],
        "acts" : [2950, 2951],
        "tstate" : { "idle" : 924576, "run" : 74035, "locked" : 0, "mmap" : 978 }
      },
      "00044" : {
        "mmconts" : [0, 177, 201],
        "acts" : [2955, 2956],
        "tstate" : { "idle" : 925007, "run" : 73943, "locked" : 0, "mmap" : 639 }
      }
    }
  },
  "benchmark_io" : {
    "simple_times" : {
      "mcount" : {
        "mcount" : { "1 -- 2" : 5, "1 -- 1" : 38, "-- 1" : 4872 }
      }
    },
    "stream_method" : {
      "conns" : [4915, 4917],
      "in" : [914190, 914566],
      "out" : [783643, 783965],
      "mmtasks" : [0, 1, 14],
      "load" : 0.181,
      "mcount" : {
        "mcount" : { "Success" : 4915 }
      },
      "http_proto0" : {
        "mcount" : {
          "mcount" : { "OK" : 4915 }
        }
      },
      "source_log" : {
        "delta" : [0, 0, 0]
      },
      "loggers" : {
        "brief_logger" : {
          "records" : [4915, 4917],
          "out" : [248743, 248845]
        }
      }
    }
  }
}